[2026-03-26T19:30:38.734+0000] {manager.py:483} INFO - Processing files using up to 1 processes at a time 
[2026-03-26T19:30:38.734+0000] {manager.py:484} INFO - Process each file at most once every 30 seconds
[2026-03-26T19:30:38.734+0000] {manager.py:485} INFO - Checking for new files in /home/ec2-user/environment/lab4_model_training/dags every 300 seconds
[2026-03-26T19:30:38.735+0000] {manager.py:821} INFO - Searching for files in /home/ec2-user/environment/lab4_model_training/dags
[2026-03-26T19:30:38.736+0000] {manager.py:824} INFO - There are 3 files in /home/ec2-user/environment/lab4_model_training/dags
[2026-03-26T19:30:40.380+0000] {manager.py:997} INFO - 
================================================================================
DAG File Processing Stats

File Path                                                                 PID    Runtime      # DAGs    # Errors  Last Runtime    Last Run               Last # of DB Queries
------------------------------------------------------------------------  -----  ---------  --------  ----------  --------------  -------------------  ----------------------
/home/ec2-user/environment/lab4_model_training/dags/generate_data_dag.py                           1           0  1.61s           2026-03-26T19:30:40                      43
/home/ec2-user/environment/lab4_model_training/dags/ml_pipeline_dag.py                             0           0                                                            0
/home/ec2-user/environment/lab4_model_training/dags/train_model_dag.py                             0           0                                                            0
================================================================================
[2026-03-26T19:31:11.928+0000] {manager.py:997} INFO - 
================================================================================
DAG File Processing Stats

File Path                                                                 PID    Runtime      # DAGs    # Errors  Last Runtime    Last Run               Last # of DB Queries
------------------------------------------------------------------------  -----  ---------  --------  ----------  --------------  -------------------  ----------------------
/home/ec2-user/environment/lab4_model_training/dags/ml_pipeline_dag.py                             1           0  1.61s           2026-03-26T19:30:43                      43
/home/ec2-user/environment/lab4_model_training/dags/train_model_dag.py                             1           0  1.61s           2026-03-26T19:30:45                      43
/home/ec2-user/environment/lab4_model_training/dags/generate_data_dag.py                           1           0  1.41s           2026-03-26T19:31:11                      10
================================================================================
[2026-03-26T19:31:43.356+0000] {manager.py:997} INFO - 
================================================================================
DAG File Processing Stats

File Path                                                                 PID    Runtime      # DAGs    # Errors  Last Runtime    Last Run               Last # of DB Queries
------------------------------------------------------------------------  -----  ---------  --------  ----------  --------------  -------------------  ----------------------
/home/ec2-user/environment/lab4_model_training/dags/train_model_dag.py                             1           0  1.51s           2026-03-26T19:31:18                      10
/home/ec2-user/environment/lab4_model_training/dags/ml_pipeline_dag.py                             1           0  1.51s           2026-03-26T19:31:15                      10
/home/ec2-user/environment/lab4_model_training/dags/generate_data_dag.py                           1           0  1.41s           2026-03-26T19:31:43                      10
================================================================================
[2026-03-26T19:32:15.534+0000] {manager.py:997} INFO - 
================================================================================
DAG File Processing Stats

File Path                                                                 PID    Runtime      # DAGs    # Errors  Last Runtime    Last Run               Last # of DB Queries
------------------------------------------------------------------------  -----  ---------  --------  ----------  --------------  -------------------  ----------------------
/home/ec2-user/environment/lab4_model_training/dags/ml_pipeline_dag.py                             1           0  1.51s           2026-03-26T19:31:47                      10
/home/ec2-user/environment/lab4_model_training/dags/train_model_dag.py                             1           0  1.51s           2026-03-26T19:31:49                      10
/home/ec2-user/environment/lab4_model_training/dags/generate_data_dag.py                           1           0  1.41s           2026-03-26T19:32:15                      10
================================================================================
[2026-03-26T19:32:47.745+0000] {manager.py:997} INFO - 
================================================================================
DAG File Processing Stats

File Path                                                                 PID    Runtime      # DAGs    # Errors  Last Runtime    Last Run               Last # of DB Queries
------------------------------------------------------------------------  -----  ---------  --------  ----------  --------------  -------------------  ----------------------
/home/ec2-user/environment/lab4_model_training/dags/ml_pipeline_dag.py                             1           0  1.51s           2026-03-26T19:32:20                      10
/home/ec2-user/environment/lab4_model_training/dags/train_model_dag.py                             1           0  1.51s           2026-03-26T19:32:22                      10
/home/ec2-user/environment/lab4_model_training/dags/generate_data_dag.py                           1           0  1.41s           2026-03-26T19:32:47                      10
================================================================================
[2026-03-26T19:33:19.931+0000] {manager.py:997} INFO - 
================================================================================
DAG File Processing Stats

File Path                                                                 PID    Runtime      # DAGs    # Errors  Last Runtime    Last Run               Last # of DB Queries
------------------------------------------------------------------------  -----  ---------  --------  ----------  --------------  -------------------  ----------------------
/home/ec2-user/environment/lab4_model_training/dags/train_model_dag.py                             1           0  1.51s           2026-03-26T19:32:54                      10
/home/ec2-user/environment/lab4_model_training/dags/ml_pipeline_dag.py                             1           0  1.51s           2026-03-26T19:32:51                      10
/home/ec2-user/environment/lab4_model_training/dags/generate_data_dag.py                           1           0  1.41s           2026-03-26T19:33:19                      10
================================================================================
[2026-03-26T19:33:51.736+0000] {manager.py:997} INFO - 
================================================================================
DAG File Processing Stats

File Path                                                                 PID    Runtime      # DAGs    # Errors  Last Runtime    Last Run               Last # of DB Queries
------------------------------------------------------------------------  -----  ---------  --------  ----------  --------------  -------------------  ----------------------
/home/ec2-user/environment/lab4_model_training/dags/generate_data_dag.py                           1           0  1.61s           2026-03-26T19:33:51                      10
/home/ec2-user/environment/lab4_model_training/dags/train_model_dag.py                             1           0  1.51s           2026-03-26T19:33:25                      10
/home/ec2-user/environment/lab4_model_training/dags/ml_pipeline_dag.py                             1           0  1.51s           2026-03-26T19:33:23                      10
================================================================================
[2026-03-26T19:34:24.003+0000] {manager.py:997} INFO - 
================================================================================
DAG File Processing Stats

File Path                                                                 PID    Runtime      # DAGs    # Errors  Last Runtime    Last Run               Last # of DB Queries
------------------------------------------------------------------------  -----  ---------  --------  ----------  --------------  -------------------  ----------------------
/home/ec2-user/environment/lab4_model_training/dags/train_model_dag.py                             1           0  1.51s           2026-03-26T19:33:57                      10
/home/ec2-user/environment/lab4_model_training/dags/ml_pipeline_dag.py                             1           0  1.51s           2026-03-26T19:33:54                      10
/home/ec2-user/environment/lab4_model_training/dags/generate_data_dag.py                           1           0  1.41s           2026-03-26T19:34:24                      10
================================================================================
[2026-03-26T19:34:55.629+0000] {manager.py:997} INFO - 
================================================================================
DAG File Processing Stats

File Path                                                                 PID    Runtime      # DAGs    # Errors  Last Runtime    Last Run               Last # of DB Queries
------------------------------------------------------------------------  -----  ---------  --------  ----------  --------------  -------------------  ----------------------
/home/ec2-user/environment/lab4_model_training/dags/ml_pipeline_dag.py                             1           0  1.51s           2026-03-26T19:34:26                      10
/home/ec2-user/environment/lab4_model_training/dags/train_model_dag.py                             1           0  1.51s           2026-03-26T19:34:28                      10
/home/ec2-user/environment/lab4_model_training/dags/generate_data_dag.py                           1           0  1.41s           2026-03-26T19:34:55                      10
================================================================================
[2026-03-26T19:35:27.264+0000] {manager.py:997} INFO - 
================================================================================
DAG File Processing Stats

File Path                                                                 PID    Runtime      # DAGs    # Errors  Last Runtime    Last Run               Last # of DB Queries
------------------------------------------------------------------------  -----  ---------  --------  ----------  --------------  -------------------  ----------------------
/home/ec2-user/environment/lab4_model_training/dags/train_model_dag.py                             1           0  1.51s           2026-03-26T19:35:00                      10
/home/ec2-user/environment/lab4_model_training/dags/ml_pipeline_dag.py                             1           0  1.51s           2026-03-26T19:34:58                      10
/home/ec2-user/environment/lab4_model_training/dags/generate_data_dag.py                           1           0  1.41s           2026-03-26T19:35:27                      10
================================================================================
[2026-03-26T19:35:38.836+0000] {manager.py:821} INFO - Searching for files in /home/ec2-user/environment/lab4_model_training/dags
[2026-03-26T19:35:38.838+0000] {manager.py:824} INFO - There are 3 files in /home/ec2-user/environment/lab4_model_training/dags
[2026-03-26T19:35:58.890+0000] {manager.py:997} INFO - 
================================================================================
DAG File Processing Stats

File Path                                                                 PID    Runtime      # DAGs    # Errors  Last Runtime    Last Run               Last # of DB Queries
------------------------------------------------------------------------  -----  ---------  --------  ----------  --------------  -------------------  ----------------------
/home/ec2-user/environment/lab4_model_training/dags/train_model_dag.py                             1           0  1.51s           2026-03-26T19:35:32                      10
/home/ec2-user/environment/lab4_model_training/dags/ml_pipeline_dag.py                             1           0  1.51s           2026-03-26T19:35:29                      10
/home/ec2-user/environment/lab4_model_training/dags/generate_data_dag.py                           1           0  1.41s           2026-03-26T19:35:58                      10
================================================================================
[2026-03-26T19:36:30.542+0000] {manager.py:997} INFO - 
================================================================================
DAG File Processing Stats

File Path                                                                 PID    Runtime      # DAGs    # Errors  Last Runtime    Last Run               Last # of DB Queries
------------------------------------------------------------------------  -----  ---------  --------  ----------  --------------  -------------------  ----------------------
/home/ec2-user/environment/lab4_model_training/dags/ml_pipeline_dag.py                             1           0  1.51s           2026-03-26T19:36:01                      10
/home/ec2-user/environment/lab4_model_training/dags/train_model_dag.py                             1           0  1.51s           2026-03-26T19:36:03                      10
/home/ec2-user/environment/lab4_model_training/dags/generate_data_dag.py                           1           0  1.41s           2026-03-26T19:36:30                      10
================================================================================
[2026-03-26T19:37:02.178+0000] {manager.py:997} INFO - 
================================================================================
DAG File Processing Stats

File Path                                                                 PID    Runtime      # DAGs    # Errors  Last Runtime    Last Run               Last # of DB Queries
------------------------------------------------------------------------  -----  ---------  --------  ----------  --------------  -------------------  ----------------------
/home/ec2-user/environment/lab4_model_training/dags/train_model_dag.py                             1           0  1.51s           2026-03-26T19:36:35                      10
/home/ec2-user/environment/lab4_model_training/dags/ml_pipeline_dag.py                             1           0  1.51s           2026-03-26T19:36:32                      10
/home/ec2-user/environment/lab4_model_training/dags/generate_data_dag.py                           1           0  1.41s           2026-03-26T19:37:02                      10
================================================================================
[2026-03-26T19:37:33.819+0000] {manager.py:997} INFO - 
================================================================================
DAG File Processing Stats

File Path                                                                 PID    Runtime      # DAGs    # Errors  Last Runtime    Last Run               Last # of DB Queries
------------------------------------------------------------------------  -----  ---------  --------  ----------  --------------  -------------------  ----------------------
/home/ec2-user/environment/lab4_model_training/dags/train_model_dag.py                             1           0  1.71s           2026-03-26T19:37:07                      10
/home/ec2-user/environment/lab4_model_training/dags/generate_data_dag.py                           1           0  1.41s           2026-03-26T19:37:33                      10
/home/ec2-user/environment/lab4_model_training/dags/ml_pipeline_dag.py                             1           0  1.41s           2026-03-26T19:37:04                      10
================================================================================
[2026-03-26T19:38:05.453+0000] {manager.py:997} INFO - 
================================================================================
DAG File Processing Stats

File Path                                                                 PID    Runtime      # DAGs    # Errors  Last Runtime    Last Run               Last # of DB Queries
------------------------------------------------------------------------  -----  ---------  --------  ----------  --------------  -------------------  ----------------------
/home/ec2-user/environment/lab4_model_training/dags/ml_pipeline_dag.py                             1           0  1.51s           2026-03-26T19:37:35                      10
/home/ec2-user/environment/lab4_model_training/dags/generate_data_dag.py                           1           0  1.41s           2026-03-26T19:38:05                      10
/home/ec2-user/environment/lab4_model_training/dags/train_model_dag.py                             1           0  1.41s           2026-03-26T19:37:38                      10
================================================================================
[2026-03-26T19:38:37.077+0000] {manager.py:997} INFO - 
================================================================================
DAG File Processing Stats

File Path                                                                 PID    Runtime      # DAGs    # Errors  Last Runtime    Last Run               Last # of DB Queries
------------------------------------------------------------------------  -----  ---------  --------  ----------  --------------  -------------------  ----------------------
/home/ec2-user/environment/lab4_model_training/dags/ml_pipeline_dag.py                             1           0  1.51s           2026-03-26T19:38:07                      10
/home/ec2-user/environment/lab4_model_training/dags/train_model_dag.py                             1           0  1.51s           2026-03-26T19:38:10                      10
/home/ec2-user/environment/lab4_model_training/dags/generate_data_dag.py                           1           0  1.41s           2026-03-26T19:38:37                      10
================================================================================
[2026-03-26T19:39:08.722+0000] {manager.py:997} INFO - 
================================================================================
DAG File Processing Stats

File Path                                                                 PID    Runtime      # DAGs    # Errors  Last Runtime    Last Run               Last # of DB Queries
------------------------------------------------------------------------  -----  ---------  --------  ----------  --------------  -------------------  ----------------------
/home/ec2-user/environment/lab4_model_training/dags/ml_pipeline_dag.py                             1           0  1.51s           2026-03-26T19:38:39                      10
/home/ec2-user/environment/lab4_model_training/dags/train_model_dag.py                             1           0  1.51s           2026-03-26T19:38:41                      10
/home/ec2-user/environment/lab4_model_training/dags/generate_data_dag.py                           1           0  1.41s           2026-03-26T19:39:08                      10
================================================================================
[2026-03-26T19:39:40.723+0000] {manager.py:997} INFO - 
================================================================================
DAG File Processing Stats

File Path                                                                 PID    Runtime      # DAGs    # Errors  Last Runtime    Last Run               Last # of DB Queries
------------------------------------------------------------------------  -----  ---------  --------  ----------  --------------  -------------------  ----------------------
/home/ec2-user/environment/lab4_model_training/dags/train_model_dag.py                             1           0  2.80s           2026-03-26T19:39:14                      10
/home/ec2-user/environment/lab4_model_training/dags/generate_data_dag.py                           1           0  1.81s           2026-03-26T19:39:40                      10
/home/ec2-user/environment/lab4_model_training/dags/ml_pipeline_dag.py                             1           0  1.61s           2026-03-26T19:39:10                      10
================================================================================
[2026-03-26T19:40:12.788+0000] {manager.py:997} INFO - 
================================================================================
DAG File Processing Stats

File Path                                                                 PID    Runtime      # DAGs    # Errors  Last Runtime    Last Run               Last # of DB Queries
------------------------------------------------------------------------  -----  ---------  --------  ----------  --------------  -------------------  ----------------------
/home/ec2-user/environment/lab4_model_training/dags/generate_data_dag.py                           1           0  1.61s           2026-03-26T19:40:12                      10
/home/ec2-user/environment/lab4_model_training/dags/ml_pipeline_dag.py                             1           0  1.41s           2026-03-26T19:39:42                      10
/home/ec2-user/environment/lab4_model_training/dags/train_model_dag.py                             1           0  1.41s           2026-03-26T19:39:45                      10
================================================================================
[2026-03-26T19:40:39.196+0000] {manager.py:821} INFO - Searching for files in /home/ec2-user/environment/lab4_model_training/dags
[2026-03-26T19:40:39.198+0000] {manager.py:824} INFO - There are 4 files in /home/ec2-user/environment/lab4_model_training/dags
[2026-03-26T19:40:44.196+0000] {manager.py:997} INFO - 
================================================================================
DAG File Processing Stats

File Path                                                                       PID    Runtime      # DAGs    # Errors  Last Runtime    Last Run               Last # of DB Queries
------------------------------------------------------------------------------  -----  ---------  --------  ----------  --------------  -------------------  ----------------------
/home/ec2-user/environment/lab4_model_training/dags/ml_training_pipeline_v2.py                           1           0  2.21s           2026-03-26T19:40:41                      43
/home/ec2-user/environment/lab4_model_training/dags/train_model_dag.py                                   1           0  1.41s           2026-03-26T19:40:17                      10
/home/ec2-user/environment/lab4_model_training/dags/ml_pipeline_dag.py                                   1           0  1.41s           2026-03-26T19:40:15                      10
/home/ec2-user/environment/lab4_model_training/dags/generate_data_dag.py                                 1           0  1.31s           2026-03-26T19:40:44                      10
================================================================================
[2026-03-26T19:41:15.597+0000] {manager.py:997} INFO - 
================================================================================
DAG File Processing Stats

File Path                                                                       PID    Runtime      # DAGs    # Errors  Last Runtime    Last Run               Last # of DB Queries
------------------------------------------------------------------------------  -----  ---------  --------  ----------  --------------  -------------------  ----------------------
/home/ec2-user/environment/lab4_model_training/dags/ml_training_pipeline_v2.py                           1           0  1.41s           2026-03-26T19:41:13                      10
/home/ec2-user/environment/lab4_model_training/dags/train_model_dag.py                                   1           0  1.41s           2026-03-26T19:40:50                      10
/home/ec2-user/environment/lab4_model_training/dags/ml_pipeline_dag.py                                   1           0  1.41s           2026-03-26T19:40:47                      10
/home/ec2-user/environment/lab4_model_training/dags/generate_data_dag.py                                 1           0  1.31s           2026-03-26T19:41:15                      10
================================================================================
[2026-03-26T19:41:45.598+0000] {manager.py:997} INFO - 
================================================================================
DAG File Processing Stats

File Path                                                                       PID    Runtime      # DAGs    # Errors  Last Runtime    Last Run               Last # of DB Queries
------------------------------------------------------------------------------  -----  ---------  --------  ----------  --------------  -------------------  ----------------------
/home/ec2-user/environment/lab4_model_training/dags/ml_training_pipeline_v2.py                           1           0  1.81s           2026-03-26T19:41:45                      10
/home/ec2-user/environment/lab4_model_training/dags/ml_pipeline_dag.py                                   1           0  1.41s           2026-03-26T19:41:19                      10
/home/ec2-user/environment/lab4_model_training/dags/train_model_dag.py                                   1           0  1.41s           2026-03-26T19:41:21                      10
/home/ec2-user/environment/lab4_model_training/dags/generate_data_dag.py                                 1           0  1.31s           2026-03-26T19:41:15                      10
================================================================================
[2026-03-26T19:42:08.944+0000] {manager.py:465} INFO - Exiting gracefully upon receiving signal 15
[2026-03-26T19:44:03.275+0000] {manager.py:483} INFO - Processing files using up to 1 processes at a time 
[2026-03-26T19:44:03.277+0000] {manager.py:484} INFO - Process each file at most once every 30 seconds
[2026-03-26T19:44:03.278+0000] {manager.py:485} INFO - Checking for new files in /home/ec2-user/environment/lab4_model_training/dags every 300 seconds
[2026-03-26T19:44:03.279+0000] {manager.py:821} INFO - Searching for files in /home/ec2-user/environment/lab4_model_training/dags
[2026-03-26T19:44:03.282+0000] {manager.py:824} INFO - There are 4 files in /home/ec2-user/environment/lab4_model_training/dags
[2026-03-26T19:44:04.866+0000] {manager.py:997} INFO - 
================================================================================
DAG File Processing Stats

File Path                                                                       PID    Runtime      # DAGs    # Errors  Last Runtime    Last Run               Last # of DB Queries
------------------------------------------------------------------------------  -----  ---------  --------  ----------  --------------  -------------------  ----------------------
/home/ec2-user/environment/lab4_model_training/dags/ml_training_pipeline_v2.py                           1           0  1.53s           2026-03-26T19:44:04                      10
/home/ec2-user/environment/lab4_model_training/dags/generate_data_dag.py                                 0           0                                                            0
/home/ec2-user/environment/lab4_model_training/dags/ml_pipeline_dag.py                                   0           0                                                            0
/home/ec2-user/environment/lab4_model_training/dags/train_model_dag.py                                   0           0                                                            0
================================================================================
[2026-03-26T19:44:36.426+0000] {manager.py:997} INFO - 
================================================================================
DAG File Processing Stats

File Path                                                                       PID    Runtime      # DAGs    # Errors  Last Runtime    Last Run               Last # of DB Queries
------------------------------------------------------------------------------  -----  ---------  --------  ----------  --------------  -------------------  ----------------------
/home/ec2-user/environment/lab4_model_training/dags/ml_pipeline_dag.py                                   1           0  1.51s           2026-03-26T19:44:09                      10
/home/ec2-user/environment/lab4_model_training/dags/ml_training_pipeline_v2.py                           1           0  1.51s           2026-03-26T19:44:36                      10
/home/ec2-user/environment/lab4_model_training/dags/train_model_dag.py                                   1           0  1.51s           2026-03-26T19:44:12                      10
/home/ec2-user/environment/lab4_model_training/dags/generate_data_dag.py                                 1           0  1.41s           2026-03-26T19:44:07                      10
================================================================================
[2026-03-26T19:45:08.112+0000] {manager.py:997} INFO - 
================================================================================
DAG File Processing Stats

File Path                                                                       PID    Runtime      # DAGs    # Errors  Last Runtime    Last Run               Last # of DB Queries
------------------------------------------------------------------------------  -----  ---------  --------  ----------  --------------  -------------------  ----------------------
/home/ec2-user/environment/lab4_model_training/dags/train_model_dag.py                                   1           0  2.31s           2026-03-26T19:44:45                      10
/home/ec2-user/environment/lab4_model_training/dags/ml_pipeline_dag.py                                   1           0  2.12s           2026-03-26T19:44:42                      10
/home/ec2-user/environment/lab4_model_training/dags/ml_training_pipeline_v2.py                           1           0  1.51s           2026-03-26T19:45:08                      10
/home/ec2-user/environment/lab4_model_training/dags/generate_data_dag.py                                 1           0  1.41s           2026-03-26T19:44:38                      10
================================================================================
[2026-03-26T19:45:39.705+0000] {manager.py:997} INFO - 
================================================================================
DAG File Processing Stats

File Path                                                                       PID    Runtime      # DAGs    # Errors  Last Runtime    Last Run               Last # of DB Queries
------------------------------------------------------------------------------  -----  ---------  --------  ----------  --------------  -------------------  ----------------------
/home/ec2-user/environment/lab4_model_training/dags/ml_pipeline_dag.py                                   1           0  1.51s           2026-03-26T19:45:14                      10
/home/ec2-user/environment/lab4_model_training/dags/ml_training_pipeline_v2.py                           1           0  1.51s           2026-03-26T19:45:39                      10
/home/ec2-user/environment/lab4_model_training/dags/train_model_dag.py                                   1           0  1.51s           2026-03-26T19:45:17                      10
/home/ec2-user/environment/lab4_model_training/dags/generate_data_dag.py                                 1           0  1.41s           2026-03-26T19:45:10                      10
================================================================================
[2026-03-26T19:46:11.297+0000] {manager.py:997} INFO - 
================================================================================
DAG File Processing Stats

File Path                                                                       PID    Runtime      # DAGs    # Errors  Last Runtime    Last Run               Last # of DB Queries
------------------------------------------------------------------------------  -----  ---------  --------  ----------  --------------  -------------------  ----------------------
/home/ec2-user/environment/lab4_model_training/dags/ml_pipeline_dag.py                                   1           0  1.61s           2026-03-26T19:45:45                      10
/home/ec2-user/environment/lab4_model_training/dags/ml_training_pipeline_v2.py                           1           0  1.51s           2026-03-26T19:46:11                      10
/home/ec2-user/environment/lab4_model_training/dags/train_model_dag.py                                   1           0  1.51s           2026-03-26T19:45:48                      10
/home/ec2-user/environment/lab4_model_training/dags/generate_data_dag.py                                 1           0  1.41s           2026-03-26T19:45:42                      10
================================================================================
[2026-03-26T19:46:43.285+0000] {manager.py:997} INFO - 
================================================================================
DAG File Processing Stats

File Path                                                                       PID    Runtime      # DAGs    # Errors  Last Runtime    Last Run               Last # of DB Queries
------------------------------------------------------------------------------  -----  ---------  --------  ----------  --------------  -------------------  ----------------------
/home/ec2-user/environment/lab4_model_training/dags/ml_training_pipeline_v2.py                           1           0  1.61s           2026-03-26T19:46:43                      10
/home/ec2-user/environment/lab4_model_training/dags/train_model_dag.py                                   1           0  1.51s           2026-03-26T19:46:20                      10
/home/ec2-user/environment/lab4_model_training/dags/ml_pipeline_dag.py                                   1           0  1.51s           2026-03-26T19:46:17                      10
/home/ec2-user/environment/lab4_model_training/dags/generate_data_dag.py                                 1           0  1.41s           2026-03-26T19:46:13                      10
================================================================================
[2026-03-26T19:47:15.558+0000] {manager.py:997} INFO - 
================================================================================
DAG File Processing Stats

File Path                                                                       PID    Runtime      # DAGs    # Errors  Last Runtime    Last Run               Last # of DB Queries
------------------------------------------------------------------------------  -----  ---------  --------  ----------  --------------  -------------------  ----------------------
/home/ec2-user/environment/lab4_model_training/dags/train_model_dag.py                                   1           0  1.51s           2026-03-26T19:46:51                      10
/home/ec2-user/environment/lab4_model_training/dags/ml_training_pipeline_v2.py                           1           0  1.51s           2026-03-26T19:47:15                      10
/home/ec2-user/environment/lab4_model_training/dags/ml_pipeline_dag.py                                   1           0  1.51s           2026-03-26T19:46:50                      10
/home/ec2-user/environment/lab4_model_training/dags/generate_data_dag.py                                 1           0  1.41s           2026-03-26T19:46:45                      10
================================================================================
[2026-03-26T19:47:47.328+0000] {manager.py:997} INFO - 
================================================================================
DAG File Processing Stats

File Path                                                                       PID    Runtime      # DAGs    # Errors  Last Runtime    Last Run               Last # of DB Queries
------------------------------------------------------------------------------  -----  ---------  --------  ----------  --------------  -------------------  ----------------------
/home/ec2-user/environment/lab4_model_training/dags/ml_training_pipeline_v2.py                           1           0  1.61s           2026-03-26T19:47:47                      10
/home/ec2-user/environment/lab4_model_training/dags/train_model_dag.py                                   1           0  1.51s           2026-03-26T19:47:24                      10
/home/ec2-user/environment/lab4_model_training/dags/ml_pipeline_dag.py                                   1           0  1.51s           2026-03-26T19:47:22                      10
/home/ec2-user/environment/lab4_model_training/dags/generate_data_dag.py                                 1           0  1.41s           2026-03-26T19:47:17                      10
================================================================================
[2026-03-26T19:48:19.098+0000] {manager.py:997} INFO - 
================================================================================
DAG File Processing Stats

File Path                                                                       PID    Runtime      # DAGs    # Errors  Last Runtime    Last Run               Last # of DB Queries
------------------------------------------------------------------------------  -----  ---------  --------  ----------  --------------  -------------------  ----------------------
/home/ec2-user/environment/lab4_model_training/dags/generate_data_dag.py                                 1           0  1.51s           2026-03-26T19:47:49                      10
/home/ec2-user/environment/lab4_model_training/dags/ml_pipeline_dag.py                                   1           0  1.51s           2026-03-26T19:47:54                      10
/home/ec2-user/environment/lab4_model_training/dags/train_model_dag.py                                   1           0  1.51s           2026-03-26T19:47:56                      10
/home/ec2-user/environment/lab4_model_training/dags/ml_training_pipeline_v2.py                           1           0  1.51s           2026-03-26T19:48:19                      10
================================================================================
[2026-03-26T19:48:50.869+0000] {manager.py:997} INFO - 
================================================================================
DAG File Processing Stats

File Path                                                                       PID    Runtime      # DAGs    # Errors  Last Runtime    Last Run               Last # of DB Queries
------------------------------------------------------------------------------  -----  ---------  --------  ----------  --------------  -------------------  ----------------------
/home/ec2-user/environment/lab4_model_training/dags/ml_training_pipeline_v2.py                           1           0  1.51s           2026-03-26T19:48:50                      10
/home/ec2-user/environment/lab4_model_training/dags/ml_pipeline_dag.py                                   1           0  1.51s           2026-03-26T19:48:25                      10
/home/ec2-user/environment/lab4_model_training/dags/train_model_dag.py                                   1           0  1.51s           2026-03-26T19:48:28                      10
/home/ec2-user/environment/lab4_model_training/dags/generate_data_dag.py                                 1           0  1.51s           2026-03-26T19:48:21                      10
================================================================================
[2026-03-26T19:49:03.341+0000] {manager.py:821} INFO - Searching for files in /home/ec2-user/environment/lab4_model_training/dags
[2026-03-26T19:49:03.343+0000] {manager.py:824} INFO - There are 4 files in /home/ec2-user/environment/lab4_model_training/dags
[2026-03-26T19:49:22.514+0000] {manager.py:997} INFO - 
================================================================================
DAG File Processing Stats

File Path                                                                       PID    Runtime      # DAGs    # Errors  Last Runtime    Last Run               Last # of DB Queries
------------------------------------------------------------------------------  -----  ---------  --------  ----------  --------------  -------------------  ----------------------
/home/ec2-user/environment/lab4_model_training/dags/ml_training_pipeline_v2.py                           1           0  1.51s           2026-03-26T19:49:22                      10
/home/ec2-user/environment/lab4_model_training/dags/ml_pipeline_dag.py                                   1           0  1.51s           2026-03-26T19:48:57                      10
/home/ec2-user/environment/lab4_model_training/dags/train_model_dag.py                                   1           0  1.51s           2026-03-26T19:48:59                      10
/home/ec2-user/environment/lab4_model_training/dags/generate_data_dag.py                                 1           0  1.41s           2026-03-26T19:48:53                      10
================================================================================
[2026-03-26T19:49:54.081+0000] {manager.py:997} INFO - 
================================================================================
DAG File Processing Stats

File Path                                                                       PID    Runtime      # DAGs    # Errors  Last Runtime    Last Run               Last # of DB Queries
------------------------------------------------------------------------------  -----  ---------  --------  ----------  --------------  -------------------  ----------------------
/home/ec2-user/environment/lab4_model_training/dags/ml_pipeline_dag.py                                   1           0  1.51s           2026-03-26T19:49:28                      10
/home/ec2-user/environment/lab4_model_training/dags/train_model_dag.py                                   1           0  1.51s           2026-03-26T19:49:31                      10
/home/ec2-user/environment/lab4_model_training/dags/ml_training_pipeline_v2.py                           1           0  1.51s           2026-03-26T19:49:54                      10
/home/ec2-user/environment/lab4_model_training/dags/generate_data_dag.py                                 1           0  1.41s           2026-03-26T19:49:24                      10
================================================================================
[2026-03-26T19:50:25.744+0000] {manager.py:997} INFO - 
================================================================================
DAG File Processing Stats

File Path                                                                       PID    Runtime      # DAGs    # Errors  Last Runtime    Last Run               Last # of DB Queries
------------------------------------------------------------------------------  -----  ---------  --------  ----------  --------------  -------------------  ----------------------
/home/ec2-user/environment/lab4_model_training/dags/ml_training_pipeline_v2.py                           1           0  1.61s           2026-03-26T19:50:25                      10
/home/ec2-user/environment/lab4_model_training/dags/train_model_dag.py                                   1           0  1.51s           2026-03-26T19:50:02                      10
/home/ec2-user/environment/lab4_model_training/dags/ml_pipeline_dag.py                                   1           0  1.51s           2026-03-26T19:50:00                      10
/home/ec2-user/environment/lab4_model_training/dags/generate_data_dag.py                                 1           0  1.41s           2026-03-26T19:49:56                      10
================================================================================
[2026-03-26T19:50:58.332+0000] {manager.py:997} INFO - 
================================================================================
DAG File Processing Stats

File Path                                                                       PID    Runtime      # DAGs    # Errors  Last Runtime    Last Run               Last # of DB Queries
------------------------------------------------------------------------------  -----  ---------  --------  ----------  --------------  -------------------  ----------------------
/home/ec2-user/environment/lab4_model_training/dags/ml_training_pipeline_v2.py                           1           0  1.61s           2026-03-26T19:50:58                      10
/home/ec2-user/environment/lab4_model_training/dags/ml_pipeline_dag.py                                   1           0  1.51s           2026-03-26T19:50:31                      10
/home/ec2-user/environment/lab4_model_training/dags/train_model_dag.py                                   1           0  1.51s           2026-03-26T19:50:34                      10
/home/ec2-user/environment/lab4_model_training/dags/generate_data_dag.py                                 1           0  1.41s           2026-03-26T19:50:28                      10
================================================================================
[2026-03-26T19:51:32.419+0000] {manager.py:997} INFO - 
================================================================================
DAG File Processing Stats

File Path                                                                       PID    Runtime      # DAGs    # Errors  Last Runtime    Last Run               Last # of DB Queries
------------------------------------------------------------------------------  -----  ---------  --------  ----------  --------------  -------------------  ----------------------
/home/ec2-user/environment/lab4_model_training/dags/ml_training_pipeline_v2.py                           1           0  1.61s           2026-03-26T19:51:32                      10
/home/ec2-user/environment/lab4_model_training/dags/generate_data_dag.py                                 1           0  1.51s           2026-03-26T19:51:00                      10
/home/ec2-user/environment/lab4_model_training/dags/train_model_dag.py                                   1           0  1.51s           2026-03-26T19:51:06                      10
/home/ec2-user/environment/lab4_model_training/dags/ml_pipeline_dag.py                                   1           0  1.51s           2026-03-26T19:51:03                      10
================================================================================
[2026-03-26T19:52:04.403+0000] {manager.py:997} INFO - 
================================================================================
DAG File Processing Stats

File Path                                                                       PID    Runtime      # DAGs    # Errors  Last Runtime    Last Run               Last # of DB Queries
------------------------------------------------------------------------------  -----  ---------  --------  ----------  --------------  -------------------  ----------------------
/home/ec2-user/environment/lab4_model_training/dags/train_model_dag.py                                   1           0  1.51s           2026-03-26T19:51:45                      10
/home/ec2-user/environment/lab4_model_training/dags/ml_pipeline_dag.py                                   1           0  1.51s           2026-03-26T19:51:43                      10
/home/ec2-user/environment/lab4_model_training/dags/ml_training_pipeline_v2.py                           1           0  1.51s           2026-03-26T19:52:04                      10
/home/ec2-user/environment/lab4_model_training/dags/generate_data_dag.py                                 1           0  1.41s           2026-03-26T19:51:37                      10
================================================================================
[2026-03-26T19:52:36.600+0000] {manager.py:997} INFO - 
================================================================================
DAG File Processing Stats

File Path                                                                       PID    Runtime      # DAGs    # Errors  Last Runtime    Last Run               Last # of DB Queries
------------------------------------------------------------------------------  -----  ---------  --------  ----------  --------------  -------------------  ----------------------
/home/ec2-user/environment/lab4_model_training/dags/ml_pipeline_dag.py                                   1           0  1.51s           2026-03-26T19:52:15                      10
/home/ec2-user/environment/lab4_model_training/dags/train_model_dag.py                                   1           0  1.51s           2026-03-26T19:52:17                      10
/home/ec2-user/environment/lab4_model_training/dags/generate_data_dag.py                                 1           0  1.42s           2026-03-26T19:52:09                      10
/home/ec2-user/environment/lab4_model_training/dags/ml_training_pipeline_v2.py                           1           0  1.41s           2026-03-26T19:52:36                      10
================================================================================
[2026-03-26T19:53:08.279+0000] {manager.py:997} INFO - 
================================================================================
DAG File Processing Stats

File Path                                                                       PID    Runtime      # DAGs    # Errors  Last Runtime    Last Run               Last # of DB Queries
------------------------------------------------------------------------------  -----  ---------  --------  ----------  --------------  -------------------  ----------------------
/home/ec2-user/environment/lab4_model_training/dags/ml_training_pipeline_v2.py                           1           0  1.62s           2026-03-26T19:53:08                      10
/home/ec2-user/environment/lab4_model_training/dags/train_model_dag.py                                   1           0  1.41s           2026-03-26T19:52:49                      10
/home/ec2-user/environment/lab4_model_training/dags/generate_data_dag.py                                 1           0  1.41s           2026-03-26T19:52:41                      10
/home/ec2-user/environment/lab4_model_training/dags/ml_pipeline_dag.py                                   1           0  1.41s           2026-03-26T19:52:47                      10
================================================================================
[2026-03-26T19:53:39.855+0000] {manager.py:997} INFO - 
================================================================================
DAG File Processing Stats

File Path                                                                       PID    Runtime      # DAGs    # Errors  Last Runtime    Last Run               Last # of DB Queries
------------------------------------------------------------------------------  -----  ---------  --------  ----------  --------------  -------------------  ----------------------
/home/ec2-user/environment/lab4_model_training/dags/ml_training_pipeline_v2.py                           1           0  1.51s           2026-03-26T19:53:39                      10
/home/ec2-user/environment/lab4_model_training/dags/generate_data_dag.py                                 1           0  1.41s           2026-03-26T19:53:13                      10
/home/ec2-user/environment/lab4_model_training/dags/train_model_dag.py                                   1           0  1.41s           2026-03-26T19:53:20                      10
/home/ec2-user/environment/lab4_model_training/dags/ml_pipeline_dag.py                                   1           0  1.41s           2026-03-26T19:53:19                      10
================================================================================
[2026-03-26T19:54:04.286+0000] {manager.py:821} INFO - Searching for files in /home/ec2-user/environment/lab4_model_training/dags
[2026-03-26T19:54:04.288+0000] {manager.py:824} INFO - There are 4 files in /home/ec2-user/environment/lab4_model_training/dags
[2026-03-26T19:54:11.422+0000] {manager.py:997} INFO - 
================================================================================
DAG File Processing Stats

File Path                                                                       PID    Runtime      # DAGs    # Errors  Last Runtime    Last Run               Last # of DB Queries
------------------------------------------------------------------------------  -----  ---------  --------  ----------  --------------  -------------------  ----------------------
/home/ec2-user/environment/lab4_model_training/dags/ml_pipeline_dag.py                                   1           0  1.61s           2026-03-26T19:53:50                      10
/home/ec2-user/environment/lab4_model_training/dags/ml_training_pipeline_v2.py                           1           0  1.51s           2026-03-26T19:54:11                      10
/home/ec2-user/environment/lab4_model_training/dags/generate_data_dag.py                                 1           0  1.41s           2026-03-26T19:53:44                      10
/home/ec2-user/environment/lab4_model_training/dags/train_model_dag.py                                   1           0  1.41s           2026-03-26T19:53:52                      10
================================================================================
[2026-03-26T19:54:42.750+0000] {manager.py:997} INFO - 
================================================================================
DAG File Processing Stats

File Path                                                                       PID    Runtime      # DAGs    # Errors  Last Runtime    Last Run               Last # of DB Queries
------------------------------------------------------------------------------  -----  ---------  --------  ----------  --------------  -------------------  ----------------------
/home/ec2-user/environment/lab4_model_training/dags/generate_data_dag.py                                 1           0  1.41s           2026-03-26T19:54:16                      10
/home/ec2-user/environment/lab4_model_training/dags/ml_pipeline_dag.py                                   1           0  1.41s           2026-03-26T19:54:23                      10
/home/ec2-user/environment/lab4_model_training/dags/train_model_dag.py                                   1           0  1.41s           2026-03-26T19:54:25                      10
/home/ec2-user/environment/lab4_model_training/dags/ml_training_pipeline_v2.py                           1           0  1.41s           2026-03-26T19:54:42                      10
================================================================================
[2026-03-26T19:55:14.223+0000] {manager.py:997} INFO - 
================================================================================
DAG File Processing Stats

File Path                                                                       PID    Runtime      # DAGs    # Errors  Last Runtime    Last Run               Last # of DB Queries
------------------------------------------------------------------------------  -----  ---------  --------  ----------  --------------  -------------------  ----------------------
/home/ec2-user/environment/lab4_model_training/dags/ml_training_pipeline_v2.py                           1           0  1.41s           2026-03-26T19:55:14                      10
/home/ec2-user/environment/lab4_model_training/dags/ml_pipeline_dag.py                                   1           0  1.41s           2026-03-26T19:54:54                      10
/home/ec2-user/environment/lab4_model_training/dags/train_model_dag.py                                   1           0  1.41s           2026-03-26T19:54:57                      10
/home/ec2-user/environment/lab4_model_training/dags/generate_data_dag.py                                 1           0  1.41s           2026-03-26T19:54:47                      10
================================================================================
[2026-03-26T19:55:46.605+0000] {manager.py:997} INFO - 
================================================================================
DAG File Processing Stats

File Path                                                                       PID    Runtime      # DAGs    # Errors  Last Runtime    Last Run               Last # of DB Queries
------------------------------------------------------------------------------  -----  ---------  --------  ----------  --------------  -------------------  ----------------------
/home/ec2-user/environment/lab4_model_training/dags/train_model_dag.py                                   1           0  1.41s           2026-03-26T19:55:34                      10
/home/ec2-user/environment/lab4_model_training/dags/ml_pipeline_dag.py                                   1           0  1.41s           2026-03-26T19:55:29                      10
/home/ec2-user/environment/lab4_model_training/dags/ml_training_pipeline_v2.py                           1           0  1.41s           2026-03-26T19:55:46                      10
/home/ec2-user/environment/lab4_model_training/dags/generate_data_dag.py                                 1           0  1.41s           2026-03-26T19:55:19                      10
================================================================================
[2026-03-26T19:56:18.874+0000] {manager.py:997} INFO - 
================================================================================
DAG File Processing Stats

File Path                                                                       PID    Runtime      # DAGs    # Errors  Last Runtime    Last Run               Last # of DB Queries
------------------------------------------------------------------------------  -----  ---------  --------  ----------  --------------  -------------------  ----------------------
/home/ec2-user/environment/lab4_model_training/dags/ml_pipeline_dag.py                                   1           0  1.41s           2026-03-26T19:56:00                      10
/home/ec2-user/environment/lab4_model_training/dags/train_model_dag.py                                   1           0  1.41s           2026-03-26T19:56:05                      10
/home/ec2-user/environment/lab4_model_training/dags/generate_data_dag.py                                 1           0  1.41s           2026-03-26T19:55:51                      10
/home/ec2-user/environment/lab4_model_training/dags/ml_training_pipeline_v2.py                           1           0  1.41s           2026-03-26T19:56:18                      10
================================================================================
[2026-03-26T19:56:50.451+0000] {manager.py:997} INFO - 
================================================================================
DAG File Processing Stats

File Path                                                                       PID    Runtime      # DAGs    # Errors  Last Runtime    Last Run               Last # of DB Queries
------------------------------------------------------------------------------  -----  ---------  --------  ----------  --------------  -------------------  ----------------------
/home/ec2-user/environment/lab4_model_training/dags/train_model_dag.py                                   1           0  1.51s           2026-03-26T19:56:37                      10
/home/ec2-user/environment/lab4_model_training/dags/ml_training_pipeline_v2.py                           1           0  1.51s           2026-03-26T19:56:50                      10
/home/ec2-user/environment/lab4_model_training/dags/ml_pipeline_dag.py                                   1           0  1.41s           2026-03-26T19:56:32                      10
/home/ec2-user/environment/lab4_model_training/dags/generate_data_dag.py                                 1           0  1.41s           2026-03-26T19:56:23                      10
================================================================================
[2026-03-26T19:57:21.925+0000] {manager.py:997} INFO - 
================================================================================
DAG File Processing Stats

File Path                                                                       PID    Runtime      # DAGs    # Errors  Last Runtime    Last Run               Last # of DB Queries
------------------------------------------------------------------------------  -----  ---------  --------  ----------  --------------  -------------------  ----------------------
/home/ec2-user/environment/lab4_model_training/dags/train_model_dag.py                                   1           0  1.41s           2026-03-26T19:57:09                      10
/home/ec2-user/environment/lab4_model_training/dags/generate_data_dag.py                                 1           0  1.41s           2026-03-26T19:56:54                      10
/home/ec2-user/environment/lab4_model_training/dags/ml_training_pipeline_v2.py                           1           0  1.41s           2026-03-26T19:57:21                      10
/home/ec2-user/environment/lab4_model_training/dags/ml_pipeline_dag.py                                   1           0  1.41s           2026-03-26T19:57:03                      10
================================================================================
[2026-03-26T19:57:53.398+0000] {manager.py:997} INFO - 
================================================================================
DAG File Processing Stats

File Path                                                                       PID    Runtime      # DAGs    # Errors  Last Runtime    Last Run               Last # of DB Queries
------------------------------------------------------------------------------  -----  ---------  --------  ----------  --------------  -------------------  ----------------------
/home/ec2-user/environment/lab4_model_training/dags/ml_training_pipeline_v2.py                           1           0  1.41s           2026-03-26T19:57:53                      10
/home/ec2-user/environment/lab4_model_training/dags/ml_pipeline_dag.py                                   1           0  1.41s           2026-03-26T19:57:35                      10
/home/ec2-user/environment/lab4_model_training/dags/generate_data_dag.py                                 1           0  1.41s           2026-03-26T19:57:26                      10
/home/ec2-user/environment/lab4_model_training/dags/train_model_dag.py                                   1           0  1.41s           2026-03-26T19:57:41                      10
================================================================================
[2026-03-26T19:58:24.871+0000] {manager.py:997} INFO - 
================================================================================
DAG File Processing Stats

File Path                                                                       PID    Runtime      # DAGs    # Errors  Last Runtime    Last Run               Last # of DB Queries
------------------------------------------------------------------------------  -----  ---------  --------  ----------  --------------  -------------------  ----------------------
/home/ec2-user/environment/lab4_model_training/dags/train_model_dag.py                                   1           0  1.41s           2026-03-26T19:58:13                      10
/home/ec2-user/environment/lab4_model_training/dags/generate_data_dag.py                                 1           0  1.41s           2026-03-26T19:57:57                      10
/home/ec2-user/environment/lab4_model_training/dags/ml_training_pipeline_v2.py                           1           0  1.41s           2026-03-26T19:58:24                      10
/home/ec2-user/environment/lab4_model_training/dags/ml_pipeline_dag.py                                   1           0  1.41s           2026-03-26T19:58:06                      10
================================================================================
[2026-03-26T19:58:56.356+0000] {manager.py:997} INFO - 
================================================================================
DAG File Processing Stats

File Path                                                                       PID    Runtime      # DAGs    # Errors  Last Runtime    Last Run               Last # of DB Queries
------------------------------------------------------------------------------  -----  ---------  --------  ----------  --------------  -------------------  ----------------------
/home/ec2-user/environment/lab4_model_training/dags/ml_training_pipeline_v2.py                           1           0  1.42s           2026-03-26T19:58:56                      10
/home/ec2-user/environment/lab4_model_training/dags/generate_data_dag.py                                 1           0  1.41s           2026-03-26T19:58:29                      10
/home/ec2-user/environment/lab4_model_training/dags/ml_pipeline_dag.py                                   1           0  1.41s           2026-03-26T19:58:38                      10
/home/ec2-user/environment/lab4_model_training/dags/train_model_dag.py                                   1           0  1.41s           2026-03-26T19:58:44                      10
================================================================================
[2026-03-26T19:59:04.316+0000] {manager.py:821} INFO - Searching for files in /home/ec2-user/environment/lab4_model_training/dags
[2026-03-26T19:59:04.318+0000] {manager.py:824} INFO - There are 4 files in /home/ec2-user/environment/lab4_model_training/dags
[2026-03-26T19:59:27.833+0000] {manager.py:997} INFO - 
================================================================================
DAG File Processing Stats

File Path                                                                       PID    Runtime      # DAGs    # Errors  Last Runtime    Last Run               Last # of DB Queries
------------------------------------------------------------------------------  -----  ---------  --------  ----------  --------------  -------------------  ----------------------
/home/ec2-user/environment/lab4_model_training/dags/train_model_dag.py                                   1           0  1.41s           2026-03-26T19:59:15                      10
/home/ec2-user/environment/lab4_model_training/dags/generate_data_dag.py                                 1           0  1.41s           2026-03-26T19:59:00                      10
/home/ec2-user/environment/lab4_model_training/dags/ml_pipeline_dag.py                                   1           0  1.41s           2026-03-26T19:59:10                      10
/home/ec2-user/environment/lab4_model_training/dags/ml_training_pipeline_v2.py                           1           0  1.41s           2026-03-26T19:59:27                      10
================================================================================
[2026-03-26T19:59:59.309+0000] {manager.py:997} INFO - 
================================================================================
DAG File Processing Stats

File Path                                                                       PID    Runtime      # DAGs    # Errors  Last Runtime    Last Run               Last # of DB Queries
------------------------------------------------------------------------------  -----  ---------  --------  ----------  --------------  -------------------  ----------------------
/home/ec2-user/environment/lab4_model_training/dags/ml_pipeline_dag.py                                   1           0  1.41s           2026-03-26T19:59:42                      10
/home/ec2-user/environment/lab4_model_training/dags/train_model_dag.py                                   1           0  1.41s           2026-03-26T19:59:47                      10
/home/ec2-user/environment/lab4_model_training/dags/ml_training_pipeline_v2.py                           1           0  1.41s           2026-03-26T19:59:59                      10
/home/ec2-user/environment/lab4_model_training/dags/generate_data_dag.py                                 1           0  1.32s           2026-03-26T19:59:32                      10
================================================================================
[2026-03-26T20:00:30.885+0000] {manager.py:997} INFO - 
================================================================================
DAG File Processing Stats

File Path                                                                       PID    Runtime      # DAGs    # Errors  Last Runtime    Last Run               Last # of DB Queries
------------------------------------------------------------------------------  -----  ---------  --------  ----------  --------------  -------------------  ----------------------
/home/ec2-user/environment/lab4_model_training/dags/ml_training_pipeline_v2.py                           1           0  1.51s           2026-03-26T20:00:30                      10
/home/ec2-user/environment/lab4_model_training/dags/ml_pipeline_dag.py                                   1           0  1.41s           2026-03-26T20:00:13                      10
/home/ec2-user/environment/lab4_model_training/dags/train_model_dag.py                                   1           0  1.41s           2026-03-26T20:00:18                      10
/home/ec2-user/environment/lab4_model_training/dags/generate_data_dag.py                                 1           0  1.31s           2026-03-26T20:00:03                      10
================================================================================
