[2026-03-26T19:30:38.785+0000] {processor.py:186} INFO - Started process (PID=3953) to work on /home/ec2-user/environment/lab4_model_training/dags/generate_data_dag.py
[2026-03-26T19:30:38.786+0000] {processor.py:914} INFO - Processing file /home/ec2-user/environment/lab4_model_training/dags/generate_data_dag.py for tasks to queue
[2026-03-26T19:30:38.787+0000] {logging_mixin.py:190} INFO - [2026-03-26T19:30:38.786+0000] {dagbag.py:588} INFO - Filling up the DagBag from /home/ec2-user/environment/lab4_model_training/dags/generate_data_dag.py
[2026-03-26T19:30:40.167+0000] {processor.py:925} INFO - DAG(s) 'generate_data_only' retrieved from /home/ec2-user/environment/lab4_model_training/dags/generate_data_dag.py
[2026-03-26T19:30:40.249+0000] {logging_mixin.py:190} INFO - [2026-03-26T19:30:40.249+0000] {override.py:1930} INFO - Created Permission View: can edit on DAG:generate_data_only
[2026-03-26T19:30:40.260+0000] {logging_mixin.py:190} INFO - [2026-03-26T19:30:40.260+0000] {override.py:1930} INFO - Created Permission View: can read on DAG:generate_data_only
[2026-03-26T19:30:40.269+0000] {logging_mixin.py:190} INFO - [2026-03-26T19:30:40.269+0000] {override.py:1930} INFO - Created Permission View: can delete on DAG:generate_data_only
[2026-03-26T19:30:40.283+0000] {logging_mixin.py:190} INFO - [2026-03-26T19:30:40.282+0000] {override.py:1930} INFO - Created Permission View: menu access on DAG Run:generate_data_only
[2026-03-26T19:30:40.291+0000] {logging_mixin.py:190} INFO - [2026-03-26T19:30:40.291+0000] {override.py:1930} INFO - Created Permission View: can read on DAG Run:generate_data_only
[2026-03-26T19:30:40.300+0000] {logging_mixin.py:190} INFO - [2026-03-26T19:30:40.300+0000] {override.py:1930} INFO - Created Permission View: can delete on DAG Run:generate_data_only
[2026-03-26T19:30:40.308+0000] {logging_mixin.py:190} INFO - [2026-03-26T19:30:40.308+0000] {override.py:1930} INFO - Created Permission View: can create on DAG Run:generate_data_only
[2026-03-26T19:30:40.309+0000] {logging_mixin.py:190} INFO - [2026-03-26T19:30:40.309+0000] {dag.py:3239} INFO - Sync 1 DAGs
[2026-03-26T19:30:40.320+0000] {logging_mixin.py:190} INFO - [2026-03-26T19:30:40.320+0000] {dag.py:3262} INFO - Creating ORM DAG for generate_data_only
[2026-03-26T19:30:40.321+0000] {logging_mixin.py:190} INFO - [2026-03-26T19:30:40.320+0000] {dag.py:4180} INFO - Setting next_dagrun for generate_data_only to None, run_after=None
[2026-03-26T19:30:40.336+0000] {processor.py:208} INFO - Processing /home/ec2-user/environment/lab4_model_training/dags/generate_data_dag.py took 1.558 seconds
[2026-03-26T19:31:10.529+0000] {processor.py:186} INFO - Started process (PID=4027) to work on /home/ec2-user/environment/lab4_model_training/dags/generate_data_dag.py
[2026-03-26T19:31:10.530+0000] {processor.py:914} INFO - Processing file /home/ec2-user/environment/lab4_model_training/dags/generate_data_dag.py for tasks to queue
[2026-03-26T19:31:10.531+0000] {logging_mixin.py:190} INFO - [2026-03-26T19:31:10.531+0000] {dagbag.py:588} INFO - Filling up the DagBag from /home/ec2-user/environment/lab4_model_training/dags/generate_data_dag.py
[2026-03-26T19:31:11.874+0000] {processor.py:925} INFO - DAG(s) 'generate_data_only' retrieved from /home/ec2-user/environment/lab4_model_training/dags/generate_data_dag.py
[2026-03-26T19:31:11.887+0000] {logging_mixin.py:190} INFO - [2026-03-26T19:31:11.887+0000] {dag.py:3239} INFO - Sync 1 DAGs
[2026-03-26T19:31:11.897+0000] {logging_mixin.py:190} INFO - [2026-03-26T19:31:11.897+0000] {dag.py:4180} INFO - Setting next_dagrun for generate_data_only to None, run_after=None
[2026-03-26T19:31:11.915+0000] {processor.py:208} INFO - Processing /home/ec2-user/environment/lab4_model_training/dags/generate_data_dag.py took 1.391 seconds
[2026-03-26T19:31:41.960+0000] {processor.py:186} INFO - Started process (PID=4088) to work on /home/ec2-user/environment/lab4_model_training/dags/generate_data_dag.py
[2026-03-26T19:31:41.961+0000] {processor.py:914} INFO - Processing file /home/ec2-user/environment/lab4_model_training/dags/generate_data_dag.py for tasks to queue
[2026-03-26T19:31:41.962+0000] {logging_mixin.py:190} INFO - [2026-03-26T19:31:41.962+0000] {dagbag.py:588} INFO - Filling up the DagBag from /home/ec2-user/environment/lab4_model_training/dags/generate_data_dag.py
[2026-03-26T19:31:43.274+0000] {processor.py:925} INFO - DAG(s) 'generate_data_only' retrieved from /home/ec2-user/environment/lab4_model_training/dags/generate_data_dag.py
[2026-03-26T19:31:43.287+0000] {logging_mixin.py:190} INFO - [2026-03-26T19:31:43.287+0000] {dag.py:3239} INFO - Sync 1 DAGs
[2026-03-26T19:31:43.297+0000] {logging_mixin.py:190} INFO - [2026-03-26T19:31:43.297+0000] {dag.py:4180} INFO - Setting next_dagrun for generate_data_only to None, run_after=None
[2026-03-26T19:31:43.315+0000] {processor.py:208} INFO - Processing /home/ec2-user/environment/lab4_model_training/dags/generate_data_dag.py took 1.359 seconds
[2026-03-26T19:32:14.137+0000] {processor.py:186} INFO - Started process (PID=4125) to work on /home/ec2-user/environment/lab4_model_training/dags/generate_data_dag.py
[2026-03-26T19:32:14.139+0000] {processor.py:914} INFO - Processing file /home/ec2-user/environment/lab4_model_training/dags/generate_data_dag.py for tasks to queue
[2026-03-26T19:32:14.141+0000] {logging_mixin.py:190} INFO - [2026-03-26T19:32:14.140+0000] {dagbag.py:588} INFO - Filling up the DagBag from /home/ec2-user/environment/lab4_model_training/dags/generate_data_dag.py
[2026-03-26T19:32:15.470+0000] {processor.py:925} INFO - DAG(s) 'generate_data_only' retrieved from /home/ec2-user/environment/lab4_model_training/dags/generate_data_dag.py
[2026-03-26T19:32:15.484+0000] {logging_mixin.py:190} INFO - [2026-03-26T19:32:15.484+0000] {dag.py:3239} INFO - Sync 1 DAGs
[2026-03-26T19:32:15.493+0000] {logging_mixin.py:190} INFO - [2026-03-26T19:32:15.493+0000] {dag.py:4180} INFO - Setting next_dagrun for generate_data_only to None, run_after=None
[2026-03-26T19:32:15.510+0000] {processor.py:208} INFO - Processing /home/ec2-user/environment/lab4_model_training/dags/generate_data_dag.py took 1.377 seconds
[2026-03-26T19:32:46.349+0000] {processor.py:186} INFO - Started process (PID=4196) to work on /home/ec2-user/environment/lab4_model_training/dags/generate_data_dag.py
[2026-03-26T19:32:46.350+0000] {processor.py:914} INFO - Processing file /home/ec2-user/environment/lab4_model_training/dags/generate_data_dag.py for tasks to queue
[2026-03-26T19:32:46.351+0000] {logging_mixin.py:190} INFO - [2026-03-26T19:32:46.351+0000] {dagbag.py:588} INFO - Filling up the DagBag from /home/ec2-user/environment/lab4_model_training/dags/generate_data_dag.py
[2026-03-26T19:32:47.683+0000] {processor.py:925} INFO - DAG(s) 'generate_data_only' retrieved from /home/ec2-user/environment/lab4_model_training/dags/generate_data_dag.py
[2026-03-26T19:32:47.697+0000] {logging_mixin.py:190} INFO - [2026-03-26T19:32:47.696+0000] {dag.py:3239} INFO - Sync 1 DAGs
[2026-03-26T19:32:47.706+0000] {logging_mixin.py:190} INFO - [2026-03-26T19:32:47.706+0000] {dag.py:4180} INFO - Setting next_dagrun for generate_data_only to None, run_after=None
[2026-03-26T19:32:47.723+0000] {processor.py:208} INFO - Processing /home/ec2-user/environment/lab4_model_training/dags/generate_data_dag.py took 1.379 seconds
[2026-03-26T19:33:18.534+0000] {processor.py:186} INFO - Started process (PID=4231) to work on /home/ec2-user/environment/lab4_model_training/dags/generate_data_dag.py
[2026-03-26T19:33:18.536+0000] {processor.py:914} INFO - Processing file /home/ec2-user/environment/lab4_model_training/dags/generate_data_dag.py for tasks to queue
[2026-03-26T19:33:18.537+0000] {logging_mixin.py:190} INFO - [2026-03-26T19:33:18.537+0000] {dagbag.py:588} INFO - Filling up the DagBag from /home/ec2-user/environment/lab4_model_training/dags/generate_data_dag.py
[2026-03-26T19:33:19.871+0000] {processor.py:925} INFO - DAG(s) 'generate_data_only' retrieved from /home/ec2-user/environment/lab4_model_training/dags/generate_data_dag.py
[2026-03-26T19:33:19.884+0000] {logging_mixin.py:190} INFO - [2026-03-26T19:33:19.883+0000] {dag.py:3239} INFO - Sync 1 DAGs
[2026-03-26T19:33:19.893+0000] {logging_mixin.py:190} INFO - [2026-03-26T19:33:19.893+0000] {dag.py:4180} INFO - Setting next_dagrun for generate_data_only to None, run_after=None
[2026-03-26T19:33:19.910+0000] {processor.py:208} INFO - Processing /home/ec2-user/environment/lab4_model_training/dags/generate_data_dag.py took 1.380 seconds
[2026-03-26T19:33:50.142+0000] {processor.py:186} INFO - Started process (PID=4303) to work on /home/ec2-user/environment/lab4_model_training/dags/generate_data_dag.py
[2026-03-26T19:33:50.145+0000] {processor.py:914} INFO - Processing file /home/ec2-user/environment/lab4_model_training/dags/generate_data_dag.py for tasks to queue
[2026-03-26T19:33:50.148+0000] {logging_mixin.py:190} INFO - [2026-03-26T19:33:50.147+0000] {dagbag.py:588} INFO - Filling up the DagBag from /home/ec2-user/environment/lab4_model_training/dags/generate_data_dag.py
[2026-03-26T19:33:51.635+0000] {processor.py:925} INFO - DAG(s) 'generate_data_only' retrieved from /home/ec2-user/environment/lab4_model_training/dags/generate_data_dag.py
[2026-03-26T19:33:51.648+0000] {logging_mixin.py:190} INFO - [2026-03-26T19:33:51.648+0000] {dag.py:3239} INFO - Sync 1 DAGs
[2026-03-26T19:33:51.658+0000] {logging_mixin.py:190} INFO - [2026-03-26T19:33:51.657+0000] {dag.py:4180} INFO - Setting next_dagrun for generate_data_only to None, run_after=None
[2026-03-26T19:33:51.675+0000] {processor.py:208} INFO - Processing /home/ec2-user/environment/lab4_model_training/dags/generate_data_dag.py took 1.539 seconds
[2026-03-26T19:34:22.608+0000] {processor.py:186} INFO - Started process (PID=4338) to work on /home/ec2-user/environment/lab4_model_training/dags/generate_data_dag.py
[2026-03-26T19:34:22.610+0000] {processor.py:914} INFO - Processing file /home/ec2-user/environment/lab4_model_training/dags/generate_data_dag.py for tasks to queue
[2026-03-26T19:34:22.611+0000] {logging_mixin.py:190} INFO - [2026-03-26T19:34:22.611+0000] {dagbag.py:588} INFO - Filling up the DagBag from /home/ec2-user/environment/lab4_model_training/dags/generate_data_dag.py
[2026-03-26T19:34:23.939+0000] {processor.py:925} INFO - DAG(s) 'generate_data_only' retrieved from /home/ec2-user/environment/lab4_model_training/dags/generate_data_dag.py
[2026-03-26T19:34:23.952+0000] {logging_mixin.py:190} INFO - [2026-03-26T19:34:23.952+0000] {dag.py:3239} INFO - Sync 1 DAGs
[2026-03-26T19:34:23.962+0000] {logging_mixin.py:190} INFO - [2026-03-26T19:34:23.961+0000] {dag.py:4180} INFO - Setting next_dagrun for generate_data_only to None, run_after=None
[2026-03-26T19:34:23.980+0000] {processor.py:208} INFO - Processing /home/ec2-user/environment/lab4_model_training/dags/generate_data_dag.py took 1.378 seconds
[2026-03-26T19:34:54.233+0000] {processor.py:186} INFO - Started process (PID=4410) to work on /home/ec2-user/environment/lab4_model_training/dags/generate_data_dag.py
[2026-03-26T19:34:54.234+0000] {processor.py:914} INFO - Processing file /home/ec2-user/environment/lab4_model_training/dags/generate_data_dag.py for tasks to queue
[2026-03-26T19:34:54.235+0000] {logging_mixin.py:190} INFO - [2026-03-26T19:34:54.235+0000] {dagbag.py:588} INFO - Filling up the DagBag from /home/ec2-user/environment/lab4_model_training/dags/generate_data_dag.py
[2026-03-26T19:34:55.523+0000] {processor.py:925} INFO - DAG(s) 'generate_data_only' retrieved from /home/ec2-user/environment/lab4_model_training/dags/generate_data_dag.py
[2026-03-26T19:34:55.535+0000] {logging_mixin.py:190} INFO - [2026-03-26T19:34:55.535+0000] {dag.py:3239} INFO - Sync 1 DAGs
[2026-03-26T19:34:55.544+0000] {logging_mixin.py:190} INFO - [2026-03-26T19:34:55.544+0000] {dag.py:4180} INFO - Setting next_dagrun for generate_data_only to None, run_after=None
[2026-03-26T19:34:55.562+0000] {processor.py:208} INFO - Processing /home/ec2-user/environment/lab4_model_training/dags/generate_data_dag.py took 1.333 seconds
[2026-03-26T19:35:25.867+0000] {processor.py:186} INFO - Started process (PID=4446) to work on /home/ec2-user/environment/lab4_model_training/dags/generate_data_dag.py
[2026-03-26T19:35:25.869+0000] {processor.py:914} INFO - Processing file /home/ec2-user/environment/lab4_model_training/dags/generate_data_dag.py for tasks to queue
[2026-03-26T19:35:25.870+0000] {logging_mixin.py:190} INFO - [2026-03-26T19:35:25.870+0000] {dagbag.py:588} INFO - Filling up the DagBag from /home/ec2-user/environment/lab4_model_training/dags/generate_data_dag.py
[2026-03-26T19:35:27.198+0000] {processor.py:925} INFO - DAG(s) 'generate_data_only' retrieved from /home/ec2-user/environment/lab4_model_training/dags/generate_data_dag.py
[2026-03-26T19:35:27.211+0000] {logging_mixin.py:190} INFO - [2026-03-26T19:35:27.210+0000] {dag.py:3239} INFO - Sync 1 DAGs
[2026-03-26T19:35:27.221+0000] {logging_mixin.py:190} INFO - [2026-03-26T19:35:27.221+0000] {dag.py:4180} INFO - Setting next_dagrun for generate_data_only to None, run_after=None
[2026-03-26T19:35:27.238+0000] {processor.py:208} INFO - Processing /home/ec2-user/environment/lab4_model_training/dags/generate_data_dag.py took 1.375 seconds
[2026-03-26T19:35:57.493+0000] {processor.py:186} INFO - Started process (PID=4469) to work on /home/ec2-user/environment/lab4_model_training/dags/generate_data_dag.py
[2026-03-26T19:35:57.495+0000] {processor.py:914} INFO - Processing file /home/ec2-user/environment/lab4_model_training/dags/generate_data_dag.py for tasks to queue
[2026-03-26T19:35:57.496+0000] {logging_mixin.py:190} INFO - [2026-03-26T19:35:57.496+0000] {dagbag.py:588} INFO - Filling up the DagBag from /home/ec2-user/environment/lab4_model_training/dags/generate_data_dag.py
[2026-03-26T19:35:58.829+0000] {processor.py:925} INFO - DAG(s) 'generate_data_only' retrieved from /home/ec2-user/environment/lab4_model_training/dags/generate_data_dag.py
[2026-03-26T19:35:58.842+0000] {logging_mixin.py:190} INFO - [2026-03-26T19:35:58.842+0000] {dag.py:3239} INFO - Sync 1 DAGs
[2026-03-26T19:35:58.852+0000] {logging_mixin.py:190} INFO - [2026-03-26T19:35:58.852+0000] {dag.py:4180} INFO - Setting next_dagrun for generate_data_only to None, run_after=None
[2026-03-26T19:35:58.870+0000] {processor.py:208} INFO - Processing /home/ec2-user/environment/lab4_model_training/dags/generate_data_dag.py took 1.381 seconds
[2026-03-26T19:36:29.146+0000] {processor.py:186} INFO - Started process (PID=4558) to work on /home/ec2-user/environment/lab4_model_training/dags/generate_data_dag.py
[2026-03-26T19:36:29.147+0000] {processor.py:914} INFO - Processing file /home/ec2-user/environment/lab4_model_training/dags/generate_data_dag.py for tasks to queue
[2026-03-26T19:36:29.149+0000] {logging_mixin.py:190} INFO - [2026-03-26T19:36:29.148+0000] {dagbag.py:588} INFO - Filling up the DagBag from /home/ec2-user/environment/lab4_model_training/dags/generate_data_dag.py
[2026-03-26T19:36:30.472+0000] {processor.py:925} INFO - DAG(s) 'generate_data_only' retrieved from /home/ec2-user/environment/lab4_model_training/dags/generate_data_dag.py
[2026-03-26T19:36:30.486+0000] {logging_mixin.py:190} INFO - [2026-03-26T19:36:30.485+0000] {dag.py:3239} INFO - Sync 1 DAGs
[2026-03-26T19:36:30.495+0000] {logging_mixin.py:190} INFO - [2026-03-26T19:36:30.495+0000] {dag.py:4180} INFO - Setting next_dagrun for generate_data_only to None, run_after=None
[2026-03-26T19:36:30.511+0000] {processor.py:208} INFO - Processing /home/ec2-user/environment/lab4_model_training/dags/generate_data_dag.py took 1.370 seconds
[2026-03-26T19:37:00.782+0000] {processor.py:186} INFO - Started process (PID=4595) to work on /home/ec2-user/environment/lab4_model_training/dags/generate_data_dag.py
[2026-03-26T19:37:00.782+0000] {processor.py:914} INFO - Processing file /home/ec2-user/environment/lab4_model_training/dags/generate_data_dag.py for tasks to queue
[2026-03-26T19:37:00.784+0000] {logging_mixin.py:190} INFO - [2026-03-26T19:37:00.783+0000] {dagbag.py:588} INFO - Filling up the DagBag from /home/ec2-user/environment/lab4_model_training/dags/generate_data_dag.py
[2026-03-26T19:37:02.103+0000] {processor.py:925} INFO - DAG(s) 'generate_data_only' retrieved from /home/ec2-user/environment/lab4_model_training/dags/generate_data_dag.py
[2026-03-26T19:37:02.116+0000] {logging_mixin.py:190} INFO - [2026-03-26T19:37:02.116+0000] {dag.py:3239} INFO - Sync 1 DAGs
[2026-03-26T19:37:02.125+0000] {logging_mixin.py:190} INFO - [2026-03-26T19:37:02.125+0000] {dag.py:4180} INFO - Setting next_dagrun for generate_data_only to None, run_after=None
[2026-03-26T19:37:02.142+0000] {processor.py:208} INFO - Processing /home/ec2-user/environment/lab4_model_training/dags/generate_data_dag.py took 1.365 seconds
[2026-03-26T19:37:32.423+0000] {processor.py:186} INFO - Started process (PID=4635) to work on /home/ec2-user/environment/lab4_model_training/dags/generate_data_dag.py
[2026-03-26T19:37:32.424+0000] {processor.py:914} INFO - Processing file /home/ec2-user/environment/lab4_model_training/dags/generate_data_dag.py for tasks to queue
[2026-03-26T19:37:32.425+0000] {logging_mixin.py:190} INFO - [2026-03-26T19:37:32.425+0000] {dagbag.py:588} INFO - Filling up the DagBag from /home/ec2-user/environment/lab4_model_training/dags/generate_data_dag.py
[2026-03-26T19:37:33.749+0000] {processor.py:925} INFO - DAG(s) 'generate_data_only' retrieved from /home/ec2-user/environment/lab4_model_training/dags/generate_data_dag.py
[2026-03-26T19:37:33.762+0000] {logging_mixin.py:190} INFO - [2026-03-26T19:37:33.761+0000] {dag.py:3239} INFO - Sync 1 DAGs
[2026-03-26T19:37:33.771+0000] {logging_mixin.py:190} INFO - [2026-03-26T19:37:33.770+0000] {dag.py:4180} INFO - Setting next_dagrun for generate_data_only to None, run_after=None
[2026-03-26T19:37:33.788+0000] {processor.py:208} INFO - Processing /home/ec2-user/environment/lab4_model_training/dags/generate_data_dag.py took 1.369 seconds
[2026-03-26T19:38:04.049+0000] {processor.py:186} INFO - Started process (PID=4676) to work on /home/ec2-user/environment/lab4_model_training/dags/generate_data_dag.py
[2026-03-26T19:38:04.050+0000] {processor.py:914} INFO - Processing file /home/ec2-user/environment/lab4_model_training/dags/generate_data_dag.py for tasks to queue
[2026-03-26T19:38:04.052+0000] {logging_mixin.py:190} INFO - [2026-03-26T19:38:04.051+0000] {dagbag.py:588} INFO - Filling up the DagBag from /home/ec2-user/environment/lab4_model_training/dags/generate_data_dag.py
[2026-03-26T19:38:05.401+0000] {processor.py:925} INFO - DAG(s) 'generate_data_only' retrieved from /home/ec2-user/environment/lab4_model_training/dags/generate_data_dag.py
[2026-03-26T19:38:05.413+0000] {logging_mixin.py:190} INFO - [2026-03-26T19:38:05.413+0000] {dag.py:3239} INFO - Sync 1 DAGs
[2026-03-26T19:38:05.422+0000] {logging_mixin.py:190} INFO - [2026-03-26T19:38:05.422+0000] {dag.py:4180} INFO - Setting next_dagrun for generate_data_only to None, run_after=None
[2026-03-26T19:38:05.440+0000] {processor.py:208} INFO - Processing /home/ec2-user/environment/lab4_model_training/dags/generate_data_dag.py took 1.396 seconds
[2026-03-26T19:38:35.681+0000] {processor.py:186} INFO - Started process (PID=4771) to work on /home/ec2-user/environment/lab4_model_training/dags/generate_data_dag.py
[2026-03-26T19:38:35.681+0000] {processor.py:914} INFO - Processing file /home/ec2-user/environment/lab4_model_training/dags/generate_data_dag.py for tasks to queue
[2026-03-26T19:38:35.683+0000] {logging_mixin.py:190} INFO - [2026-03-26T19:38:35.682+0000] {dagbag.py:588} INFO - Filling up the DagBag from /home/ec2-user/environment/lab4_model_training/dags/generate_data_dag.py
[2026-03-26T19:38:37.029+0000] {processor.py:925} INFO - DAG(s) 'generate_data_only' retrieved from /home/ec2-user/environment/lab4_model_training/dags/generate_data_dag.py
[2026-03-26T19:38:37.041+0000] {logging_mixin.py:190} INFO - [2026-03-26T19:38:37.041+0000] {dag.py:3239} INFO - Sync 1 DAGs
[2026-03-26T19:38:37.050+0000] {logging_mixin.py:190} INFO - [2026-03-26T19:38:37.049+0000] {dag.py:4180} INFO - Setting next_dagrun for generate_data_only to None, run_after=None
[2026-03-26T19:38:37.065+0000] {processor.py:208} INFO - Processing /home/ec2-user/environment/lab4_model_training/dags/generate_data_dag.py took 1.389 seconds
[2026-03-26T19:39:07.326+0000] {processor.py:186} INFO - Started process (PID=4805) to work on /home/ec2-user/environment/lab4_model_training/dags/generate_data_dag.py
[2026-03-26T19:39:07.327+0000] {processor.py:914} INFO - Processing file /home/ec2-user/environment/lab4_model_training/dags/generate_data_dag.py for tasks to queue
[2026-03-26T19:39:07.328+0000] {logging_mixin.py:190} INFO - [2026-03-26T19:39:07.328+0000] {dagbag.py:588} INFO - Filling up the DagBag from /home/ec2-user/environment/lab4_model_training/dags/generate_data_dag.py
[2026-03-26T19:39:08.653+0000] {processor.py:925} INFO - DAG(s) 'generate_data_only' retrieved from /home/ec2-user/environment/lab4_model_training/dags/generate_data_dag.py
[2026-03-26T19:39:08.665+0000] {logging_mixin.py:190} INFO - [2026-03-26T19:39:08.665+0000] {dag.py:3239} INFO - Sync 1 DAGs
[2026-03-26T19:39:08.673+0000] {logging_mixin.py:190} INFO - [2026-03-26T19:39:08.673+0000] {dag.py:4180} INFO - Setting next_dagrun for generate_data_only to None, run_after=None
[2026-03-26T19:39:08.689+0000] {processor.py:208} INFO - Processing /home/ec2-user/environment/lab4_model_training/dags/generate_data_dag.py took 1.367 seconds
[2026-03-26T19:39:38.926+0000] {processor.py:186} INFO - Started process (PID=5221) to work on /home/ec2-user/environment/lab4_model_training/dags/generate_data_dag.py
[2026-03-26T19:39:38.927+0000] {processor.py:914} INFO - Processing file /home/ec2-user/environment/lab4_model_training/dags/generate_data_dag.py for tasks to queue
[2026-03-26T19:39:38.929+0000] {logging_mixin.py:190} INFO - [2026-03-26T19:39:38.929+0000] {dagbag.py:588} INFO - Filling up the DagBag from /home/ec2-user/environment/lab4_model_training/dags/generate_data_dag.py
[2026-03-26T19:39:40.622+0000] {processor.py:925} INFO - DAG(s) 'generate_data_only' retrieved from /home/ec2-user/environment/lab4_model_training/dags/generate_data_dag.py
[2026-03-26T19:39:40.642+0000] {logging_mixin.py:190} INFO - [2026-03-26T19:39:40.641+0000] {dag.py:3239} INFO - Sync 1 DAGs
[2026-03-26T19:39:40.656+0000] {logging_mixin.py:190} INFO - [2026-03-26T19:39:40.656+0000] {dag.py:4180} INFO - Setting next_dagrun for generate_data_only to None, run_after=None
[2026-03-26T19:39:40.691+0000] {processor.py:208} INFO - Processing /home/ec2-user/environment/lab4_model_training/dags/generate_data_dag.py took 1.770 seconds
[2026-03-26T19:40:11.185+0000] {processor.py:186} INFO - Started process (PID=5283) to work on /home/ec2-user/environment/lab4_model_training/dags/generate_data_dag.py
[2026-03-26T19:40:11.186+0000] {processor.py:914} INFO - Processing file /home/ec2-user/environment/lab4_model_training/dags/generate_data_dag.py for tasks to queue
[2026-03-26T19:40:11.188+0000] {logging_mixin.py:190} INFO - [2026-03-26T19:40:11.187+0000] {dagbag.py:588} INFO - Filling up the DagBag from /home/ec2-user/environment/lab4_model_training/dags/generate_data_dag.py
[2026-03-26T19:40:12.653+0000] {processor.py:925} INFO - DAG(s) 'generate_data_only' retrieved from /home/ec2-user/environment/lab4_model_training/dags/generate_data_dag.py
[2026-03-26T19:40:12.666+0000] {logging_mixin.py:190} INFO - [2026-03-26T19:40:12.666+0000] {dag.py:3239} INFO - Sync 1 DAGs
[2026-03-26T19:40:12.678+0000] {logging_mixin.py:190} INFO - [2026-03-26T19:40:12.678+0000] {dag.py:4180} INFO - Setting next_dagrun for generate_data_only to None, run_after=None
[2026-03-26T19:40:12.699+0000] {processor.py:208} INFO - Processing /home/ec2-user/environment/lab4_model_training/dags/generate_data_dag.py took 1.518 seconds
[2026-03-26T19:40:42.900+0000] {processor.py:186} INFO - Started process (PID=5320) to work on /home/ec2-user/environment/lab4_model_training/dags/generate_data_dag.py
[2026-03-26T19:40:42.901+0000] {processor.py:914} INFO - Processing file /home/ec2-user/environment/lab4_model_training/dags/generate_data_dag.py for tasks to queue
[2026-03-26T19:40:42.902+0000] {logging_mixin.py:190} INFO - [2026-03-26T19:40:42.902+0000] {dagbag.py:588} INFO - Filling up the DagBag from /home/ec2-user/environment/lab4_model_training/dags/generate_data_dag.py
[2026-03-26T19:40:44.134+0000] {processor.py:925} INFO - DAG(s) 'generate_data_only' retrieved from /home/ec2-user/environment/lab4_model_training/dags/generate_data_dag.py
[2026-03-26T19:40:44.148+0000] {logging_mixin.py:190} INFO - [2026-03-26T19:40:44.148+0000] {dag.py:3239} INFO - Sync 1 DAGs
[2026-03-26T19:40:44.157+0000] {logging_mixin.py:190} INFO - [2026-03-26T19:40:44.157+0000] {dag.py:4180} INFO - Setting next_dagrun for generate_data_only to None, run_after=None
[2026-03-26T19:40:44.175+0000] {processor.py:208} INFO - Processing /home/ec2-user/environment/lab4_model_training/dags/generate_data_dag.py took 1.280 seconds
[2026-03-26T19:41:14.297+0000] {processor.py:186} INFO - Started process (PID=5360) to work on /home/ec2-user/environment/lab4_model_training/dags/generate_data_dag.py
[2026-03-26T19:41:14.298+0000] {processor.py:914} INFO - Processing file /home/ec2-user/environment/lab4_model_training/dags/generate_data_dag.py for tasks to queue
[2026-03-26T19:41:14.300+0000] {logging_mixin.py:190} INFO - [2026-03-26T19:41:14.299+0000] {dagbag.py:588} INFO - Filling up the DagBag from /home/ec2-user/environment/lab4_model_training/dags/generate_data_dag.py
[2026-03-26T19:41:15.543+0000] {processor.py:925} INFO - DAG(s) 'generate_data_only' retrieved from /home/ec2-user/environment/lab4_model_training/dags/generate_data_dag.py
[2026-03-26T19:41:15.556+0000] {logging_mixin.py:190} INFO - [2026-03-26T19:41:15.556+0000] {dag.py:3239} INFO - Sync 1 DAGs
[2026-03-26T19:41:15.566+0000] {logging_mixin.py:190} INFO - [2026-03-26T19:41:15.566+0000] {dag.py:4180} INFO - Setting next_dagrun for generate_data_only to None, run_after=None
[2026-03-26T19:41:15.583+0000] {processor.py:208} INFO - Processing /home/ec2-user/environment/lab4_model_training/dags/generate_data_dag.py took 1.291 seconds
[2026-03-26T19:41:45.709+0000] {processor.py:186} INFO - Started process (PID=5450) to work on /home/ec2-user/environment/lab4_model_training/dags/generate_data_dag.py
[2026-03-26T19:41:45.710+0000] {processor.py:914} INFO - Processing file /home/ec2-user/environment/lab4_model_training/dags/generate_data_dag.py for tasks to queue
[2026-03-26T19:41:45.711+0000] {logging_mixin.py:190} INFO - [2026-03-26T19:41:45.711+0000] {dagbag.py:588} INFO - Filling up the DagBag from /home/ec2-user/environment/lab4_model_training/dags/generate_data_dag.py
[2026-03-26T19:41:47.604+0000] {processor.py:925} INFO - DAG(s) 'generate_data_only' retrieved from /home/ec2-user/environment/lab4_model_training/dags/generate_data_dag.py
[2026-03-26T19:41:47.624+0000] {logging_mixin.py:190} INFO - [2026-03-26T19:41:47.624+0000] {dag.py:3239} INFO - Sync 1 DAGs
[2026-03-26T19:41:47.637+0000] {logging_mixin.py:190} INFO - [2026-03-26T19:41:47.637+0000] {dag.py:4180} INFO - Setting next_dagrun for generate_data_only to None, run_after=None
[2026-03-26T19:41:47.660+0000] {processor.py:208} INFO - Processing /home/ec2-user/environment/lab4_model_training/dags/generate_data_dag.py took 1.956 seconds
[2026-03-26T19:44:05.933+0000] {processor.py:186} INFO - Started process (PID=5811) to work on /home/ec2-user/environment/lab4_model_training/dags/generate_data_dag.py
[2026-03-26T19:44:05.934+0000] {processor.py:914} INFO - Processing file /home/ec2-user/environment/lab4_model_training/dags/generate_data_dag.py for tasks to queue
[2026-03-26T19:44:05.936+0000] {logging_mixin.py:190} INFO - [2026-03-26T19:44:05.935+0000] {dagbag.py:588} INFO - Filling up the DagBag from /home/ec2-user/environment/lab4_model_training/dags/generate_data_dag.py
[2026-03-26T19:44:07.272+0000] {processor.py:925} INFO - DAG(s) 'generate_data_only' retrieved from /home/ec2-user/environment/lab4_model_training/dags/generate_data_dag.py
[2026-03-26T19:44:07.284+0000] {logging_mixin.py:190} INFO - [2026-03-26T19:44:07.284+0000] {dag.py:3239} INFO - Sync 1 DAGs
[2026-03-26T19:44:07.294+0000] {logging_mixin.py:190} INFO - [2026-03-26T19:44:07.293+0000] {dag.py:4180} INFO - Setting next_dagrun for generate_data_only to None, run_after=None
[2026-03-26T19:44:07.312+0000] {processor.py:208} INFO - Processing /home/ec2-user/environment/lab4_model_training/dags/generate_data_dag.py took 1.383 seconds
[2026-03-26T19:44:37.478+0000] {processor.py:186} INFO - Started process (PID=5885) to work on /home/ec2-user/environment/lab4_model_training/dags/generate_data_dag.py
[2026-03-26T19:44:37.478+0000] {processor.py:914} INFO - Processing file /home/ec2-user/environment/lab4_model_training/dags/generate_data_dag.py for tasks to queue
[2026-03-26T19:44:37.479+0000] {logging_mixin.py:190} INFO - [2026-03-26T19:44:37.479+0000] {dagbag.py:588} INFO - Filling up the DagBag from /home/ec2-user/environment/lab4_model_training/dags/generate_data_dag.py
[2026-03-26T19:44:38.799+0000] {processor.py:925} INFO - DAG(s) 'generate_data_only' retrieved from /home/ec2-user/environment/lab4_model_training/dags/generate_data_dag.py
[2026-03-26T19:44:38.812+0000] {logging_mixin.py:190} INFO - [2026-03-26T19:44:38.812+0000] {dag.py:3239} INFO - Sync 1 DAGs
[2026-03-26T19:44:38.822+0000] {logging_mixin.py:190} INFO - [2026-03-26T19:44:38.822+0000] {dag.py:4180} INFO - Setting next_dagrun for generate_data_only to None, run_after=None
[2026-03-26T19:44:38.839+0000] {processor.py:208} INFO - Processing /home/ec2-user/environment/lab4_model_training/dags/generate_data_dag.py took 1.366 seconds
[2026-03-26T19:45:09.162+0000] {processor.py:186} INFO - Started process (PID=6033) to work on /home/ec2-user/environment/lab4_model_training/dags/generate_data_dag.py
[2026-03-26T19:45:09.163+0000] {processor.py:914} INFO - Processing file /home/ec2-user/environment/lab4_model_training/dags/generate_data_dag.py for tasks to queue
[2026-03-26T19:45:09.165+0000] {logging_mixin.py:190} INFO - [2026-03-26T19:45:09.164+0000] {dagbag.py:588} INFO - Filling up the DagBag from /home/ec2-user/environment/lab4_model_training/dags/generate_data_dag.py
[2026-03-26T19:45:10.499+0000] {processor.py:925} INFO - DAG(s) 'generate_data_only' retrieved from /home/ec2-user/environment/lab4_model_training/dags/generate_data_dag.py
[2026-03-26T19:45:10.512+0000] {logging_mixin.py:190} INFO - [2026-03-26T19:45:10.512+0000] {dag.py:3239} INFO - Sync 1 DAGs
[2026-03-26T19:45:10.523+0000] {logging_mixin.py:190} INFO - [2026-03-26T19:45:10.522+0000] {dag.py:4180} INFO - Setting next_dagrun for generate_data_only to None, run_after=None
[2026-03-26T19:45:10.540+0000] {processor.py:208} INFO - Processing /home/ec2-user/environment/lab4_model_training/dags/generate_data_dag.py took 1.383 seconds
[2026-03-26T19:45:40.754+0000] {processor.py:186} INFO - Started process (PID=6119) to work on /home/ec2-user/environment/lab4_model_training/dags/generate_data_dag.py
[2026-03-26T19:45:40.755+0000] {processor.py:914} INFO - Processing file /home/ec2-user/environment/lab4_model_training/dags/generate_data_dag.py for tasks to queue
[2026-03-26T19:45:40.756+0000] {logging_mixin.py:190} INFO - [2026-03-26T19:45:40.756+0000] {dagbag.py:588} INFO - Filling up the DagBag from /home/ec2-user/environment/lab4_model_training/dags/generate_data_dag.py
[2026-03-26T19:45:42.086+0000] {processor.py:925} INFO - DAG(s) 'generate_data_only' retrieved from /home/ec2-user/environment/lab4_model_training/dags/generate_data_dag.py
[2026-03-26T19:45:42.100+0000] {logging_mixin.py:190} INFO - [2026-03-26T19:45:42.100+0000] {dag.py:3239} INFO - Sync 1 DAGs
[2026-03-26T19:45:42.110+0000] {logging_mixin.py:190} INFO - [2026-03-26T19:45:42.110+0000] {dag.py:4180} INFO - Setting next_dagrun for generate_data_only to None, run_after=None
[2026-03-26T19:45:42.127+0000] {processor.py:208} INFO - Processing /home/ec2-user/environment/lab4_model_training/dags/generate_data_dag.py took 1.378 seconds
[2026-03-26T19:46:12.347+0000] {processor.py:186} INFO - Started process (PID=6158) to work on /home/ec2-user/environment/lab4_model_training/dags/generate_data_dag.py
[2026-03-26T19:46:12.348+0000] {processor.py:914} INFO - Processing file /home/ec2-user/environment/lab4_model_training/dags/generate_data_dag.py for tasks to queue
[2026-03-26T19:46:12.349+0000] {logging_mixin.py:190} INFO - [2026-03-26T19:46:12.349+0000] {dagbag.py:588} INFO - Filling up the DagBag from /home/ec2-user/environment/lab4_model_training/dags/generate_data_dag.py
[2026-03-26T19:46:13.696+0000] {processor.py:925} INFO - DAG(s) 'generate_data_only' retrieved from /home/ec2-user/environment/lab4_model_training/dags/generate_data_dag.py
[2026-03-26T19:46:13.710+0000] {logging_mixin.py:190} INFO - [2026-03-26T19:46:13.710+0000] {dag.py:3239} INFO - Sync 1 DAGs
[2026-03-26T19:46:13.719+0000] {logging_mixin.py:190} INFO - [2026-03-26T19:46:13.719+0000] {dag.py:4180} INFO - Setting next_dagrun for generate_data_only to None, run_after=None
[2026-03-26T19:46:13.737+0000] {processor.py:208} INFO - Processing /home/ec2-user/environment/lab4_model_training/dags/generate_data_dag.py took 1.394 seconds
[2026-03-26T19:46:44.338+0000] {processor.py:186} INFO - Started process (PID=6261) to work on /home/ec2-user/environment/lab4_model_training/dags/generate_data_dag.py
[2026-03-26T19:46:44.339+0000] {processor.py:914} INFO - Processing file /home/ec2-user/environment/lab4_model_training/dags/generate_data_dag.py for tasks to queue
[2026-03-26T19:46:44.340+0000] {logging_mixin.py:190} INFO - [2026-03-26T19:46:44.340+0000] {dagbag.py:588} INFO - Filling up the DagBag from /home/ec2-user/environment/lab4_model_training/dags/generate_data_dag.py
[2026-03-26T19:46:45.659+0000] {processor.py:925} INFO - DAG(s) 'generate_data_only' retrieved from /home/ec2-user/environment/lab4_model_training/dags/generate_data_dag.py
[2026-03-26T19:46:45.672+0000] {logging_mixin.py:190} INFO - [2026-03-26T19:46:45.672+0000] {dag.py:3239} INFO - Sync 1 DAGs
[2026-03-26T19:46:45.682+0000] {logging_mixin.py:190} INFO - [2026-03-26T19:46:45.682+0000] {dag.py:4180} INFO - Setting next_dagrun for generate_data_only to None, run_after=None
[2026-03-26T19:46:45.699+0000] {processor.py:208} INFO - Processing /home/ec2-user/environment/lab4_model_training/dags/generate_data_dag.py took 1.366 seconds
[2026-03-26T19:47:16.599+0000] {processor.py:186} INFO - Started process (PID=6302) to work on /home/ec2-user/environment/lab4_model_training/dags/generate_data_dag.py
[2026-03-26T19:47:16.600+0000] {processor.py:914} INFO - Processing file /home/ec2-user/environment/lab4_model_training/dags/generate_data_dag.py for tasks to queue
[2026-03-26T19:47:16.601+0000] {logging_mixin.py:190} INFO - [2026-03-26T19:47:16.601+0000] {dagbag.py:588} INFO - Filling up the DagBag from /home/ec2-user/environment/lab4_model_training/dags/generate_data_dag.py
[2026-03-26T19:47:17.930+0000] {processor.py:925} INFO - DAG(s) 'generate_data_only' retrieved from /home/ec2-user/environment/lab4_model_training/dags/generate_data_dag.py
[2026-03-26T19:47:17.943+0000] {logging_mixin.py:190} INFO - [2026-03-26T19:47:17.943+0000] {dag.py:3239} INFO - Sync 1 DAGs
[2026-03-26T19:47:17.952+0000] {logging_mixin.py:190} INFO - [2026-03-26T19:47:17.952+0000] {dag.py:4180} INFO - Setting next_dagrun for generate_data_only to None, run_after=None
[2026-03-26T19:47:17.971+0000] {processor.py:208} INFO - Processing /home/ec2-user/environment/lab4_model_training/dags/generate_data_dag.py took 1.377 seconds
[2026-03-26T19:47:48.370+0000] {processor.py:186} INFO - Started process (PID=6328) to work on /home/ec2-user/environment/lab4_model_training/dags/generate_data_dag.py
[2026-03-26T19:47:48.370+0000] {processor.py:914} INFO - Processing file /home/ec2-user/environment/lab4_model_training/dags/generate_data_dag.py for tasks to queue
[2026-03-26T19:47:48.371+0000] {logging_mixin.py:190} INFO - [2026-03-26T19:47:48.371+0000] {dagbag.py:588} INFO - Filling up the DagBag from /home/ec2-user/environment/lab4_model_training/dags/generate_data_dag.py
[2026-03-26T19:47:49.745+0000] {processor.py:925} INFO - DAG(s) 'generate_data_only' retrieved from /home/ec2-user/environment/lab4_model_training/dags/generate_data_dag.py
[2026-03-26T19:47:49.758+0000] {logging_mixin.py:190} INFO - [2026-03-26T19:47:49.758+0000] {dag.py:3239} INFO - Sync 1 DAGs
[2026-03-26T19:47:49.768+0000] {logging_mixin.py:190} INFO - [2026-03-26T19:47:49.768+0000] {dag.py:4180} INFO - Setting next_dagrun for generate_data_only to None, run_after=None
[2026-03-26T19:47:49.787+0000] {processor.py:208} INFO - Processing /home/ec2-user/environment/lab4_model_training/dags/generate_data_dag.py took 1.423 seconds
[2026-03-26T19:48:20.139+0000] {processor.py:186} INFO - Started process (PID=6366) to work on /home/ec2-user/environment/lab4_model_training/dags/generate_data_dag.py
[2026-03-26T19:48:20.140+0000] {processor.py:914} INFO - Processing file /home/ec2-user/environment/lab4_model_training/dags/generate_data_dag.py for tasks to queue
[2026-03-26T19:48:20.141+0000] {logging_mixin.py:190} INFO - [2026-03-26T19:48:20.141+0000] {dagbag.py:588} INFO - Filling up the DagBag from /home/ec2-user/environment/lab4_model_training/dags/generate_data_dag.py
[2026-03-26T19:48:21.496+0000] {processor.py:925} INFO - DAG(s) 'generate_data_only' retrieved from /home/ec2-user/environment/lab4_model_training/dags/generate_data_dag.py
[2026-03-26T19:48:21.509+0000] {logging_mixin.py:190} INFO - [2026-03-26T19:48:21.509+0000] {dag.py:3239} INFO - Sync 1 DAGs
[2026-03-26T19:48:21.518+0000] {logging_mixin.py:190} INFO - [2026-03-26T19:48:21.518+0000] {dag.py:4180} INFO - Setting next_dagrun for generate_data_only to None, run_after=None
[2026-03-26T19:48:21.538+0000] {processor.py:208} INFO - Processing /home/ec2-user/environment/lab4_model_training/dags/generate_data_dag.py took 1.404 seconds
[2026-03-26T19:48:51.911+0000] {processor.py:186} INFO - Started process (PID=6440) to work on /home/ec2-user/environment/lab4_model_training/dags/generate_data_dag.py
[2026-03-26T19:48:51.912+0000] {processor.py:914} INFO - Processing file /home/ec2-user/environment/lab4_model_training/dags/generate_data_dag.py for tasks to queue
[2026-03-26T19:48:51.913+0000] {logging_mixin.py:190} INFO - [2026-03-26T19:48:51.913+0000] {dagbag.py:588} INFO - Filling up the DagBag from /home/ec2-user/environment/lab4_model_training/dags/generate_data_dag.py
[2026-03-26T19:48:53.235+0000] {processor.py:925} INFO - DAG(s) 'generate_data_only' retrieved from /home/ec2-user/environment/lab4_model_training/dags/generate_data_dag.py
[2026-03-26T19:48:53.248+0000] {logging_mixin.py:190} INFO - [2026-03-26T19:48:53.248+0000] {dag.py:3239} INFO - Sync 1 DAGs
[2026-03-26T19:48:53.258+0000] {logging_mixin.py:190} INFO - [2026-03-26T19:48:53.258+0000] {dag.py:4180} INFO - Setting next_dagrun for generate_data_only to None, run_after=None
[2026-03-26T19:48:53.276+0000] {processor.py:208} INFO - Processing /home/ec2-user/environment/lab4_model_training/dags/generate_data_dag.py took 1.370 seconds
[2026-03-26T19:49:23.557+0000] {processor.py:186} INFO - Started process (PID=6478) to work on /home/ec2-user/environment/lab4_model_training/dags/generate_data_dag.py
[2026-03-26T19:49:23.558+0000] {processor.py:914} INFO - Processing file /home/ec2-user/environment/lab4_model_training/dags/generate_data_dag.py for tasks to queue
[2026-03-26T19:49:23.559+0000] {logging_mixin.py:190} INFO - [2026-03-26T19:49:23.559+0000] {dagbag.py:588} INFO - Filling up the DagBag from /home/ec2-user/environment/lab4_model_training/dags/generate_data_dag.py
[2026-03-26T19:49:24.903+0000] {processor.py:925} INFO - DAG(s) 'generate_data_only' retrieved from /home/ec2-user/environment/lab4_model_training/dags/generate_data_dag.py
[2026-03-26T19:49:24.917+0000] {logging_mixin.py:190} INFO - [2026-03-26T19:49:24.917+0000] {dag.py:3239} INFO - Sync 1 DAGs
[2026-03-26T19:49:24.927+0000] {logging_mixin.py:190} INFO - [2026-03-26T19:49:24.927+0000] {dag.py:4180} INFO - Setting next_dagrun for generate_data_only to None, run_after=None
[2026-03-26T19:49:24.944+0000] {processor.py:208} INFO - Processing /home/ec2-user/environment/lab4_model_training/dags/generate_data_dag.py took 1.392 seconds
[2026-03-26T19:49:55.121+0000] {processor.py:186} INFO - Started process (PID=6504) to work on /home/ec2-user/environment/lab4_model_training/dags/generate_data_dag.py
[2026-03-26T19:49:55.123+0000] {processor.py:914} INFO - Processing file /home/ec2-user/environment/lab4_model_training/dags/generate_data_dag.py for tasks to queue
[2026-03-26T19:49:55.124+0000] {logging_mixin.py:190} INFO - [2026-03-26T19:49:55.124+0000] {dagbag.py:588} INFO - Filling up the DagBag from /home/ec2-user/environment/lab4_model_training/dags/generate_data_dag.py
[2026-03-26T19:49:56.434+0000] {processor.py:925} INFO - DAG(s) 'generate_data_only' retrieved from /home/ec2-user/environment/lab4_model_training/dags/generate_data_dag.py
[2026-03-26T19:49:56.448+0000] {logging_mixin.py:190} INFO - [2026-03-26T19:49:56.447+0000] {dag.py:3239} INFO - Sync 1 DAGs
[2026-03-26T19:49:56.457+0000] {logging_mixin.py:190} INFO - [2026-03-26T19:49:56.457+0000] {dag.py:4180} INFO - Setting next_dagrun for generate_data_only to None, run_after=None
[2026-03-26T19:49:56.474+0000] {processor.py:208} INFO - Processing /home/ec2-user/environment/lab4_model_training/dags/generate_data_dag.py took 1.358 seconds
[2026-03-26T19:50:26.785+0000] {processor.py:186} INFO - Started process (PID=6593) to work on /home/ec2-user/environment/lab4_model_training/dags/generate_data_dag.py
[2026-03-26T19:50:26.788+0000] {processor.py:914} INFO - Processing file /home/ec2-user/environment/lab4_model_training/dags/generate_data_dag.py for tasks to queue
[2026-03-26T19:50:26.789+0000] {logging_mixin.py:190} INFO - [2026-03-26T19:50:26.789+0000] {dagbag.py:588} INFO - Filling up the DagBag from /home/ec2-user/environment/lab4_model_training/dags/generate_data_dag.py
[2026-03-26T19:50:28.119+0000] {processor.py:925} INFO - DAG(s) 'generate_data_only' retrieved from /home/ec2-user/environment/lab4_model_training/dags/generate_data_dag.py
[2026-03-26T19:50:28.132+0000] {logging_mixin.py:190} INFO - [2026-03-26T19:50:28.132+0000] {dag.py:3239} INFO - Sync 1 DAGs
[2026-03-26T19:50:28.142+0000] {logging_mixin.py:190} INFO - [2026-03-26T19:50:28.142+0000] {dag.py:4180} INFO - Setting next_dagrun for generate_data_only to None, run_after=None
[2026-03-26T19:50:28.160+0000] {processor.py:208} INFO - Processing /home/ec2-user/environment/lab4_model_training/dags/generate_data_dag.py took 1.380 seconds
[2026-03-26T19:50:59.381+0000] {processor.py:186} INFO - Started process (PID=6623) to work on /home/ec2-user/environment/lab4_model_training/dags/generate_data_dag.py
[2026-03-26T19:50:59.382+0000] {processor.py:914} INFO - Processing file /home/ec2-user/environment/lab4_model_training/dags/generate_data_dag.py for tasks to queue
[2026-03-26T19:50:59.383+0000] {logging_mixin.py:190} INFO - [2026-03-26T19:50:59.383+0000] {dagbag.py:588} INFO - Filling up the DagBag from /home/ec2-user/environment/lab4_model_training/dags/generate_data_dag.py
[2026-03-26T19:51:00.741+0000] {processor.py:925} INFO - DAG(s) 'generate_data_only' retrieved from /home/ec2-user/environment/lab4_model_training/dags/generate_data_dag.py
[2026-03-26T19:51:00.759+0000] {logging_mixin.py:190} INFO - [2026-03-26T19:51:00.759+0000] {dag.py:3239} INFO - Sync 1 DAGs
[2026-03-26T19:51:00.773+0000] {logging_mixin.py:190} INFO - [2026-03-26T19:51:00.773+0000] {dag.py:4180} INFO - Setting next_dagrun for generate_data_only to None, run_after=None
[2026-03-26T19:51:00.798+0000] {processor.py:208} INFO - Processing /home/ec2-user/environment/lab4_model_training/dags/generate_data_dag.py took 1.422 seconds
[2026-03-26T19:51:36.313+0000] {processor.py:186} INFO - Started process (PID=6734) to work on /home/ec2-user/environment/lab4_model_training/dags/generate_data_dag.py
[2026-03-26T19:51:36.314+0000] {processor.py:914} INFO - Processing file /home/ec2-user/environment/lab4_model_training/dags/generate_data_dag.py for tasks to queue
[2026-03-26T19:51:36.316+0000] {logging_mixin.py:190} INFO - [2026-03-26T19:51:36.315+0000] {dagbag.py:588} INFO - Filling up the DagBag from /home/ec2-user/environment/lab4_model_training/dags/generate_data_dag.py
[2026-03-26T19:51:37.654+0000] {processor.py:925} INFO - DAG(s) 'generate_data_only' retrieved from /home/ec2-user/environment/lab4_model_training/dags/generate_data_dag.py
[2026-03-26T19:51:37.667+0000] {logging_mixin.py:190} INFO - [2026-03-26T19:51:37.667+0000] {dag.py:3239} INFO - Sync 1 DAGs
[2026-03-26T19:51:37.676+0000] {logging_mixin.py:190} INFO - [2026-03-26T19:51:37.676+0000] {dag.py:4180} INFO - Setting next_dagrun for generate_data_only to None, run_after=None
[2026-03-26T19:51:37.694+0000] {processor.py:208} INFO - Processing /home/ec2-user/environment/lab4_model_training/dags/generate_data_dag.py took 1.385 seconds
[2026-03-26T19:52:07.942+0000] {processor.py:186} INFO - Started process (PID=6782) to work on /home/ec2-user/environment/lab4_model_training/dags/generate_data_dag.py
[2026-03-26T19:52:07.943+0000] {processor.py:914} INFO - Processing file /home/ec2-user/environment/lab4_model_training/dags/generate_data_dag.py for tasks to queue
[2026-03-26T19:52:07.945+0000] {logging_mixin.py:190} INFO - [2026-03-26T19:52:07.945+0000] {dagbag.py:588} INFO - Filling up the DagBag from /home/ec2-user/environment/lab4_model_training/dags/generate_data_dag.py
[2026-03-26T19:52:09.296+0000] {processor.py:925} INFO - DAG(s) 'generate_data_only' retrieved from /home/ec2-user/environment/lab4_model_training/dags/generate_data_dag.py
[2026-03-26T19:52:09.309+0000] {logging_mixin.py:190} INFO - [2026-03-26T19:52:09.308+0000] {dag.py:3239} INFO - Sync 1 DAGs
[2026-03-26T19:52:09.318+0000] {logging_mixin.py:190} INFO - [2026-03-26T19:52:09.318+0000] {dag.py:4180} INFO - Setting next_dagrun for generate_data_only to None, run_after=None
[2026-03-26T19:52:09.336+0000] {processor.py:208} INFO - Processing /home/ec2-user/environment/lab4_model_training/dags/generate_data_dag.py took 1.398 seconds
[2026-03-26T19:52:40.116+0000] {processor.py:186} INFO - Started process (PID=6811) to work on /home/ec2-user/environment/lab4_model_training/dags/generate_data_dag.py
[2026-03-26T19:52:40.116+0000] {processor.py:914} INFO - Processing file /home/ec2-user/environment/lab4_model_training/dags/generate_data_dag.py for tasks to queue
[2026-03-26T19:52:40.118+0000] {logging_mixin.py:190} INFO - [2026-03-26T19:52:40.118+0000] {dagbag.py:588} INFO - Filling up the DagBag from /home/ec2-user/environment/lab4_model_training/dags/generate_data_dag.py
[2026-03-26T19:52:41.404+0000] {processor.py:925} INFO - DAG(s) 'generate_data_only' retrieved from /home/ec2-user/environment/lab4_model_training/dags/generate_data_dag.py
[2026-03-26T19:52:41.418+0000] {logging_mixin.py:190} INFO - [2026-03-26T19:52:41.418+0000] {dag.py:3239} INFO - Sync 1 DAGs
[2026-03-26T19:52:41.428+0000] {logging_mixin.py:190} INFO - [2026-03-26T19:52:41.427+0000] {dag.py:4180} INFO - Setting next_dagrun for generate_data_only to None, run_after=None
[2026-03-26T19:52:41.448+0000] {processor.py:208} INFO - Processing /home/ec2-user/environment/lab4_model_training/dags/generate_data_dag.py took 1.337 seconds
[2026-03-26T19:53:11.634+0000] {processor.py:186} INFO - Started process (PID=6855) to work on /home/ec2-user/environment/lab4_model_training/dags/generate_data_dag.py
[2026-03-26T19:53:11.635+0000] {processor.py:914} INFO - Processing file /home/ec2-user/environment/lab4_model_training/dags/generate_data_dag.py for tasks to queue
[2026-03-26T19:53:11.637+0000] {logging_mixin.py:190} INFO - [2026-03-26T19:53:11.636+0000] {dagbag.py:588} INFO - Filling up the DagBag from /home/ec2-user/environment/lab4_model_training/dags/generate_data_dag.py
[2026-03-26T19:53:12.922+0000] {processor.py:925} INFO - DAG(s) 'generate_data_only' retrieved from /home/ec2-user/environment/lab4_model_training/dags/generate_data_dag.py
[2026-03-26T19:53:12.936+0000] {logging_mixin.py:190} INFO - [2026-03-26T19:53:12.936+0000] {dag.py:3239} INFO - Sync 1 DAGs
[2026-03-26T19:53:12.948+0000] {logging_mixin.py:190} INFO - [2026-03-26T19:53:12.948+0000] {dag.py:4180} INFO - Setting next_dagrun for generate_data_only to None, run_after=None
[2026-03-26T19:53:12.968+0000] {processor.py:208} INFO - Processing /home/ec2-user/environment/lab4_model_training/dags/generate_data_dag.py took 1.339 seconds
[2026-03-26T19:53:43.156+0000] {processor.py:186} INFO - Started process (PID=6952) to work on /home/ec2-user/environment/lab4_model_training/dags/generate_data_dag.py
[2026-03-26T19:53:43.157+0000] {processor.py:914} INFO - Processing file /home/ec2-user/environment/lab4_model_training/dags/generate_data_dag.py for tasks to queue
[2026-03-26T19:53:43.158+0000] {logging_mixin.py:190} INFO - [2026-03-26T19:53:43.158+0000] {dagbag.py:588} INFO - Filling up the DagBag from /home/ec2-user/environment/lab4_model_training/dags/generate_data_dag.py
[2026-03-26T19:53:44.414+0000] {processor.py:925} INFO - DAG(s) 'generate_data_only' retrieved from /home/ec2-user/environment/lab4_model_training/dags/generate_data_dag.py
[2026-03-26T19:53:44.429+0000] {logging_mixin.py:190} INFO - [2026-03-26T19:53:44.428+0000] {dag.py:3239} INFO - Sync 1 DAGs
[2026-03-26T19:53:44.439+0000] {logging_mixin.py:190} INFO - [2026-03-26T19:53:44.438+0000] {dag.py:4180} INFO - Setting next_dagrun for generate_data_only to None, run_after=None
[2026-03-26T19:53:44.456+0000] {processor.py:208} INFO - Processing /home/ec2-user/environment/lab4_model_training/dags/generate_data_dag.py took 1.305 seconds
[2026-03-26T19:54:14.639+0000] {processor.py:186} INFO - Started process (PID=7016) to work on /home/ec2-user/environment/lab4_model_training/dags/generate_data_dag.py
[2026-03-26T19:54:14.640+0000] {processor.py:914} INFO - Processing file /home/ec2-user/environment/lab4_model_training/dags/generate_data_dag.py for tasks to queue
[2026-03-26T19:54:14.641+0000] {logging_mixin.py:190} INFO - [2026-03-26T19:54:14.641+0000] {dagbag.py:588} INFO - Filling up the DagBag from /home/ec2-user/environment/lab4_model_training/dags/generate_data_dag.py
[2026-03-26T19:54:15.902+0000] {processor.py:925} INFO - DAG(s) 'generate_data_only' retrieved from /home/ec2-user/environment/lab4_model_training/dags/generate_data_dag.py
[2026-03-26T19:54:15.916+0000] {logging_mixin.py:190} INFO - [2026-03-26T19:54:15.915+0000] {dag.py:3239} INFO - Sync 1 DAGs
[2026-03-26T19:54:15.925+0000] {logging_mixin.py:190} INFO - [2026-03-26T19:54:15.925+0000] {dag.py:4180} INFO - Setting next_dagrun for generate_data_only to None, run_after=None
[2026-03-26T19:54:15.943+0000] {processor.py:208} INFO - Processing /home/ec2-user/environment/lab4_model_training/dags/generate_data_dag.py took 1.309 seconds
[2026-03-26T19:54:46.399+0000] {processor.py:186} INFO - Started process (PID=7070) to work on /home/ec2-user/environment/lab4_model_training/dags/generate_data_dag.py
[2026-03-26T19:54:46.400+0000] {processor.py:914} INFO - Processing file /home/ec2-user/environment/lab4_model_training/dags/generate_data_dag.py for tasks to queue
[2026-03-26T19:54:46.401+0000] {logging_mixin.py:190} INFO - [2026-03-26T19:54:46.401+0000] {dagbag.py:588} INFO - Filling up the DagBag from /home/ec2-user/environment/lab4_model_training/dags/generate_data_dag.py
[2026-03-26T19:54:47.663+0000] {processor.py:925} INFO - DAG(s) 'generate_data_only' retrieved from /home/ec2-user/environment/lab4_model_training/dags/generate_data_dag.py
[2026-03-26T19:54:47.676+0000] {logging_mixin.py:190} INFO - [2026-03-26T19:54:47.676+0000] {dag.py:3239} INFO - Sync 1 DAGs
[2026-03-26T19:54:47.686+0000] {logging_mixin.py:190} INFO - [2026-03-26T19:54:47.685+0000] {dag.py:4180} INFO - Setting next_dagrun for generate_data_only to None, run_after=None
[2026-03-26T19:54:47.703+0000] {processor.py:208} INFO - Processing /home/ec2-user/environment/lab4_model_training/dags/generate_data_dag.py took 1.309 seconds
[2026-03-26T19:55:17.873+0000] {processor.py:186} INFO - Started process (PID=7110) to work on /home/ec2-user/environment/lab4_model_training/dags/generate_data_dag.py
[2026-03-26T19:55:17.874+0000] {processor.py:914} INFO - Processing file /home/ec2-user/environment/lab4_model_training/dags/generate_data_dag.py for tasks to queue
[2026-03-26T19:55:17.876+0000] {logging_mixin.py:190} INFO - [2026-03-26T19:55:17.876+0000] {dagbag.py:588} INFO - Filling up the DagBag from /home/ec2-user/environment/lab4_model_training/dags/generate_data_dag.py
[2026-03-26T19:55:19.204+0000] {processor.py:925} INFO - DAG(s) 'generate_data_only' retrieved from /home/ec2-user/environment/lab4_model_training/dags/generate_data_dag.py
[2026-03-26T19:55:19.217+0000] {logging_mixin.py:190} INFO - [2026-03-26T19:55:19.217+0000] {dag.py:3239} INFO - Sync 1 DAGs
[2026-03-26T19:55:19.227+0000] {logging_mixin.py:190} INFO - [2026-03-26T19:55:19.227+0000] {dag.py:4180} INFO - Setting next_dagrun for generate_data_only to None, run_after=None
[2026-03-26T19:55:19.244+0000] {processor.py:208} INFO - Processing /home/ec2-user/environment/lab4_model_training/dags/generate_data_dag.py took 1.376 seconds
[2026-03-26T19:55:50.245+0000] {processor.py:186} INFO - Started process (PID=7210) to work on /home/ec2-user/environment/lab4_model_training/dags/generate_data_dag.py
[2026-03-26T19:55:50.247+0000] {processor.py:914} INFO - Processing file /home/ec2-user/environment/lab4_model_training/dags/generate_data_dag.py for tasks to queue
[2026-03-26T19:55:50.248+0000] {logging_mixin.py:190} INFO - [2026-03-26T19:55:50.248+0000] {dagbag.py:588} INFO - Filling up the DagBag from /home/ec2-user/environment/lab4_model_training/dags/generate_data_dag.py
[2026-03-26T19:55:51.510+0000] {processor.py:925} INFO - DAG(s) 'generate_data_only' retrieved from /home/ec2-user/environment/lab4_model_training/dags/generate_data_dag.py
[2026-03-26T19:55:51.523+0000] {logging_mixin.py:190} INFO - [2026-03-26T19:55:51.523+0000] {dag.py:3239} INFO - Sync 1 DAGs
[2026-03-26T19:55:51.535+0000] {logging_mixin.py:190} INFO - [2026-03-26T19:55:51.534+0000] {dag.py:4180} INFO - Setting next_dagrun for generate_data_only to None, run_after=None
[2026-03-26T19:55:51.553+0000] {processor.py:208} INFO - Processing /home/ec2-user/environment/lab4_model_training/dags/generate_data_dag.py took 1.313 seconds
[2026-03-26T19:56:21.982+0000] {processor.py:186} INFO - Started process (PID=7252) to work on /home/ec2-user/environment/lab4_model_training/dags/generate_data_dag.py
[2026-03-26T19:56:21.984+0000] {processor.py:914} INFO - Processing file /home/ec2-user/environment/lab4_model_training/dags/generate_data_dag.py for tasks to queue
[2026-03-26T19:56:21.985+0000] {logging_mixin.py:190} INFO - [2026-03-26T19:56:21.985+0000] {dagbag.py:588} INFO - Filling up the DagBag from /home/ec2-user/environment/lab4_model_training/dags/generate_data_dag.py
[2026-03-26T19:56:23.255+0000] {processor.py:925} INFO - DAG(s) 'generate_data_only' retrieved from /home/ec2-user/environment/lab4_model_training/dags/generate_data_dag.py
[2026-03-26T19:56:23.268+0000] {logging_mixin.py:190} INFO - [2026-03-26T19:56:23.268+0000] {dag.py:3239} INFO - Sync 1 DAGs
[2026-03-26T19:56:23.278+0000] {logging_mixin.py:190} INFO - [2026-03-26T19:56:23.277+0000] {dag.py:4180} INFO - Setting next_dagrun for generate_data_only to None, run_after=None
[2026-03-26T19:56:23.295+0000] {processor.py:208} INFO - Processing /home/ec2-user/environment/lab4_model_training/dags/generate_data_dag.py took 1.318 seconds
[2026-03-26T19:56:53.560+0000] {processor.py:186} INFO - Started process (PID=7323) to work on /home/ec2-user/environment/lab4_model_training/dags/generate_data_dag.py
[2026-03-26T19:56:53.562+0000] {processor.py:914} INFO - Processing file /home/ec2-user/environment/lab4_model_training/dags/generate_data_dag.py for tasks to queue
[2026-03-26T19:56:53.564+0000] {logging_mixin.py:190} INFO - [2026-03-26T19:56:53.564+0000] {dagbag.py:588} INFO - Filling up the DagBag from /home/ec2-user/environment/lab4_model_training/dags/generate_data_dag.py
[2026-03-26T19:56:54.883+0000] {processor.py:925} INFO - DAG(s) 'generate_data_only' retrieved from /home/ec2-user/environment/lab4_model_training/dags/generate_data_dag.py
[2026-03-26T19:56:54.896+0000] {logging_mixin.py:190} INFO - [2026-03-26T19:56:54.896+0000] {dag.py:3239} INFO - Sync 1 DAGs
[2026-03-26T19:56:54.905+0000] {logging_mixin.py:190} INFO - [2026-03-26T19:56:54.905+0000] {dag.py:4180} INFO - Setting next_dagrun for generate_data_only to None, run_after=None
[2026-03-26T19:56:54.922+0000] {processor.py:208} INFO - Processing /home/ec2-user/environment/lab4_model_training/dags/generate_data_dag.py took 1.367 seconds
[2026-03-26T19:57:25.033+0000] {processor.py:186} INFO - Started process (PID=7469) to work on /home/ec2-user/environment/lab4_model_training/dags/generate_data_dag.py
[2026-03-26T19:57:25.034+0000] {processor.py:914} INFO - Processing file /home/ec2-user/environment/lab4_model_training/dags/generate_data_dag.py for tasks to queue
[2026-03-26T19:57:25.035+0000] {logging_mixin.py:190} INFO - [2026-03-26T19:57:25.035+0000] {dagbag.py:588} INFO - Filling up the DagBag from /home/ec2-user/environment/lab4_model_training/dags/generate_data_dag.py
[2026-03-26T19:57:26.286+0000] {processor.py:925} INFO - DAG(s) 'generate_data_only' retrieved from /home/ec2-user/environment/lab4_model_training/dags/generate_data_dag.py
[2026-03-26T19:57:26.299+0000] {logging_mixin.py:190} INFO - [2026-03-26T19:57:26.299+0000] {dag.py:3239} INFO - Sync 1 DAGs
[2026-03-26T19:57:26.309+0000] {logging_mixin.py:190} INFO - [2026-03-26T19:57:26.309+0000] {dag.py:4180} INFO - Setting next_dagrun for generate_data_only to None, run_after=None
[2026-03-26T19:57:26.328+0000] {processor.py:208} INFO - Processing /home/ec2-user/environment/lab4_model_training/dags/generate_data_dag.py took 1.300 seconds
[2026-03-26T19:57:56.507+0000] {processor.py:186} INFO - Started process (PID=7502) to work on /home/ec2-user/environment/lab4_model_training/dags/generate_data_dag.py
[2026-03-26T19:57:56.508+0000] {processor.py:914} INFO - Processing file /home/ec2-user/environment/lab4_model_training/dags/generate_data_dag.py for tasks to queue
[2026-03-26T19:57:56.509+0000] {logging_mixin.py:190} INFO - [2026-03-26T19:57:56.509+0000] {dagbag.py:588} INFO - Filling up the DagBag from /home/ec2-user/environment/lab4_model_training/dags/generate_data_dag.py
[2026-03-26T19:57:57.779+0000] {processor.py:925} INFO - DAG(s) 'generate_data_only' retrieved from /home/ec2-user/environment/lab4_model_training/dags/generate_data_dag.py
[2026-03-26T19:57:57.792+0000] {logging_mixin.py:190} INFO - [2026-03-26T19:57:57.792+0000] {dag.py:3239} INFO - Sync 1 DAGs
[2026-03-26T19:57:57.803+0000] {logging_mixin.py:190} INFO - [2026-03-26T19:57:57.803+0000] {dag.py:4180} INFO - Setting next_dagrun for generate_data_only to None, run_after=None
[2026-03-26T19:57:57.820+0000] {processor.py:208} INFO - Processing /home/ec2-user/environment/lab4_model_training/dags/generate_data_dag.py took 1.318 seconds
[2026-03-26T19:58:27.980+0000] {processor.py:186} INFO - Started process (PID=7540) to work on /home/ec2-user/environment/lab4_model_training/dags/generate_data_dag.py
[2026-03-26T19:58:27.981+0000] {processor.py:914} INFO - Processing file /home/ec2-user/environment/lab4_model_training/dags/generate_data_dag.py for tasks to queue
[2026-03-26T19:58:27.983+0000] {logging_mixin.py:190} INFO - [2026-03-26T19:58:27.983+0000] {dagbag.py:588} INFO - Filling up the DagBag from /home/ec2-user/environment/lab4_model_training/dags/generate_data_dag.py
[2026-03-26T19:58:29.276+0000] {processor.py:925} INFO - DAG(s) 'generate_data_only' retrieved from /home/ec2-user/environment/lab4_model_training/dags/generate_data_dag.py
[2026-03-26T19:58:29.289+0000] {logging_mixin.py:190} INFO - [2026-03-26T19:58:29.288+0000] {dag.py:3239} INFO - Sync 1 DAGs
[2026-03-26T19:58:29.299+0000] {logging_mixin.py:190} INFO - [2026-03-26T19:58:29.299+0000] {dag.py:4180} INFO - Setting next_dagrun for generate_data_only to None, run_after=None
[2026-03-26T19:58:29.317+0000] {processor.py:208} INFO - Processing /home/ec2-user/environment/lab4_model_training/dags/generate_data_dag.py took 1.342 seconds
[2026-03-26T19:58:59.467+0000] {processor.py:186} INFO - Started process (PID=7610) to work on /home/ec2-user/environment/lab4_model_training/dags/generate_data_dag.py
[2026-03-26T19:58:59.468+0000] {processor.py:914} INFO - Processing file /home/ec2-user/environment/lab4_model_training/dags/generate_data_dag.py for tasks to queue
[2026-03-26T19:58:59.469+0000] {logging_mixin.py:190} INFO - [2026-03-26T19:58:59.469+0000] {dagbag.py:588} INFO - Filling up the DagBag from /home/ec2-user/environment/lab4_model_training/dags/generate_data_dag.py
[2026-03-26T19:59:00.746+0000] {processor.py:925} INFO - DAG(s) 'generate_data_only' retrieved from /home/ec2-user/environment/lab4_model_training/dags/generate_data_dag.py
[2026-03-26T19:59:00.761+0000] {logging_mixin.py:190} INFO - [2026-03-26T19:59:00.760+0000] {dag.py:3239} INFO - Sync 1 DAGs
[2026-03-26T19:59:00.770+0000] {logging_mixin.py:190} INFO - [2026-03-26T19:59:00.770+0000] {dag.py:4180} INFO - Setting next_dagrun for generate_data_only to None, run_after=None
[2026-03-26T19:59:00.788+0000] {processor.py:208} INFO - Processing /home/ec2-user/environment/lab4_model_training/dags/generate_data_dag.py took 1.327 seconds
[2026-03-26T19:59:30.942+0000] {processor.py:186} INFO - Started process (PID=7649) to work on /home/ec2-user/environment/lab4_model_training/dags/generate_data_dag.py
[2026-03-26T19:59:30.943+0000] {processor.py:914} INFO - Processing file /home/ec2-user/environment/lab4_model_training/dags/generate_data_dag.py for tasks to queue
[2026-03-26T19:59:30.945+0000] {logging_mixin.py:190} INFO - [2026-03-26T19:59:30.944+0000] {dagbag.py:588} INFO - Filling up the DagBag from /home/ec2-user/environment/lab4_model_training/dags/generate_data_dag.py
[2026-03-26T19:59:32.195+0000] {processor.py:925} INFO - DAG(s) 'generate_data_only' retrieved from /home/ec2-user/environment/lab4_model_training/dags/generate_data_dag.py
[2026-03-26T19:59:32.209+0000] {logging_mixin.py:190} INFO - [2026-03-26T19:59:32.208+0000] {dag.py:3239} INFO - Sync 1 DAGs
[2026-03-26T19:59:32.218+0000] {logging_mixin.py:190} INFO - [2026-03-26T19:59:32.218+0000] {dag.py:4180} INFO - Setting next_dagrun for generate_data_only to None, run_after=None
[2026-03-26T19:59:32.235+0000] {processor.py:208} INFO - Processing /home/ec2-user/environment/lab4_model_training/dags/generate_data_dag.py took 1.299 seconds
[2026-03-26T20:00:02.417+0000] {processor.py:186} INFO - Started process (PID=7687) to work on /home/ec2-user/environment/lab4_model_training/dags/generate_data_dag.py
[2026-03-26T20:00:02.418+0000] {processor.py:914} INFO - Processing file /home/ec2-user/environment/lab4_model_training/dags/generate_data_dag.py for tasks to queue
[2026-03-26T20:00:02.419+0000] {logging_mixin.py:190} INFO - [2026-03-26T20:00:02.419+0000] {dagbag.py:588} INFO - Filling up the DagBag from /home/ec2-user/environment/lab4_model_training/dags/generate_data_dag.py
[2026-03-26T20:00:03.651+0000] {processor.py:925} INFO - DAG(s) 'generate_data_only' retrieved from /home/ec2-user/environment/lab4_model_training/dags/generate_data_dag.py
[2026-03-26T20:00:03.664+0000] {logging_mixin.py:190} INFO - [2026-03-26T20:00:03.664+0000] {dag.py:3239} INFO - Sync 1 DAGs
[2026-03-26T20:00:03.673+0000] {logging_mixin.py:190} INFO - [2026-03-26T20:00:03.673+0000] {dag.py:4180} INFO - Setting next_dagrun for generate_data_only to None, run_after=None
[2026-03-26T20:00:03.691+0000] {processor.py:208} INFO - Processing /home/ec2-user/environment/lab4_model_training/dags/generate_data_dag.py took 1.279 seconds
[2026-03-26T20:00:33.995+0000] {processor.py:186} INFO - Started process (PID=7810) to work on /home/ec2-user/environment/lab4_model_training/dags/generate_data_dag.py
[2026-03-26T20:00:33.996+0000] {processor.py:914} INFO - Processing file /home/ec2-user/environment/lab4_model_training/dags/generate_data_dag.py for tasks to queue
[2026-03-26T20:00:33.998+0000] {logging_mixin.py:190} INFO - [2026-03-26T20:00:33.997+0000] {dagbag.py:588} INFO - Filling up the DagBag from /home/ec2-user/environment/lab4_model_training/dags/generate_data_dag.py
[2026-03-26T20:00:35.250+0000] {processor.py:925} INFO - DAG(s) 'generate_data_only' retrieved from /home/ec2-user/environment/lab4_model_training/dags/generate_data_dag.py
[2026-03-26T20:00:35.263+0000] {logging_mixin.py:190} INFO - [2026-03-26T20:00:35.263+0000] {dag.py:3239} INFO - Sync 1 DAGs
[2026-03-26T20:00:35.273+0000] {logging_mixin.py:190} INFO - [2026-03-26T20:00:35.273+0000] {dag.py:4180} INFO - Setting next_dagrun for generate_data_only to None, run_after=None
[2026-03-26T20:00:35.290+0000] {processor.py:208} INFO - Processing /home/ec2-user/environment/lab4_model_training/dags/generate_data_dag.py took 1.300 seconds
