[2026-03-26T19:30:41.445+0000] {processor.py:186} INFO - Started process (PID=4000) to work on /home/ec2-user/environment/lab4_model_training/dags/ml_pipeline_dag.py
[2026-03-26T19:30:41.446+0000] {processor.py:914} INFO - Processing file /home/ec2-user/environment/lab4_model_training/dags/ml_pipeline_dag.py for tasks to queue
[2026-03-26T19:30:41.447+0000] {logging_mixin.py:190} INFO - [2026-03-26T19:30:41.447+0000] {dagbag.py:588} INFO - Filling up the DagBag from /home/ec2-user/environment/lab4_model_training/dags/ml_pipeline_dag.py
[2026-03-26T19:30:42.816+0000] {processor.py:925} INFO - DAG(s) 'ml_pipeline' retrieved from /home/ec2-user/environment/lab4_model_training/dags/ml_pipeline_dag.py
[2026-03-26T19:30:42.901+0000] {logging_mixin.py:190} INFO - [2026-03-26T19:30:42.900+0000] {override.py:1930} INFO - Created Permission View: can edit on DAG:ml_pipeline
[2026-03-26T19:30:42.912+0000] {logging_mixin.py:190} INFO - [2026-03-26T19:30:42.912+0000] {override.py:1930} INFO - Created Permission View: can read on DAG:ml_pipeline
[2026-03-26T19:30:42.921+0000] {logging_mixin.py:190} INFO - [2026-03-26T19:30:42.920+0000] {override.py:1930} INFO - Created Permission View: can delete on DAG:ml_pipeline
[2026-03-26T19:30:42.934+0000] {logging_mixin.py:190} INFO - [2026-03-26T19:30:42.934+0000] {override.py:1930} INFO - Created Permission View: menu access on DAG Run:ml_pipeline
[2026-03-26T19:30:42.943+0000] {logging_mixin.py:190} INFO - [2026-03-26T19:30:42.943+0000] {override.py:1930} INFO - Created Permission View: can read on DAG Run:ml_pipeline
[2026-03-26T19:30:42.952+0000] {logging_mixin.py:190} INFO - [2026-03-26T19:30:42.952+0000] {override.py:1930} INFO - Created Permission View: can delete on DAG Run:ml_pipeline
[2026-03-26T19:30:42.960+0000] {logging_mixin.py:190} INFO - [2026-03-26T19:30:42.960+0000] {override.py:1930} INFO - Created Permission View: can create on DAG Run:ml_pipeline
[2026-03-26T19:30:42.961+0000] {logging_mixin.py:190} INFO - [2026-03-26T19:30:42.960+0000] {dag.py:3239} INFO - Sync 1 DAGs
[2026-03-26T19:30:42.971+0000] {logging_mixin.py:190} INFO - [2026-03-26T19:30:42.971+0000] {dag.py:3262} INFO - Creating ORM DAG for ml_pipeline
[2026-03-26T19:30:42.972+0000] {logging_mixin.py:190} INFO - [2026-03-26T19:30:42.971+0000] {dag.py:4180} INFO - Setting next_dagrun for ml_pipeline to None, run_after=None
[2026-03-26T19:30:42.987+0000] {processor.py:208} INFO - Processing /home/ec2-user/environment/lab4_model_training/dags/ml_pipeline_dag.py took 1.546 seconds
[2026-03-26T19:31:14.006+0000] {processor.py:186} INFO - Started process (PID=4038) to work on /home/ec2-user/environment/lab4_model_training/dags/ml_pipeline_dag.py
[2026-03-26T19:31:14.007+0000] {processor.py:914} INFO - Processing file /home/ec2-user/environment/lab4_model_training/dags/ml_pipeline_dag.py for tasks to queue
[2026-03-26T19:31:14.008+0000] {logging_mixin.py:190} INFO - [2026-03-26T19:31:14.008+0000] {dagbag.py:588} INFO - Filling up the DagBag from /home/ec2-user/environment/lab4_model_training/dags/ml_pipeline_dag.py
[2026-03-26T19:31:15.390+0000] {processor.py:925} INFO - DAG(s) 'ml_pipeline' retrieved from /home/ec2-user/environment/lab4_model_training/dags/ml_pipeline_dag.py
[2026-03-26T19:31:15.404+0000] {logging_mixin.py:190} INFO - [2026-03-26T19:31:15.403+0000] {dag.py:3239} INFO - Sync 1 DAGs
[2026-03-26T19:31:15.413+0000] {logging_mixin.py:190} INFO - [2026-03-26T19:31:15.413+0000] {dag.py:4180} INFO - Setting next_dagrun for ml_pipeline to None, run_after=None
[2026-03-26T19:31:15.430+0000] {processor.py:208} INFO - Processing /home/ec2-user/environment/lab4_model_training/dags/ml_pipeline_dag.py took 1.429 seconds
[2026-03-26T19:31:46.461+0000] {processor.py:186} INFO - Started process (PID=4091) to work on /home/ec2-user/environment/lab4_model_training/dags/ml_pipeline_dag.py
[2026-03-26T19:31:46.463+0000] {processor.py:914} INFO - Processing file /home/ec2-user/environment/lab4_model_training/dags/ml_pipeline_dag.py for tasks to queue
[2026-03-26T19:31:46.464+0000] {logging_mixin.py:190} INFO - [2026-03-26T19:31:46.463+0000] {dagbag.py:588} INFO - Filling up the DagBag from /home/ec2-user/environment/lab4_model_training/dags/ml_pipeline_dag.py
[2026-03-26T19:31:47.826+0000] {processor.py:925} INFO - DAG(s) 'ml_pipeline' retrieved from /home/ec2-user/environment/lab4_model_training/dags/ml_pipeline_dag.py
[2026-03-26T19:31:47.839+0000] {logging_mixin.py:190} INFO - [2026-03-26T19:31:47.839+0000] {dag.py:3239} INFO - Sync 1 DAGs
[2026-03-26T19:31:47.848+0000] {logging_mixin.py:190} INFO - [2026-03-26T19:31:47.848+0000] {dag.py:4180} INFO - Setting next_dagrun for ml_pipeline to None, run_after=None
[2026-03-26T19:31:47.865+0000] {processor.py:208} INFO - Processing /home/ec2-user/environment/lab4_model_training/dags/ml_pipeline_dag.py took 1.408 seconds
[2026-03-26T19:32:18.638+0000] {processor.py:186} INFO - Started process (PID=4128) to work on /home/ec2-user/environment/lab4_model_training/dags/ml_pipeline_dag.py
[2026-03-26T19:32:18.639+0000] {processor.py:914} INFO - Processing file /home/ec2-user/environment/lab4_model_training/dags/ml_pipeline_dag.py for tasks to queue
[2026-03-26T19:32:18.641+0000] {logging_mixin.py:190} INFO - [2026-03-26T19:32:18.640+0000] {dagbag.py:588} INFO - Filling up the DagBag from /home/ec2-user/environment/lab4_model_training/dags/ml_pipeline_dag.py
[2026-03-26T19:32:19.994+0000] {processor.py:925} INFO - DAG(s) 'ml_pipeline' retrieved from /home/ec2-user/environment/lab4_model_training/dags/ml_pipeline_dag.py
[2026-03-26T19:32:20.008+0000] {logging_mixin.py:190} INFO - [2026-03-26T19:32:20.008+0000] {dag.py:3239} INFO - Sync 1 DAGs
[2026-03-26T19:32:20.017+0000] {logging_mixin.py:190} INFO - [2026-03-26T19:32:20.017+0000] {dag.py:4180} INFO - Setting next_dagrun for ml_pipeline to None, run_after=None
[2026-03-26T19:32:20.034+0000] {processor.py:208} INFO - Processing /home/ec2-user/environment/lab4_model_training/dags/ml_pipeline_dag.py took 1.401 seconds
[2026-03-26T19:32:50.230+0000] {processor.py:186} INFO - Started process (PID=4199) to work on /home/ec2-user/environment/lab4_model_training/dags/ml_pipeline_dag.py
[2026-03-26T19:32:50.231+0000] {processor.py:914} INFO - Processing file /home/ec2-user/environment/lab4_model_training/dags/ml_pipeline_dag.py for tasks to queue
[2026-03-26T19:32:50.233+0000] {logging_mixin.py:190} INFO - [2026-03-26T19:32:50.232+0000] {dagbag.py:588} INFO - Filling up the DagBag from /home/ec2-user/environment/lab4_model_training/dags/ml_pipeline_dag.py
[2026-03-26T19:32:51.629+0000] {processor.py:925} INFO - DAG(s) 'ml_pipeline' retrieved from /home/ec2-user/environment/lab4_model_training/dags/ml_pipeline_dag.py
[2026-03-26T19:32:51.642+0000] {logging_mixin.py:190} INFO - [2026-03-26T19:32:51.641+0000] {dag.py:3239} INFO - Sync 1 DAGs
[2026-03-26T19:32:51.651+0000] {logging_mixin.py:190} INFO - [2026-03-26T19:32:51.651+0000] {dag.py:4180} INFO - Setting next_dagrun for ml_pipeline to None, run_after=None
[2026-03-26T19:32:51.670+0000] {processor.py:208} INFO - Processing /home/ec2-user/environment/lab4_model_training/dags/ml_pipeline_dag.py took 1.444 seconds
[2026-03-26T19:33:21.823+0000] {processor.py:186} INFO - Started process (PID=4234) to work on /home/ec2-user/environment/lab4_model_training/dags/ml_pipeline_dag.py
[2026-03-26T19:33:21.824+0000] {processor.py:914} INFO - Processing file /home/ec2-user/environment/lab4_model_training/dags/ml_pipeline_dag.py for tasks to queue
[2026-03-26T19:33:21.825+0000] {logging_mixin.py:190} INFO - [2026-03-26T19:33:21.825+0000] {dagbag.py:588} INFO - Filling up the DagBag from /home/ec2-user/environment/lab4_model_training/dags/ml_pipeline_dag.py
[2026-03-26T19:33:23.185+0000] {processor.py:925} INFO - DAG(s) 'ml_pipeline' retrieved from /home/ec2-user/environment/lab4_model_training/dags/ml_pipeline_dag.py
[2026-03-26T19:33:23.198+0000] {logging_mixin.py:190} INFO - [2026-03-26T19:33:23.198+0000] {dag.py:3239} INFO - Sync 1 DAGs
[2026-03-26T19:33:23.208+0000] {logging_mixin.py:190} INFO - [2026-03-26T19:33:23.208+0000] {dag.py:4180} INFO - Setting next_dagrun for ml_pipeline to None, run_after=None
[2026-03-26T19:33:23.226+0000] {processor.py:208} INFO - Processing /home/ec2-user/environment/lab4_model_training/dags/ml_pipeline_dag.py took 1.408 seconds
[2026-03-26T19:33:53.415+0000] {processor.py:186} INFO - Started process (PID=4306) to work on /home/ec2-user/environment/lab4_model_training/dags/ml_pipeline_dag.py
[2026-03-26T19:33:53.417+0000] {processor.py:914} INFO - Processing file /home/ec2-user/environment/lab4_model_training/dags/ml_pipeline_dag.py for tasks to queue
[2026-03-26T19:33:53.418+0000] {logging_mixin.py:190} INFO - [2026-03-26T19:33:53.418+0000] {dagbag.py:588} INFO - Filling up the DagBag from /home/ec2-user/environment/lab4_model_training/dags/ml_pipeline_dag.py
[2026-03-26T19:33:54.782+0000] {processor.py:925} INFO - DAG(s) 'ml_pipeline' retrieved from /home/ec2-user/environment/lab4_model_training/dags/ml_pipeline_dag.py
[2026-03-26T19:33:54.795+0000] {logging_mixin.py:190} INFO - [2026-03-26T19:33:54.794+0000] {dag.py:3239} INFO - Sync 1 DAGs
[2026-03-26T19:33:54.805+0000] {logging_mixin.py:190} INFO - [2026-03-26T19:33:54.805+0000] {dag.py:4180} INFO - Setting next_dagrun for ml_pipeline to None, run_after=None
[2026-03-26T19:33:54.822+0000] {processor.py:208} INFO - Processing /home/ec2-user/environment/lab4_model_training/dags/ml_pipeline_dag.py took 1.411 seconds
[2026-03-26T19:34:25.011+0000] {processor.py:186} INFO - Started process (PID=4341) to work on /home/ec2-user/environment/lab4_model_training/dags/ml_pipeline_dag.py
[2026-03-26T19:34:25.012+0000] {processor.py:914} INFO - Processing file /home/ec2-user/environment/lab4_model_training/dags/ml_pipeline_dag.py for tasks to queue
[2026-03-26T19:34:25.013+0000] {logging_mixin.py:190} INFO - [2026-03-26T19:34:25.013+0000] {dagbag.py:588} INFO - Filling up the DagBag from /home/ec2-user/environment/lab4_model_training/dags/ml_pipeline_dag.py
[2026-03-26T19:34:26.405+0000] {processor.py:925} INFO - DAG(s) 'ml_pipeline' retrieved from /home/ec2-user/environment/lab4_model_training/dags/ml_pipeline_dag.py
[2026-03-26T19:34:26.419+0000] {logging_mixin.py:190} INFO - [2026-03-26T19:34:26.419+0000] {dag.py:3239} INFO - Sync 1 DAGs
[2026-03-26T19:34:26.430+0000] {logging_mixin.py:190} INFO - [2026-03-26T19:34:26.430+0000] {dag.py:4180} INFO - Setting next_dagrun for ml_pipeline to None, run_after=None
[2026-03-26T19:34:26.449+0000] {processor.py:208} INFO - Processing /home/ec2-user/environment/lab4_model_training/dags/ml_pipeline_dag.py took 1.442 seconds
[2026-03-26T19:34:56.608+0000] {processor.py:186} INFO - Started process (PID=4413) to work on /home/ec2-user/environment/lab4_model_training/dags/ml_pipeline_dag.py
[2026-03-26T19:34:56.609+0000] {processor.py:914} INFO - Processing file /home/ec2-user/environment/lab4_model_training/dags/ml_pipeline_dag.py for tasks to queue
[2026-03-26T19:34:56.610+0000] {logging_mixin.py:190} INFO - [2026-03-26T19:34:56.610+0000] {dagbag.py:588} INFO - Filling up the DagBag from /home/ec2-user/environment/lab4_model_training/dags/ml_pipeline_dag.py
[2026-03-26T19:34:57.974+0000] {processor.py:925} INFO - DAG(s) 'ml_pipeline' retrieved from /home/ec2-user/environment/lab4_model_training/dags/ml_pipeline_dag.py
[2026-03-26T19:34:57.988+0000] {logging_mixin.py:190} INFO - [2026-03-26T19:34:57.987+0000] {dag.py:3239} INFO - Sync 1 DAGs
[2026-03-26T19:34:57.997+0000] {logging_mixin.py:190} INFO - [2026-03-26T19:34:57.997+0000] {dag.py:4180} INFO - Setting next_dagrun for ml_pipeline to None, run_after=None
[2026-03-26T19:34:58.014+0000] {processor.py:208} INFO - Processing /home/ec2-user/environment/lab4_model_training/dags/ml_pipeline_dag.py took 1.411 seconds
[2026-03-26T19:35:28.202+0000] {processor.py:186} INFO - Started process (PID=4449) to work on /home/ec2-user/environment/lab4_model_training/dags/ml_pipeline_dag.py
[2026-03-26T19:35:28.203+0000] {processor.py:914} INFO - Processing file /home/ec2-user/environment/lab4_model_training/dags/ml_pipeline_dag.py for tasks to queue
[2026-03-26T19:35:28.205+0000] {logging_mixin.py:190} INFO - [2026-03-26T19:35:28.204+0000] {dagbag.py:588} INFO - Filling up the DagBag from /home/ec2-user/environment/lab4_model_training/dags/ml_pipeline_dag.py
[2026-03-26T19:35:29.613+0000] {processor.py:925} INFO - DAG(s) 'ml_pipeline' retrieved from /home/ec2-user/environment/lab4_model_training/dags/ml_pipeline_dag.py
[2026-03-26T19:35:29.629+0000] {logging_mixin.py:190} INFO - [2026-03-26T19:35:29.628+0000] {dag.py:3239} INFO - Sync 1 DAGs
[2026-03-26T19:35:29.638+0000] {logging_mixin.py:190} INFO - [2026-03-26T19:35:29.638+0000] {dag.py:4180} INFO - Setting next_dagrun for ml_pipeline to None, run_after=None
[2026-03-26T19:35:29.657+0000] {processor.py:208} INFO - Processing /home/ec2-user/environment/lab4_model_training/dags/ml_pipeline_dag.py took 1.460 seconds
[2026-03-26T19:35:59.800+0000] {processor.py:186} INFO - Started process (PID=4472) to work on /home/ec2-user/environment/lab4_model_training/dags/ml_pipeline_dag.py
[2026-03-26T19:35:59.801+0000] {processor.py:914} INFO - Processing file /home/ec2-user/environment/lab4_model_training/dags/ml_pipeline_dag.py for tasks to queue
[2026-03-26T19:35:59.802+0000] {logging_mixin.py:190} INFO - [2026-03-26T19:35:59.802+0000] {dagbag.py:588} INFO - Filling up the DagBag from /home/ec2-user/environment/lab4_model_training/dags/ml_pipeline_dag.py
[2026-03-26T19:36:01.163+0000] {processor.py:925} INFO - DAG(s) 'ml_pipeline' retrieved from /home/ec2-user/environment/lab4_model_training/dags/ml_pipeline_dag.py
[2026-03-26T19:36:01.177+0000] {logging_mixin.py:190} INFO - [2026-03-26T19:36:01.176+0000] {dag.py:3239} INFO - Sync 1 DAGs
[2026-03-26T19:36:01.186+0000] {logging_mixin.py:190} INFO - [2026-03-26T19:36:01.186+0000] {dag.py:4180} INFO - Setting next_dagrun for ml_pipeline to None, run_after=None
[2026-03-26T19:36:01.204+0000] {processor.py:208} INFO - Processing /home/ec2-user/environment/lab4_model_training/dags/ml_pipeline_dag.py took 1.409 seconds
[2026-03-26T19:36:31.395+0000] {processor.py:186} INFO - Started process (PID=4561) to work on /home/ec2-user/environment/lab4_model_training/dags/ml_pipeline_dag.py
[2026-03-26T19:36:31.396+0000] {processor.py:914} INFO - Processing file /home/ec2-user/environment/lab4_model_training/dags/ml_pipeline_dag.py for tasks to queue
[2026-03-26T19:36:31.398+0000] {logging_mixin.py:190} INFO - [2026-03-26T19:36:31.397+0000] {dagbag.py:588} INFO - Filling up the DagBag from /home/ec2-user/environment/lab4_model_training/dags/ml_pipeline_dag.py
[2026-03-26T19:36:32.769+0000] {processor.py:925} INFO - DAG(s) 'ml_pipeline' retrieved from /home/ec2-user/environment/lab4_model_training/dags/ml_pipeline_dag.py
[2026-03-26T19:36:32.782+0000] {logging_mixin.py:190} INFO - [2026-03-26T19:36:32.782+0000] {dag.py:3239} INFO - Sync 1 DAGs
[2026-03-26T19:36:32.791+0000] {logging_mixin.py:190} INFO - [2026-03-26T19:36:32.791+0000] {dag.py:4180} INFO - Setting next_dagrun for ml_pipeline to None, run_after=None
[2026-03-26T19:36:32.809+0000] {processor.py:208} INFO - Processing /home/ec2-user/environment/lab4_model_training/dags/ml_pipeline_dag.py took 1.418 seconds
[2026-03-26T19:37:02.990+0000] {processor.py:186} INFO - Started process (PID=4610) to work on /home/ec2-user/environment/lab4_model_training/dags/ml_pipeline_dag.py
[2026-03-26T19:37:02.991+0000] {processor.py:914} INFO - Processing file /home/ec2-user/environment/lab4_model_training/dags/ml_pipeline_dag.py for tasks to queue
[2026-03-26T19:37:02.992+0000] {logging_mixin.py:190} INFO - [2026-03-26T19:37:02.992+0000] {dagbag.py:588} INFO - Filling up the DagBag from /home/ec2-user/environment/lab4_model_training/dags/ml_pipeline_dag.py
[2026-03-26T19:37:04.332+0000] {processor.py:925} INFO - DAG(s) 'ml_pipeline' retrieved from /home/ec2-user/environment/lab4_model_training/dags/ml_pipeline_dag.py
[2026-03-26T19:37:04.345+0000] {logging_mixin.py:190} INFO - [2026-03-26T19:37:04.344+0000] {dag.py:3239} INFO - Sync 1 DAGs
[2026-03-26T19:37:04.354+0000] {logging_mixin.py:190} INFO - [2026-03-26T19:37:04.354+0000] {dag.py:4180} INFO - Setting next_dagrun for ml_pipeline to None, run_after=None
[2026-03-26T19:37:04.371+0000] {processor.py:208} INFO - Processing /home/ec2-user/environment/lab4_model_training/dags/ml_pipeline_dag.py took 1.386 seconds
[2026-03-26T19:37:34.482+0000] {processor.py:186} INFO - Started process (PID=4638) to work on /home/ec2-user/environment/lab4_model_training/dags/ml_pipeline_dag.py
[2026-03-26T19:37:34.483+0000] {processor.py:914} INFO - Processing file /home/ec2-user/environment/lab4_model_training/dags/ml_pipeline_dag.py for tasks to queue
[2026-03-26T19:37:34.485+0000] {logging_mixin.py:190} INFO - [2026-03-26T19:37:34.484+0000] {dagbag.py:588} INFO - Filling up the DagBag from /home/ec2-user/environment/lab4_model_training/dags/ml_pipeline_dag.py
[2026-03-26T19:37:35.875+0000] {processor.py:925} INFO - DAG(s) 'ml_pipeline' retrieved from /home/ec2-user/environment/lab4_model_training/dags/ml_pipeline_dag.py
[2026-03-26T19:37:35.889+0000] {logging_mixin.py:190} INFO - [2026-03-26T19:37:35.888+0000] {dag.py:3239} INFO - Sync 1 DAGs
[2026-03-26T19:37:35.899+0000] {logging_mixin.py:190} INFO - [2026-03-26T19:37:35.899+0000] {dag.py:4180} INFO - Setting next_dagrun for ml_pipeline to None, run_after=None
[2026-03-26T19:37:35.916+0000] {processor.py:208} INFO - Processing /home/ec2-user/environment/lab4_model_training/dags/ml_pipeline_dag.py took 1.439 seconds
[2026-03-26T19:38:06.071+0000] {processor.py:186} INFO - Started process (PID=4679) to work on /home/ec2-user/environment/lab4_model_training/dags/ml_pipeline_dag.py
[2026-03-26T19:38:06.071+0000] {processor.py:914} INFO - Processing file /home/ec2-user/environment/lab4_model_training/dags/ml_pipeline_dag.py for tasks to queue
[2026-03-26T19:38:06.072+0000] {logging_mixin.py:190} INFO - [2026-03-26T19:38:06.072+0000] {dagbag.py:588} INFO - Filling up the DagBag from /home/ec2-user/environment/lab4_model_training/dags/ml_pipeline_dag.py
[2026-03-26T19:38:07.468+0000] {processor.py:925} INFO - DAG(s) 'ml_pipeline' retrieved from /home/ec2-user/environment/lab4_model_training/dags/ml_pipeline_dag.py
[2026-03-26T19:38:07.481+0000] {logging_mixin.py:190} INFO - [2026-03-26T19:38:07.481+0000] {dag.py:3239} INFO - Sync 1 DAGs
[2026-03-26T19:38:07.492+0000] {logging_mixin.py:190} INFO - [2026-03-26T19:38:07.492+0000] {dag.py:4180} INFO - Setting next_dagrun for ml_pipeline to None, run_after=None
[2026-03-26T19:38:07.509+0000] {processor.py:208} INFO - Processing /home/ec2-user/environment/lab4_model_training/dags/ml_pipeline_dag.py took 1.443 seconds
[2026-03-26T19:38:37.670+0000] {processor.py:186} INFO - Started process (PID=4774) to work on /home/ec2-user/environment/lab4_model_training/dags/ml_pipeline_dag.py
[2026-03-26T19:38:37.672+0000] {processor.py:914} INFO - Processing file /home/ec2-user/environment/lab4_model_training/dags/ml_pipeline_dag.py for tasks to queue
[2026-03-26T19:38:37.672+0000] {logging_mixin.py:190} INFO - [2026-03-26T19:38:37.672+0000] {dagbag.py:588} INFO - Filling up the DagBag from /home/ec2-user/environment/lab4_model_training/dags/ml_pipeline_dag.py
[2026-03-26T19:38:39.093+0000] {processor.py:925} INFO - DAG(s) 'ml_pipeline' retrieved from /home/ec2-user/environment/lab4_model_training/dags/ml_pipeline_dag.py
[2026-03-26T19:38:39.109+0000] {logging_mixin.py:190} INFO - [2026-03-26T19:38:39.109+0000] {dag.py:3239} INFO - Sync 1 DAGs
[2026-03-26T19:38:39.120+0000] {logging_mixin.py:190} INFO - [2026-03-26T19:38:39.120+0000] {dag.py:4180} INFO - Setting next_dagrun for ml_pipeline to None, run_after=None
[2026-03-26T19:38:39.137+0000] {processor.py:208} INFO - Processing /home/ec2-user/environment/lab4_model_training/dags/ml_pipeline_dag.py took 1.471 seconds
[2026-03-26T19:39:09.267+0000] {processor.py:186} INFO - Started process (PID=4808) to work on /home/ec2-user/environment/lab4_model_training/dags/ml_pipeline_dag.py
[2026-03-26T19:39:09.268+0000] {processor.py:914} INFO - Processing file /home/ec2-user/environment/lab4_model_training/dags/ml_pipeline_dag.py for tasks to queue
[2026-03-26T19:39:09.269+0000] {logging_mixin.py:190} INFO - [2026-03-26T19:39:09.269+0000] {dagbag.py:588} INFO - Filling up the DagBag from /home/ec2-user/environment/lab4_model_training/dags/ml_pipeline_dag.py
[2026-03-26T19:39:10.802+0000] {processor.py:925} INFO - DAG(s) 'ml_pipeline' retrieved from /home/ec2-user/environment/lab4_model_training/dags/ml_pipeline_dag.py
[2026-03-26T19:39:10.821+0000] {logging_mixin.py:190} INFO - [2026-03-26T19:39:10.821+0000] {dag.py:3239} INFO - Sync 1 DAGs
[2026-03-26T19:39:10.836+0000] {logging_mixin.py:190} INFO - [2026-03-26T19:39:10.836+0000] {dag.py:4180} INFO - Setting next_dagrun for ml_pipeline to None, run_after=None
[2026-03-26T19:39:10.852+0000] {processor.py:208} INFO - Processing /home/ec2-user/environment/lab4_model_training/dags/ml_pipeline_dag.py took 1.590 seconds
[2026-03-26T19:39:40.989+0000] {processor.py:186} INFO - Started process (PID=5225) to work on /home/ec2-user/environment/lab4_model_training/dags/ml_pipeline_dag.py
[2026-03-26T19:39:40.989+0000] {processor.py:914} INFO - Processing file /home/ec2-user/environment/lab4_model_training/dags/ml_pipeline_dag.py for tasks to queue
[2026-03-26T19:39:40.990+0000] {logging_mixin.py:190} INFO - [2026-03-26T19:39:40.990+0000] {dagbag.py:588} INFO - Filling up the DagBag from /home/ec2-user/environment/lab4_model_training/dags/ml_pipeline_dag.py
[2026-03-26T19:39:42.268+0000] {processor.py:925} INFO - DAG(s) 'ml_pipeline' retrieved from /home/ec2-user/environment/lab4_model_training/dags/ml_pipeline_dag.py
[2026-03-26T19:39:42.282+0000] {logging_mixin.py:190} INFO - [2026-03-26T19:39:42.282+0000] {dag.py:3239} INFO - Sync 1 DAGs
[2026-03-26T19:39:42.292+0000] {logging_mixin.py:190} INFO - [2026-03-26T19:39:42.292+0000] {dag.py:4180} INFO - Setting next_dagrun for ml_pipeline to None, run_after=None
[2026-03-26T19:39:42.310+0000] {processor.py:208} INFO - Processing /home/ec2-user/environment/lab4_model_training/dags/ml_pipeline_dag.py took 1.326 seconds
[2026-03-26T19:40:13.845+0000] {processor.py:186} INFO - Started process (PID=5288) to work on /home/ec2-user/environment/lab4_model_training/dags/ml_pipeline_dag.py
[2026-03-26T19:40:13.847+0000] {processor.py:914} INFO - Processing file /home/ec2-user/environment/lab4_model_training/dags/ml_pipeline_dag.py for tasks to queue
[2026-03-26T19:40:13.848+0000] {logging_mixin.py:190} INFO - [2026-03-26T19:40:13.848+0000] {dagbag.py:588} INFO - Filling up the DagBag from /home/ec2-user/environment/lab4_model_training/dags/ml_pipeline_dag.py
[2026-03-26T19:40:15.143+0000] {processor.py:925} INFO - DAG(s) 'ml_pipeline' retrieved from /home/ec2-user/environment/lab4_model_training/dags/ml_pipeline_dag.py
[2026-03-26T19:40:15.158+0000] {logging_mixin.py:190} INFO - [2026-03-26T19:40:15.157+0000] {dag.py:3239} INFO - Sync 1 DAGs
[2026-03-26T19:40:15.167+0000] {logging_mixin.py:190} INFO - [2026-03-26T19:40:15.167+0000] {dag.py:4180} INFO - Setting next_dagrun for ml_pipeline to None, run_after=None
[2026-03-26T19:40:15.188+0000] {processor.py:208} INFO - Processing /home/ec2-user/environment/lab4_model_training/dags/ml_pipeline_dag.py took 1.348 seconds
[2026-03-26T19:40:46.276+0000] {processor.py:186} INFO - Started process (PID=5329) to work on /home/ec2-user/environment/lab4_model_training/dags/ml_pipeline_dag.py
[2026-03-26T19:40:46.277+0000] {processor.py:914} INFO - Processing file /home/ec2-user/environment/lab4_model_training/dags/ml_pipeline_dag.py for tasks to queue
[2026-03-26T19:40:46.278+0000] {logging_mixin.py:190} INFO - [2026-03-26T19:40:46.278+0000] {dagbag.py:588} INFO - Filling up the DagBag from /home/ec2-user/environment/lab4_model_training/dags/ml_pipeline_dag.py
[2026-03-26T19:40:47.564+0000] {processor.py:925} INFO - DAG(s) 'ml_pipeline' retrieved from /home/ec2-user/environment/lab4_model_training/dags/ml_pipeline_dag.py
[2026-03-26T19:40:47.578+0000] {logging_mixin.py:190} INFO - [2026-03-26T19:40:47.578+0000] {dag.py:3239} INFO - Sync 1 DAGs
[2026-03-26T19:40:47.587+0000] {logging_mixin.py:190} INFO - [2026-03-26T19:40:47.587+0000] {dag.py:4180} INFO - Setting next_dagrun for ml_pipeline to None, run_after=None
[2026-03-26T19:40:47.605+0000] {processor.py:208} INFO - Processing /home/ec2-user/environment/lab4_model_training/dags/ml_pipeline_dag.py took 1.333 seconds
[2026-03-26T19:41:17.739+0000] {processor.py:186} INFO - Started process (PID=5369) to work on /home/ec2-user/environment/lab4_model_training/dags/ml_pipeline_dag.py
[2026-03-26T19:41:17.741+0000] {processor.py:914} INFO - Processing file /home/ec2-user/environment/lab4_model_training/dags/ml_pipeline_dag.py for tasks to queue
[2026-03-26T19:41:17.742+0000] {logging_mixin.py:190} INFO - [2026-03-26T19:41:17.742+0000] {dagbag.py:588} INFO - Filling up the DagBag from /home/ec2-user/environment/lab4_model_training/dags/ml_pipeline_dag.py
[2026-03-26T19:41:19.063+0000] {processor.py:925} INFO - DAG(s) 'ml_pipeline' retrieved from /home/ec2-user/environment/lab4_model_training/dags/ml_pipeline_dag.py
[2026-03-26T19:41:19.077+0000] {logging_mixin.py:190} INFO - [2026-03-26T19:41:19.077+0000] {dag.py:3239} INFO - Sync 1 DAGs
[2026-03-26T19:41:19.086+0000] {logging_mixin.py:190} INFO - [2026-03-26T19:41:19.086+0000] {dag.py:4180} INFO - Setting next_dagrun for ml_pipeline to None, run_after=None
[2026-03-26T19:41:19.105+0000] {processor.py:208} INFO - Processing /home/ec2-user/environment/lab4_model_training/dags/ml_pipeline_dag.py took 1.370 seconds
[2026-03-26T19:41:49.207+0000] {processor.py:186} INFO - Started process (PID=5461) to work on /home/ec2-user/environment/lab4_model_training/dags/ml_pipeline_dag.py
[2026-03-26T19:41:49.208+0000] {processor.py:914} INFO - Processing file /home/ec2-user/environment/lab4_model_training/dags/ml_pipeline_dag.py for tasks to queue
[2026-03-26T19:41:49.209+0000] {logging_mixin.py:190} INFO - [2026-03-26T19:41:49.209+0000] {dagbag.py:588} INFO - Filling up the DagBag from /home/ec2-user/environment/lab4_model_training/dags/ml_pipeline_dag.py
[2026-03-26T19:41:50.511+0000] {processor.py:925} INFO - DAG(s) 'ml_pipeline' retrieved from /home/ec2-user/environment/lab4_model_training/dags/ml_pipeline_dag.py
[2026-03-26T19:41:50.527+0000] {logging_mixin.py:190} INFO - [2026-03-26T19:41:50.526+0000] {dag.py:3239} INFO - Sync 1 DAGs
[2026-03-26T19:41:50.536+0000] {logging_mixin.py:190} INFO - [2026-03-26T19:41:50.536+0000] {dag.py:4180} INFO - Setting next_dagrun for ml_pipeline to None, run_after=None
[2026-03-26T19:41:50.556+0000] {processor.py:208} INFO - Processing /home/ec2-user/environment/lab4_model_training/dags/ml_pipeline_dag.py took 1.354 seconds
[2026-03-26T19:44:08.240+0000] {processor.py:186} INFO - Started process (PID=5814) to work on /home/ec2-user/environment/lab4_model_training/dags/ml_pipeline_dag.py
[2026-03-26T19:44:08.241+0000] {processor.py:914} INFO - Processing file /home/ec2-user/environment/lab4_model_training/dags/ml_pipeline_dag.py for tasks to queue
[2026-03-26T19:44:08.242+0000] {logging_mixin.py:190} INFO - [2026-03-26T19:44:08.242+0000] {dagbag.py:588} INFO - Filling up the DagBag from /home/ec2-user/environment/lab4_model_training/dags/ml_pipeline_dag.py
[2026-03-26T19:44:09.647+0000] {processor.py:925} INFO - DAG(s) 'ml_pipeline' retrieved from /home/ec2-user/environment/lab4_model_training/dags/ml_pipeline_dag.py
[2026-03-26T19:44:09.661+0000] {logging_mixin.py:190} INFO - [2026-03-26T19:44:09.661+0000] {dag.py:3239} INFO - Sync 1 DAGs
[2026-03-26T19:44:09.670+0000] {logging_mixin.py:190} INFO - [2026-03-26T19:44:09.670+0000] {dag.py:4180} INFO - Setting next_dagrun for ml_pipeline to None, run_after=None
[2026-03-26T19:44:09.690+0000] {processor.py:208} INFO - Processing /home/ec2-user/environment/lab4_model_training/dags/ml_pipeline_dag.py took 1.455 seconds
[2026-03-26T19:44:39.914+0000] {processor.py:186} INFO - Started process (PID=5925) to work on /home/ec2-user/environment/lab4_model_training/dags/ml_pipeline_dag.py
[2026-03-26T19:44:39.916+0000] {processor.py:914} INFO - Processing file /home/ec2-user/environment/lab4_model_training/dags/ml_pipeline_dag.py for tasks to queue
[2026-03-26T19:44:39.917+0000] {logging_mixin.py:190} INFO - [2026-03-26T19:44:39.917+0000] {dagbag.py:588} INFO - Filling up the DagBag from /home/ec2-user/environment/lab4_model_training/dags/ml_pipeline_dag.py
[2026-03-26T19:44:41.947+0000] {processor.py:925} INFO - DAG(s) 'ml_pipeline' retrieved from /home/ec2-user/environment/lab4_model_training/dags/ml_pipeline_dag.py
[2026-03-26T19:44:41.966+0000] {logging_mixin.py:190} INFO - [2026-03-26T19:44:41.966+0000] {dag.py:3239} INFO - Sync 1 DAGs
[2026-03-26T19:44:41.980+0000] {logging_mixin.py:190} INFO - [2026-03-26T19:44:41.979+0000] {dag.py:4180} INFO - Setting next_dagrun for ml_pipeline to None, run_after=None
[2026-03-26T19:44:42.004+0000] {processor.py:208} INFO - Processing /home/ec2-user/environment/lab4_model_training/dags/ml_pipeline_dag.py took 2.094 seconds
[2026-03-26T19:45:12.625+0000] {processor.py:186} INFO - Started process (PID=6036) to work on /home/ec2-user/environment/lab4_model_training/dags/ml_pipeline_dag.py
[2026-03-26T19:45:12.627+0000] {processor.py:914} INFO - Processing file /home/ec2-user/environment/lab4_model_training/dags/ml_pipeline_dag.py for tasks to queue
[2026-03-26T19:45:12.628+0000] {logging_mixin.py:190} INFO - [2026-03-26T19:45:12.628+0000] {dagbag.py:588} INFO - Filling up the DagBag from /home/ec2-user/environment/lab4_model_training/dags/ml_pipeline_dag.py
[2026-03-26T19:45:13.997+0000] {processor.py:925} INFO - DAG(s) 'ml_pipeline' retrieved from /home/ec2-user/environment/lab4_model_training/dags/ml_pipeline_dag.py
[2026-03-26T19:45:14.011+0000] {logging_mixin.py:190} INFO - [2026-03-26T19:45:14.010+0000] {dag.py:3239} INFO - Sync 1 DAGs
[2026-03-26T19:45:14.020+0000] {logging_mixin.py:190} INFO - [2026-03-26T19:45:14.020+0000] {dag.py:4180} INFO - Setting next_dagrun for ml_pipeline to None, run_after=None
[2026-03-26T19:45:14.038+0000] {processor.py:208} INFO - Processing /home/ec2-user/environment/lab4_model_training/dags/ml_pipeline_dag.py took 1.417 seconds
[2026-03-26T19:45:44.216+0000] {processor.py:186} INFO - Started process (PID=6122) to work on /home/ec2-user/environment/lab4_model_training/dags/ml_pipeline_dag.py
[2026-03-26T19:45:44.217+0000] {processor.py:914} INFO - Processing file /home/ec2-user/environment/lab4_model_training/dags/ml_pipeline_dag.py for tasks to queue
[2026-03-26T19:45:44.219+0000] {logging_mixin.py:190} INFO - [2026-03-26T19:45:44.218+0000] {dagbag.py:588} INFO - Filling up the DagBag from /home/ec2-user/environment/lab4_model_training/dags/ml_pipeline_dag.py
[2026-03-26T19:45:45.702+0000] {processor.py:925} INFO - DAG(s) 'ml_pipeline' retrieved from /home/ec2-user/environment/lab4_model_training/dags/ml_pipeline_dag.py
[2026-03-26T19:45:45.716+0000] {logging_mixin.py:190} INFO - [2026-03-26T19:45:45.715+0000] {dag.py:3239} INFO - Sync 1 DAGs
[2026-03-26T19:45:45.725+0000] {logging_mixin.py:190} INFO - [2026-03-26T19:45:45.725+0000] {dag.py:4180} INFO - Setting next_dagrun for ml_pipeline to None, run_after=None
[2026-03-26T19:45:45.743+0000] {processor.py:208} INFO - Processing /home/ec2-user/environment/lab4_model_training/dags/ml_pipeline_dag.py took 1.532 seconds
[2026-03-26T19:46:16.346+0000] {processor.py:186} INFO - Started process (PID=6161) to work on /home/ec2-user/environment/lab4_model_training/dags/ml_pipeline_dag.py
[2026-03-26T19:46:16.347+0000] {processor.py:914} INFO - Processing file /home/ec2-user/environment/lab4_model_training/dags/ml_pipeline_dag.py for tasks to queue
[2026-03-26T19:46:16.348+0000] {logging_mixin.py:190} INFO - [2026-03-26T19:46:16.348+0000] {dagbag.py:588} INFO - Filling up the DagBag from /home/ec2-user/environment/lab4_model_training/dags/ml_pipeline_dag.py
[2026-03-26T19:46:17.738+0000] {processor.py:925} INFO - DAG(s) 'ml_pipeline' retrieved from /home/ec2-user/environment/lab4_model_training/dags/ml_pipeline_dag.py
[2026-03-26T19:46:17.752+0000] {logging_mixin.py:190} INFO - [2026-03-26T19:46:17.751+0000] {dag.py:3239} INFO - Sync 1 DAGs
[2026-03-26T19:46:17.761+0000] {logging_mixin.py:190} INFO - [2026-03-26T19:46:17.761+0000] {dag.py:4180} INFO - Setting next_dagrun for ml_pipeline to None, run_after=None
[2026-03-26T19:46:17.779+0000] {processor.py:208} INFO - Processing /home/ec2-user/environment/lab4_model_training/dags/ml_pipeline_dag.py took 1.438 seconds
[2026-03-26T19:46:48.749+0000] {processor.py:186} INFO - Started process (PID=6264) to work on /home/ec2-user/environment/lab4_model_training/dags/ml_pipeline_dag.py
[2026-03-26T19:46:48.750+0000] {processor.py:914} INFO - Processing file /home/ec2-user/environment/lab4_model_training/dags/ml_pipeline_dag.py for tasks to queue
[2026-03-26T19:46:48.751+0000] {logging_mixin.py:190} INFO - [2026-03-26T19:46:48.751+0000] {dagbag.py:588} INFO - Filling up the DagBag from /home/ec2-user/environment/lab4_model_training/dags/ml_pipeline_dag.py
[2026-03-26T19:46:50.128+0000] {processor.py:925} INFO - DAG(s) 'ml_pipeline' retrieved from /home/ec2-user/environment/lab4_model_training/dags/ml_pipeline_dag.py
[2026-03-26T19:46:50.141+0000] {logging_mixin.py:190} INFO - [2026-03-26T19:46:50.141+0000] {dag.py:3239} INFO - Sync 1 DAGs
[2026-03-26T19:46:50.152+0000] {logging_mixin.py:190} INFO - [2026-03-26T19:46:50.152+0000] {dag.py:4180} INFO - Setting next_dagrun for ml_pipeline to None, run_after=None
[2026-03-26T19:46:50.170+0000] {processor.py:208} INFO - Processing /home/ec2-user/environment/lab4_model_training/dags/ml_pipeline_dag.py took 1.425 seconds
[2026-03-26T19:47:21.098+0000] {processor.py:186} INFO - Started process (PID=6305) to work on /home/ec2-user/environment/lab4_model_training/dags/ml_pipeline_dag.py
[2026-03-26T19:47:21.099+0000] {processor.py:914} INFO - Processing file /home/ec2-user/environment/lab4_model_training/dags/ml_pipeline_dag.py for tasks to queue
[2026-03-26T19:47:21.101+0000] {logging_mixin.py:190} INFO - [2026-03-26T19:47:21.100+0000] {dagbag.py:588} INFO - Filling up the DagBag from /home/ec2-user/environment/lab4_model_training/dags/ml_pipeline_dag.py
[2026-03-26T19:47:22.468+0000] {processor.py:925} INFO - DAG(s) 'ml_pipeline' retrieved from /home/ec2-user/environment/lab4_model_training/dags/ml_pipeline_dag.py
[2026-03-26T19:47:22.482+0000] {logging_mixin.py:190} INFO - [2026-03-26T19:47:22.481+0000] {dag.py:3239} INFO - Sync 1 DAGs
[2026-03-26T19:47:22.492+0000] {logging_mixin.py:190} INFO - [2026-03-26T19:47:22.492+0000] {dag.py:4180} INFO - Setting next_dagrun for ml_pipeline to None, run_after=None
[2026-03-26T19:47:22.509+0000] {processor.py:208} INFO - Processing /home/ec2-user/environment/lab4_model_training/dags/ml_pipeline_dag.py took 1.416 seconds
[2026-03-26T19:47:52.663+0000] {processor.py:186} INFO - Started process (PID=6331) to work on /home/ec2-user/environment/lab4_model_training/dags/ml_pipeline_dag.py
[2026-03-26T19:47:52.663+0000] {processor.py:914} INFO - Processing file /home/ec2-user/environment/lab4_model_training/dags/ml_pipeline_dag.py for tasks to queue
[2026-03-26T19:47:52.665+0000] {logging_mixin.py:190} INFO - [2026-03-26T19:47:52.664+0000] {dagbag.py:588} INFO - Filling up the DagBag from /home/ec2-user/environment/lab4_model_training/dags/ml_pipeline_dag.py
[2026-03-26T19:47:54.086+0000] {processor.py:925} INFO - DAG(s) 'ml_pipeline' retrieved from /home/ec2-user/environment/lab4_model_training/dags/ml_pipeline_dag.py
[2026-03-26T19:47:54.102+0000] {logging_mixin.py:190} INFO - [2026-03-26T19:47:54.102+0000] {dag.py:3239} INFO - Sync 1 DAGs
[2026-03-26T19:47:54.112+0000] {logging_mixin.py:190} INFO - [2026-03-26T19:47:54.111+0000] {dag.py:4180} INFO - Setting next_dagrun for ml_pipeline to None, run_after=None
[2026-03-26T19:47:54.131+0000] {processor.py:208} INFO - Processing /home/ec2-user/environment/lab4_model_training/dags/ml_pipeline_dag.py took 1.472 seconds
[2026-03-26T19:48:24.227+0000] {processor.py:186} INFO - Started process (PID=6369) to work on /home/ec2-user/environment/lab4_model_training/dags/ml_pipeline_dag.py
[2026-03-26T19:48:24.229+0000] {processor.py:914} INFO - Processing file /home/ec2-user/environment/lab4_model_training/dags/ml_pipeline_dag.py for tasks to queue
[2026-03-26T19:48:24.230+0000] {logging_mixin.py:190} INFO - [2026-03-26T19:48:24.230+0000] {dagbag.py:588} INFO - Filling up the DagBag from /home/ec2-user/environment/lab4_model_training/dags/ml_pipeline_dag.py
[2026-03-26T19:48:25.610+0000] {processor.py:925} INFO - DAG(s) 'ml_pipeline' retrieved from /home/ec2-user/environment/lab4_model_training/dags/ml_pipeline_dag.py
[2026-03-26T19:48:25.624+0000] {logging_mixin.py:190} INFO - [2026-03-26T19:48:25.624+0000] {dag.py:3239} INFO - Sync 1 DAGs
[2026-03-26T19:48:25.633+0000] {logging_mixin.py:190} INFO - [2026-03-26T19:48:25.633+0000] {dag.py:4180} INFO - Setting next_dagrun for ml_pipeline to None, run_after=None
[2026-03-26T19:48:25.650+0000] {processor.py:208} INFO - Processing /home/ec2-user/environment/lab4_model_training/dags/ml_pipeline_dag.py took 1.427 seconds
[2026-03-26T19:48:55.792+0000] {processor.py:186} INFO - Started process (PID=6443) to work on /home/ec2-user/environment/lab4_model_training/dags/ml_pipeline_dag.py
[2026-03-26T19:48:55.793+0000] {processor.py:914} INFO - Processing file /home/ec2-user/environment/lab4_model_training/dags/ml_pipeline_dag.py for tasks to queue
[2026-03-26T19:48:55.794+0000] {logging_mixin.py:190} INFO - [2026-03-26T19:48:55.794+0000] {dagbag.py:588} INFO - Filling up the DagBag from /home/ec2-user/environment/lab4_model_training/dags/ml_pipeline_dag.py
[2026-03-26T19:48:57.185+0000] {processor.py:925} INFO - DAG(s) 'ml_pipeline' retrieved from /home/ec2-user/environment/lab4_model_training/dags/ml_pipeline_dag.py
[2026-03-26T19:48:57.198+0000] {logging_mixin.py:190} INFO - [2026-03-26T19:48:57.198+0000] {dag.py:3239} INFO - Sync 1 DAGs
[2026-03-26T19:48:57.208+0000] {logging_mixin.py:190} INFO - [2026-03-26T19:48:57.207+0000] {dag.py:4180} INFO - Setting next_dagrun for ml_pipeline to None, run_after=None
[2026-03-26T19:48:57.225+0000] {processor.py:208} INFO - Processing /home/ec2-user/environment/lab4_model_training/dags/ml_pipeline_dag.py took 1.438 seconds
[2026-03-26T19:49:27.355+0000] {processor.py:186} INFO - Started process (PID=6481) to work on /home/ec2-user/environment/lab4_model_training/dags/ml_pipeline_dag.py
[2026-03-26T19:49:27.357+0000] {processor.py:914} INFO - Processing file /home/ec2-user/environment/lab4_model_training/dags/ml_pipeline_dag.py for tasks to queue
[2026-03-26T19:49:27.358+0000] {logging_mixin.py:190} INFO - [2026-03-26T19:49:27.357+0000] {dagbag.py:588} INFO - Filling up the DagBag from /home/ec2-user/environment/lab4_model_training/dags/ml_pipeline_dag.py
[2026-03-26T19:49:28.782+0000] {processor.py:925} INFO - DAG(s) 'ml_pipeline' retrieved from /home/ec2-user/environment/lab4_model_training/dags/ml_pipeline_dag.py
[2026-03-26T19:49:28.796+0000] {logging_mixin.py:190} INFO - [2026-03-26T19:49:28.796+0000] {dag.py:3239} INFO - Sync 1 DAGs
[2026-03-26T19:49:28.806+0000] {logging_mixin.py:190} INFO - [2026-03-26T19:49:28.805+0000] {dag.py:4180} INFO - Setting next_dagrun for ml_pipeline to None, run_after=None
[2026-03-26T19:49:28.826+0000] {processor.py:208} INFO - Processing /home/ec2-user/environment/lab4_model_training/dags/ml_pipeline_dag.py took 1.476 seconds
[2026-03-26T19:49:58.920+0000] {processor.py:186} INFO - Started process (PID=6513) to work on /home/ec2-user/environment/lab4_model_training/dags/ml_pipeline_dag.py
[2026-03-26T19:49:58.921+0000] {processor.py:914} INFO - Processing file /home/ec2-user/environment/lab4_model_training/dags/ml_pipeline_dag.py for tasks to queue
[2026-03-26T19:49:58.922+0000] {logging_mixin.py:190} INFO - [2026-03-26T19:49:58.922+0000] {dagbag.py:588} INFO - Filling up the DagBag from /home/ec2-user/environment/lab4_model_training/dags/ml_pipeline_dag.py
[2026-03-26T19:50:00.276+0000] {processor.py:925} INFO - DAG(s) 'ml_pipeline' retrieved from /home/ec2-user/environment/lab4_model_training/dags/ml_pipeline_dag.py
[2026-03-26T19:50:00.290+0000] {logging_mixin.py:190} INFO - [2026-03-26T19:50:00.289+0000] {dag.py:3239} INFO - Sync 1 DAGs
[2026-03-26T19:50:00.299+0000] {logging_mixin.py:190} INFO - [2026-03-26T19:50:00.299+0000] {dag.py:4180} INFO - Setting next_dagrun for ml_pipeline to None, run_after=None
[2026-03-26T19:50:00.317+0000] {processor.py:208} INFO - Processing /home/ec2-user/environment/lab4_model_training/dags/ml_pipeline_dag.py took 1.402 seconds
[2026-03-26T19:50:30.483+0000] {processor.py:186} INFO - Started process (PID=6602) to work on /home/ec2-user/environment/lab4_model_training/dags/ml_pipeline_dag.py
[2026-03-26T19:50:30.485+0000] {processor.py:914} INFO - Processing file /home/ec2-user/environment/lab4_model_training/dags/ml_pipeline_dag.py for tasks to queue
[2026-03-26T19:50:30.486+0000] {logging_mixin.py:190} INFO - [2026-03-26T19:50:30.486+0000] {dagbag.py:588} INFO - Filling up the DagBag from /home/ec2-user/environment/lab4_model_training/dags/ml_pipeline_dag.py
[2026-03-26T19:50:31.895+0000] {processor.py:925} INFO - DAG(s) 'ml_pipeline' retrieved from /home/ec2-user/environment/lab4_model_training/dags/ml_pipeline_dag.py
[2026-03-26T19:50:31.908+0000] {logging_mixin.py:190} INFO - [2026-03-26T19:50:31.908+0000] {dag.py:3239} INFO - Sync 1 DAGs
[2026-03-26T19:50:31.919+0000] {logging_mixin.py:190} INFO - [2026-03-26T19:50:31.919+0000] {dag.py:4180} INFO - Setting next_dagrun for ml_pipeline to None, run_after=None
[2026-03-26T19:50:31.937+0000] {processor.py:208} INFO - Processing /home/ec2-user/environment/lab4_model_training/dags/ml_pipeline_dag.py took 1.458 seconds
[2026-03-26T19:51:02.047+0000] {processor.py:186} INFO - Started process (PID=6646) to work on /home/ec2-user/environment/lab4_model_training/dags/ml_pipeline_dag.py
[2026-03-26T19:51:02.048+0000] {processor.py:914} INFO - Processing file /home/ec2-user/environment/lab4_model_training/dags/ml_pipeline_dag.py for tasks to queue
[2026-03-26T19:51:02.049+0000] {logging_mixin.py:190} INFO - [2026-03-26T19:51:02.049+0000] {dagbag.py:588} INFO - Filling up the DagBag from /home/ec2-user/environment/lab4_model_training/dags/ml_pipeline_dag.py
[2026-03-26T19:51:03.428+0000] {processor.py:925} INFO - DAG(s) 'ml_pipeline' retrieved from /home/ec2-user/environment/lab4_model_training/dags/ml_pipeline_dag.py
[2026-03-26T19:51:03.441+0000] {logging_mixin.py:190} INFO - [2026-03-26T19:51:03.441+0000] {dag.py:3239} INFO - Sync 1 DAGs
[2026-03-26T19:51:03.452+0000] {logging_mixin.py:190} INFO - [2026-03-26T19:51:03.451+0000] {dag.py:4180} INFO - Setting next_dagrun for ml_pipeline to None, run_after=None
[2026-03-26T19:51:03.469+0000] {processor.py:208} INFO - Processing /home/ec2-user/environment/lab4_model_training/dags/ml_pipeline_dag.py took 1.427 seconds
[2026-03-26T19:51:41.761+0000] {processor.py:186} INFO - Started process (PID=6749) to work on /home/ec2-user/environment/lab4_model_training/dags/ml_pipeline_dag.py
[2026-03-26T19:51:41.762+0000] {processor.py:914} INFO - Processing file /home/ec2-user/environment/lab4_model_training/dags/ml_pipeline_dag.py for tasks to queue
[2026-03-26T19:51:41.763+0000] {logging_mixin.py:190} INFO - [2026-03-26T19:51:41.763+0000] {dagbag.py:588} INFO - Filling up the DagBag from /home/ec2-user/environment/lab4_model_training/dags/ml_pipeline_dag.py
[2026-03-26T19:51:43.159+0000] {processor.py:925} INFO - DAG(s) 'ml_pipeline' retrieved from /home/ec2-user/environment/lab4_model_training/dags/ml_pipeline_dag.py
[2026-03-26T19:51:43.173+0000] {logging_mixin.py:190} INFO - [2026-03-26T19:51:43.172+0000] {dag.py:3239} INFO - Sync 1 DAGs
[2026-03-26T19:51:43.184+0000] {logging_mixin.py:190} INFO - [2026-03-26T19:51:43.183+0000] {dag.py:4180} INFO - Setting next_dagrun for ml_pipeline to None, run_after=None
[2026-03-26T19:51:43.202+0000] {processor.py:208} INFO - Processing /home/ec2-user/environment/lab4_model_training/dags/ml_pipeline_dag.py took 1.446 seconds
[2026-03-26T19:52:14.008+0000] {processor.py:186} INFO - Started process (PID=6789) to work on /home/ec2-user/environment/lab4_model_training/dags/ml_pipeline_dag.py
[2026-03-26T19:52:14.009+0000] {processor.py:914} INFO - Processing file /home/ec2-user/environment/lab4_model_training/dags/ml_pipeline_dag.py for tasks to queue
[2026-03-26T19:52:14.010+0000] {logging_mixin.py:190} INFO - [2026-03-26T19:52:14.010+0000] {dagbag.py:588} INFO - Filling up the DagBag from /home/ec2-user/environment/lab4_model_training/dags/ml_pipeline_dag.py
[2026-03-26T19:52:15.373+0000] {processor.py:925} INFO - DAG(s) 'ml_pipeline' retrieved from /home/ec2-user/environment/lab4_model_training/dags/ml_pipeline_dag.py
[2026-03-26T19:52:15.386+0000] {logging_mixin.py:190} INFO - [2026-03-26T19:52:15.386+0000] {dag.py:3239} INFO - Sync 1 DAGs
[2026-03-26T19:52:15.397+0000] {logging_mixin.py:190} INFO - [2026-03-26T19:52:15.397+0000] {dag.py:4180} INFO - Setting next_dagrun for ml_pipeline to None, run_after=None
[2026-03-26T19:52:15.414+0000] {processor.py:208} INFO - Processing /home/ec2-user/environment/lab4_model_training/dags/ml_pipeline_dag.py took 1.411 seconds
[2026-03-26T19:52:46.179+0000] {processor.py:186} INFO - Started process (PID=6818) to work on /home/ec2-user/environment/lab4_model_training/dags/ml_pipeline_dag.py
[2026-03-26T19:52:46.180+0000] {processor.py:914} INFO - Processing file /home/ec2-user/environment/lab4_model_training/dags/ml_pipeline_dag.py for tasks to queue
[2026-03-26T19:52:46.181+0000] {logging_mixin.py:190} INFO - [2026-03-26T19:52:46.180+0000] {dagbag.py:588} INFO - Filling up the DagBag from /home/ec2-user/environment/lab4_model_training/dags/ml_pipeline_dag.py
[2026-03-26T19:52:47.481+0000] {processor.py:925} INFO - DAG(s) 'ml_pipeline' retrieved from /home/ec2-user/environment/lab4_model_training/dags/ml_pipeline_dag.py
[2026-03-26T19:52:47.496+0000] {logging_mixin.py:190} INFO - [2026-03-26T19:52:47.496+0000] {dag.py:3239} INFO - Sync 1 DAGs
[2026-03-26T19:52:47.506+0000] {logging_mixin.py:190} INFO - [2026-03-26T19:52:47.506+0000] {dag.py:4180} INFO - Setting next_dagrun for ml_pipeline to None, run_after=None
[2026-03-26T19:52:47.523+0000] {processor.py:208} INFO - Processing /home/ec2-user/environment/lab4_model_training/dags/ml_pipeline_dag.py took 1.349 seconds
[2026-03-26T19:53:17.696+0000] {processor.py:186} INFO - Started process (PID=6862) to work on /home/ec2-user/environment/lab4_model_training/dags/ml_pipeline_dag.py
[2026-03-26T19:53:17.697+0000] {processor.py:914} INFO - Processing file /home/ec2-user/environment/lab4_model_training/dags/ml_pipeline_dag.py for tasks to queue
[2026-03-26T19:53:17.699+0000] {logging_mixin.py:190} INFO - [2026-03-26T19:53:17.699+0000] {dagbag.py:588} INFO - Filling up the DagBag from /home/ec2-user/environment/lab4_model_training/dags/ml_pipeline_dag.py
[2026-03-26T19:53:19.007+0000] {processor.py:925} INFO - DAG(s) 'ml_pipeline' retrieved from /home/ec2-user/environment/lab4_model_training/dags/ml_pipeline_dag.py
[2026-03-26T19:53:19.020+0000] {logging_mixin.py:190} INFO - [2026-03-26T19:53:19.020+0000] {dag.py:3239} INFO - Sync 1 DAGs
[2026-03-26T19:53:19.030+0000] {logging_mixin.py:190} INFO - [2026-03-26T19:53:19.030+0000] {dag.py:4180} INFO - Setting next_dagrun for ml_pipeline to None, run_after=None
[2026-03-26T19:53:19.048+0000] {processor.py:208} INFO - Processing /home/ec2-user/environment/lab4_model_training/dags/ml_pipeline_dag.py took 1.357 seconds
[2026-03-26T19:53:49.219+0000] {processor.py:186} INFO - Started process (PID=6959) to work on /home/ec2-user/environment/lab4_model_training/dags/ml_pipeline_dag.py
[2026-03-26T19:53:49.219+0000] {processor.py:914} INFO - Processing file /home/ec2-user/environment/lab4_model_training/dags/ml_pipeline_dag.py for tasks to queue
[2026-03-26T19:53:49.221+0000] {logging_mixin.py:190} INFO - [2026-03-26T19:53:49.220+0000] {dagbag.py:588} INFO - Filling up the DagBag from /home/ec2-user/environment/lab4_model_training/dags/ml_pipeline_dag.py
[2026-03-26T19:53:50.735+0000] {processor.py:925} INFO - DAG(s) 'ml_pipeline' retrieved from /home/ec2-user/environment/lab4_model_training/dags/ml_pipeline_dag.py
[2026-03-26T19:53:50.749+0000] {logging_mixin.py:190} INFO - [2026-03-26T19:53:50.748+0000] {dag.py:3239} INFO - Sync 1 DAGs
[2026-03-26T19:53:50.758+0000] {logging_mixin.py:190} INFO - [2026-03-26T19:53:50.758+0000] {dag.py:4180} INFO - Setting next_dagrun for ml_pipeline to None, run_after=None
[2026-03-26T19:53:50.776+0000] {processor.py:208} INFO - Processing /home/ec2-user/environment/lab4_model_training/dags/ml_pipeline_dag.py took 1.562 seconds
[2026-03-26T19:54:21.728+0000] {processor.py:186} INFO - Started process (PID=7023) to work on /home/ec2-user/environment/lab4_model_training/dags/ml_pipeline_dag.py
[2026-03-26T19:54:21.728+0000] {processor.py:914} INFO - Processing file /home/ec2-user/environment/lab4_model_training/dags/ml_pipeline_dag.py for tasks to queue
[2026-03-26T19:54:21.730+0000] {logging_mixin.py:190} INFO - [2026-03-26T19:54:21.729+0000] {dagbag.py:588} INFO - Filling up the DagBag from /home/ec2-user/environment/lab4_model_training/dags/ml_pipeline_dag.py
[2026-03-26T19:54:23.028+0000] {processor.py:925} INFO - DAG(s) 'ml_pipeline' retrieved from /home/ec2-user/environment/lab4_model_training/dags/ml_pipeline_dag.py
[2026-03-26T19:54:23.041+0000] {logging_mixin.py:190} INFO - [2026-03-26T19:54:23.041+0000] {dag.py:3239} INFO - Sync 1 DAGs
[2026-03-26T19:54:23.050+0000] {logging_mixin.py:190} INFO - [2026-03-26T19:54:23.050+0000] {dag.py:4180} INFO - Setting next_dagrun for ml_pipeline to None, run_after=None
[2026-03-26T19:54:23.068+0000] {processor.py:208} INFO - Processing /home/ec2-user/environment/lab4_model_training/dags/ml_pipeline_dag.py took 1.345 seconds
[2026-03-26T19:54:53.230+0000] {processor.py:186} INFO - Started process (PID=7077) to work on /home/ec2-user/environment/lab4_model_training/dags/ml_pipeline_dag.py
[2026-03-26T19:54:53.231+0000] {processor.py:914} INFO - Processing file /home/ec2-user/environment/lab4_model_training/dags/ml_pipeline_dag.py for tasks to queue
[2026-03-26T19:54:53.233+0000] {logging_mixin.py:190} INFO - [2026-03-26T19:54:53.233+0000] {dagbag.py:588} INFO - Filling up the DagBag from /home/ec2-user/environment/lab4_model_training/dags/ml_pipeline_dag.py
[2026-03-26T19:54:54.531+0000] {processor.py:925} INFO - DAG(s) 'ml_pipeline' retrieved from /home/ec2-user/environment/lab4_model_training/dags/ml_pipeline_dag.py
[2026-03-26T19:54:54.545+0000] {logging_mixin.py:190} INFO - [2026-03-26T19:54:54.545+0000] {dag.py:3239} INFO - Sync 1 DAGs
[2026-03-26T19:54:54.556+0000] {logging_mixin.py:190} INFO - [2026-03-26T19:54:54.556+0000] {dag.py:4180} INFO - Setting next_dagrun for ml_pipeline to None, run_after=None
[2026-03-26T19:54:54.574+0000] {processor.py:208} INFO - Processing /home/ec2-user/environment/lab4_model_training/dags/ml_pipeline_dag.py took 1.348 seconds
[2026-03-26T19:55:27.708+0000] {processor.py:186} INFO - Started process (PID=7130) to work on /home/ec2-user/environment/lab4_model_training/dags/ml_pipeline_dag.py
[2026-03-26T19:55:27.709+0000] {processor.py:914} INFO - Processing file /home/ec2-user/environment/lab4_model_training/dags/ml_pipeline_dag.py for tasks to queue
[2026-03-26T19:55:27.710+0000] {logging_mixin.py:190} INFO - [2026-03-26T19:55:27.710+0000] {dagbag.py:588} INFO - Filling up the DagBag from /home/ec2-user/environment/lab4_model_training/dags/ml_pipeline_dag.py
[2026-03-26T19:55:29.051+0000] {processor.py:925} INFO - DAG(s) 'ml_pipeline' retrieved from /home/ec2-user/environment/lab4_model_training/dags/ml_pipeline_dag.py
[2026-03-26T19:55:29.065+0000] {logging_mixin.py:190} INFO - [2026-03-26T19:55:29.064+0000] {dag.py:3239} INFO - Sync 1 DAGs
[2026-03-26T19:55:29.075+0000] {logging_mixin.py:190} INFO - [2026-03-26T19:55:29.075+0000] {dag.py:4180} INFO - Setting next_dagrun for ml_pipeline to None, run_after=None
[2026-03-26T19:55:29.092+0000] {processor.py:208} INFO - Processing /home/ec2-user/environment/lab4_model_training/dags/ml_pipeline_dag.py took 1.390 seconds
[2026-03-26T19:55:59.290+0000] {processor.py:186} INFO - Started process (PID=7217) to work on /home/ec2-user/environment/lab4_model_training/dags/ml_pipeline_dag.py
[2026-03-26T19:55:59.290+0000] {processor.py:914} INFO - Processing file /home/ec2-user/environment/lab4_model_training/dags/ml_pipeline_dag.py for tasks to queue
[2026-03-26T19:55:59.292+0000] {logging_mixin.py:190} INFO - [2026-03-26T19:55:59.291+0000] {dagbag.py:588} INFO - Filling up the DagBag from /home/ec2-user/environment/lab4_model_training/dags/ml_pipeline_dag.py
[2026-03-26T19:56:00.563+0000] {processor.py:925} INFO - DAG(s) 'ml_pipeline' retrieved from /home/ec2-user/environment/lab4_model_training/dags/ml_pipeline_dag.py
[2026-03-26T19:56:00.577+0000] {logging_mixin.py:190} INFO - [2026-03-26T19:56:00.576+0000] {dag.py:3239} INFO - Sync 1 DAGs
[2026-03-26T19:56:00.587+0000] {logging_mixin.py:190} INFO - [2026-03-26T19:56:00.587+0000] {dag.py:4180} INFO - Setting next_dagrun for ml_pipeline to None, run_after=None
[2026-03-26T19:56:00.608+0000] {processor.py:208} INFO - Processing /home/ec2-user/environment/lab4_model_training/dags/ml_pipeline_dag.py took 1.324 seconds
[2026-03-26T19:56:31.031+0000] {processor.py:186} INFO - Started process (PID=7300) to work on /home/ec2-user/environment/lab4_model_training/dags/ml_pipeline_dag.py
[2026-03-26T19:56:31.032+0000] {processor.py:914} INFO - Processing file /home/ec2-user/environment/lab4_model_training/dags/ml_pipeline_dag.py for tasks to queue
[2026-03-26T19:56:31.033+0000] {logging_mixin.py:190} INFO - [2026-03-26T19:56:31.033+0000] {dagbag.py:588} INFO - Filling up the DagBag from /home/ec2-user/environment/lab4_model_training/dags/ml_pipeline_dag.py
[2026-03-26T19:56:32.374+0000] {processor.py:925} INFO - DAG(s) 'ml_pipeline' retrieved from /home/ec2-user/environment/lab4_model_training/dags/ml_pipeline_dag.py
[2026-03-26T19:56:32.390+0000] {logging_mixin.py:190} INFO - [2026-03-26T19:56:32.389+0000] {dag.py:3239} INFO - Sync 1 DAGs
[2026-03-26T19:56:32.400+0000] {logging_mixin.py:190} INFO - [2026-03-26T19:56:32.399+0000] {dag.py:4180} INFO - Setting next_dagrun for ml_pipeline to None, run_after=None
[2026-03-26T19:56:32.419+0000] {processor.py:208} INFO - Processing /home/ec2-user/environment/lab4_model_training/dags/ml_pipeline_dag.py took 1.393 seconds
[2026-03-26T19:57:02.603+0000] {processor.py:186} INFO - Started process (PID=7390) to work on /home/ec2-user/environment/lab4_model_training/dags/ml_pipeline_dag.py
[2026-03-26T19:57:02.604+0000] {processor.py:914} INFO - Processing file /home/ec2-user/environment/lab4_model_training/dags/ml_pipeline_dag.py for tasks to queue
[2026-03-26T19:57:02.606+0000] {logging_mixin.py:190} INFO - [2026-03-26T19:57:02.605+0000] {dagbag.py:588} INFO - Filling up the DagBag from /home/ec2-user/environment/lab4_model_training/dags/ml_pipeline_dag.py
[2026-03-26T19:57:03.878+0000] {processor.py:925} INFO - DAG(s) 'ml_pipeline' retrieved from /home/ec2-user/environment/lab4_model_training/dags/ml_pipeline_dag.py
[2026-03-26T19:57:03.892+0000] {logging_mixin.py:190} INFO - [2026-03-26T19:57:03.891+0000] {dag.py:3239} INFO - Sync 1 DAGs
[2026-03-26T19:57:03.901+0000] {logging_mixin.py:190} INFO - [2026-03-26T19:57:03.901+0000] {dag.py:4180} INFO - Setting next_dagrun for ml_pipeline to None, run_after=None
[2026-03-26T19:57:03.918+0000] {processor.py:208} INFO - Processing /home/ec2-user/environment/lab4_model_training/dags/ml_pipeline_dag.py took 1.321 seconds
[2026-03-26T19:57:34.079+0000] {processor.py:186} INFO - Started process (PID=7473) to work on /home/ec2-user/environment/lab4_model_training/dags/ml_pipeline_dag.py
[2026-03-26T19:57:34.080+0000] {processor.py:914} INFO - Processing file /home/ec2-user/environment/lab4_model_training/dags/ml_pipeline_dag.py for tasks to queue
[2026-03-26T19:57:34.081+0000] {logging_mixin.py:190} INFO - [2026-03-26T19:57:34.081+0000] {dagbag.py:588} INFO - Filling up the DagBag from /home/ec2-user/environment/lab4_model_training/dags/ml_pipeline_dag.py
[2026-03-26T19:57:35.390+0000] {processor.py:925} INFO - DAG(s) 'ml_pipeline' retrieved from /home/ec2-user/environment/lab4_model_training/dags/ml_pipeline_dag.py
[2026-03-26T19:57:35.404+0000] {logging_mixin.py:190} INFO - [2026-03-26T19:57:35.404+0000] {dag.py:3239} INFO - Sync 1 DAGs
[2026-03-26T19:57:35.413+0000] {logging_mixin.py:190} INFO - [2026-03-26T19:57:35.413+0000] {dag.py:4180} INFO - Setting next_dagrun for ml_pipeline to None, run_after=None
[2026-03-26T19:57:35.431+0000] {processor.py:208} INFO - Processing /home/ec2-user/environment/lab4_model_training/dags/ml_pipeline_dag.py took 1.357 seconds
[2026-03-26T19:58:05.529+0000] {processor.py:186} INFO - Started process (PID=7517) to work on /home/ec2-user/environment/lab4_model_training/dags/ml_pipeline_dag.py
[2026-03-26T19:58:05.531+0000] {processor.py:914} INFO - Processing file /home/ec2-user/environment/lab4_model_training/dags/ml_pipeline_dag.py for tasks to queue
[2026-03-26T19:58:05.532+0000] {logging_mixin.py:190} INFO - [2026-03-26T19:58:05.532+0000] {dagbag.py:588} INFO - Filling up the DagBag from /home/ec2-user/environment/lab4_model_training/dags/ml_pipeline_dag.py
[2026-03-26T19:58:06.800+0000] {processor.py:925} INFO - DAG(s) 'ml_pipeline' retrieved from /home/ec2-user/environment/lab4_model_training/dags/ml_pipeline_dag.py
[2026-03-26T19:58:06.814+0000] {logging_mixin.py:190} INFO - [2026-03-26T19:58:06.813+0000] {dag.py:3239} INFO - Sync 1 DAGs
[2026-03-26T19:58:06.823+0000] {logging_mixin.py:190} INFO - [2026-03-26T19:58:06.823+0000] {dag.py:4180} INFO - Setting next_dagrun for ml_pipeline to None, run_after=None
[2026-03-26T19:58:06.840+0000] {processor.py:208} INFO - Processing /home/ec2-user/environment/lab4_model_training/dags/ml_pipeline_dag.py took 1.316 seconds
[2026-03-26T19:58:37.026+0000] {processor.py:186} INFO - Started process (PID=7591) to work on /home/ec2-user/environment/lab4_model_training/dags/ml_pipeline_dag.py
[2026-03-26T19:58:37.027+0000] {processor.py:914} INFO - Processing file /home/ec2-user/environment/lab4_model_training/dags/ml_pipeline_dag.py for tasks to queue
[2026-03-26T19:58:37.028+0000] {logging_mixin.py:190} INFO - [2026-03-26T19:58:37.028+0000] {dagbag.py:588} INFO - Filling up the DagBag from /home/ec2-user/environment/lab4_model_training/dags/ml_pipeline_dag.py
[2026-03-26T19:58:38.358+0000] {processor.py:925} INFO - DAG(s) 'ml_pipeline' retrieved from /home/ec2-user/environment/lab4_model_training/dags/ml_pipeline_dag.py
[2026-03-26T19:58:38.372+0000] {logging_mixin.py:190} INFO - [2026-03-26T19:58:38.371+0000] {dag.py:3239} INFO - Sync 1 DAGs
[2026-03-26T19:58:38.381+0000] {logging_mixin.py:190} INFO - [2026-03-26T19:58:38.381+0000] {dag.py:4180} INFO - Setting next_dagrun for ml_pipeline to None, run_after=None
[2026-03-26T19:58:38.401+0000] {processor.py:208} INFO - Processing /home/ec2-user/environment/lab4_model_training/dags/ml_pipeline_dag.py took 1.380 seconds
[2026-03-26T19:59:09.022+0000] {processor.py:186} INFO - Started process (PID=7630) to work on /home/ec2-user/environment/lab4_model_training/dags/ml_pipeline_dag.py
[2026-03-26T19:59:09.023+0000] {processor.py:914} INFO - Processing file /home/ec2-user/environment/lab4_model_training/dags/ml_pipeline_dag.py for tasks to queue
[2026-03-26T19:59:09.025+0000] {logging_mixin.py:190} INFO - [2026-03-26T19:59:09.024+0000] {dagbag.py:588} INFO - Filling up the DagBag from /home/ec2-user/environment/lab4_model_training/dags/ml_pipeline_dag.py
[2026-03-26T19:59:10.336+0000] {processor.py:925} INFO - DAG(s) 'ml_pipeline' retrieved from /home/ec2-user/environment/lab4_model_training/dags/ml_pipeline_dag.py
[2026-03-26T19:59:10.350+0000] {logging_mixin.py:190} INFO - [2026-03-26T19:59:10.350+0000] {dag.py:3239} INFO - Sync 1 DAGs
[2026-03-26T19:59:10.360+0000] {logging_mixin.py:190} INFO - [2026-03-26T19:59:10.359+0000] {dag.py:4180} INFO - Setting next_dagrun for ml_pipeline to None, run_after=None
[2026-03-26T19:59:10.377+0000] {processor.py:208} INFO - Processing /home/ec2-user/environment/lab4_model_training/dags/ml_pipeline_dag.py took 1.361 seconds
[2026-03-26T19:59:41.011+0000] {processor.py:186} INFO - Started process (PID=7656) to work on /home/ec2-user/environment/lab4_model_training/dags/ml_pipeline_dag.py
[2026-03-26T19:59:41.012+0000] {processor.py:914} INFO - Processing file /home/ec2-user/environment/lab4_model_training/dags/ml_pipeline_dag.py for tasks to queue
[2026-03-26T19:59:41.013+0000] {logging_mixin.py:190} INFO - [2026-03-26T19:59:41.013+0000] {dagbag.py:588} INFO - Filling up the DagBag from /home/ec2-user/environment/lab4_model_training/dags/ml_pipeline_dag.py
[2026-03-26T19:59:42.291+0000] {processor.py:925} INFO - DAG(s) 'ml_pipeline' retrieved from /home/ec2-user/environment/lab4_model_training/dags/ml_pipeline_dag.py
[2026-03-26T19:59:42.304+0000] {logging_mixin.py:190} INFO - [2026-03-26T19:59:42.304+0000] {dag.py:3239} INFO - Sync 1 DAGs
[2026-03-26T19:59:42.314+0000] {logging_mixin.py:190} INFO - [2026-03-26T19:59:42.314+0000] {dag.py:4180} INFO - Setting next_dagrun for ml_pipeline to None, run_after=None
[2026-03-26T19:59:42.332+0000] {processor.py:208} INFO - Processing /home/ec2-user/environment/lab4_model_training/dags/ml_pipeline_dag.py took 1.326 seconds
[2026-03-26T20:00:12.489+0000] {processor.py:186} INFO - Started process (PID=7780) to work on /home/ec2-user/environment/lab4_model_training/dags/ml_pipeline_dag.py
[2026-03-26T20:00:12.490+0000] {processor.py:914} INFO - Processing file /home/ec2-user/environment/lab4_model_training/dags/ml_pipeline_dag.py for tasks to queue
[2026-03-26T20:00:12.492+0000] {logging_mixin.py:190} INFO - [2026-03-26T20:00:12.491+0000] {dagbag.py:588} INFO - Filling up the DagBag from /home/ec2-user/environment/lab4_model_training/dags/ml_pipeline_dag.py
[2026-03-26T20:00:13.799+0000] {processor.py:925} INFO - DAG(s) 'ml_pipeline' retrieved from /home/ec2-user/environment/lab4_model_training/dags/ml_pipeline_dag.py
[2026-03-26T20:00:13.813+0000] {logging_mixin.py:190} INFO - [2026-03-26T20:00:13.812+0000] {dag.py:3239} INFO - Sync 1 DAGs
[2026-03-26T20:00:13.823+0000] {logging_mixin.py:190} INFO - [2026-03-26T20:00:13.823+0000] {dag.py:4180} INFO - Setting next_dagrun for ml_pipeline to None, run_after=None
[2026-03-26T20:00:13.840+0000] {processor.py:208} INFO - Processing /home/ec2-user/environment/lab4_model_training/dags/ml_pipeline_dag.py took 1.357 seconds
