[2026-03-26T19:40:39.220+0000] {processor.py:186} INFO - Started process (PID=5316) to work on /home/ec2-user/environment/lab4_model_training/dags/ml_training_pipeline_v2.py
[2026-03-26T19:40:39.221+0000] {processor.py:914} INFO - Processing file /home/ec2-user/environment/lab4_model_training/dags/ml_training_pipeline_v2.py for tasks to queue
[2026-03-26T19:40:39.222+0000] {logging_mixin.py:190} INFO - [2026-03-26T19:40:39.222+0000] {dagbag.py:588} INFO - Filling up the DagBag from /home/ec2-user/environment/lab4_model_training/dags/ml_training_pipeline_v2.py
[2026-03-26T19:40:41.094+0000] {processor.py:925} INFO - DAG(s) 'ml_training_pipeline_v2' retrieved from /home/ec2-user/environment/lab4_model_training/dags/ml_training_pipeline_v2.py
[2026-03-26T19:40:41.215+0000] {logging_mixin.py:190} INFO - [2026-03-26T19:40:41.214+0000] {override.py:1930} INFO - Created Permission View: can edit on DAG:ml_training_pipeline_v2
[2026-03-26T19:40:41.234+0000] {logging_mixin.py:190} INFO - [2026-03-26T19:40:41.233+0000] {override.py:1930} INFO - Created Permission View: can read on DAG:ml_training_pipeline_v2
[2026-03-26T19:40:41.245+0000] {logging_mixin.py:190} INFO - [2026-03-26T19:40:41.244+0000] {override.py:1930} INFO - Created Permission View: can delete on DAG:ml_training_pipeline_v2
[2026-03-26T19:40:41.259+0000] {logging_mixin.py:190} INFO - [2026-03-26T19:40:41.259+0000] {override.py:1930} INFO - Created Permission View: menu access on DAG Run:ml_training_pipeline_v2
[2026-03-26T19:40:41.271+0000] {logging_mixin.py:190} INFO - [2026-03-26T19:40:41.271+0000] {override.py:1930} INFO - Created Permission View: can read on DAG Run:ml_training_pipeline_v2
[2026-03-26T19:40:41.282+0000] {logging_mixin.py:190} INFO - [2026-03-26T19:40:41.282+0000] {override.py:1930} INFO - Created Permission View: can delete on DAG Run:ml_training_pipeline_v2
[2026-03-26T19:40:41.292+0000] {logging_mixin.py:190} INFO - [2026-03-26T19:40:41.291+0000] {override.py:1930} INFO - Created Permission View: can create on DAG Run:ml_training_pipeline_v2
[2026-03-26T19:40:41.292+0000] {logging_mixin.py:190} INFO - [2026-03-26T19:40:41.292+0000] {dag.py:3239} INFO - Sync 1 DAGs
[2026-03-26T19:40:41.313+0000] {logging_mixin.py:190} INFO - [2026-03-26T19:40:41.312+0000] {dag.py:3262} INFO - Creating ORM DAG for ml_training_pipeline_v2
[2026-03-26T19:40:41.313+0000] {logging_mixin.py:190} INFO - [2026-03-26T19:40:41.313+0000] {dag.py:4180} INFO - Setting next_dagrun for ml_training_pipeline_v2 to None, run_after=None
[2026-03-26T19:40:41.337+0000] {processor.py:208} INFO - Processing /home/ec2-user/environment/lab4_model_training/dags/ml_training_pipeline_v2.py took 2.123 seconds
[2026-03-26T19:41:12.327+0000] {processor.py:186} INFO - Started process (PID=5357) to work on /home/ec2-user/environment/lab4_model_training/dags/ml_training_pipeline_v2.py
[2026-03-26T19:41:12.327+0000] {processor.py:914} INFO - Processing file /home/ec2-user/environment/lab4_model_training/dags/ml_training_pipeline_v2.py for tasks to queue
[2026-03-26T19:41:12.329+0000] {logging_mixin.py:190} INFO - [2026-03-26T19:41:12.328+0000] {dagbag.py:588} INFO - Filling up the DagBag from /home/ec2-user/environment/lab4_model_training/dags/ml_training_pipeline_v2.py
[2026-03-26T19:41:13.662+0000] {processor.py:925} INFO - DAG(s) 'ml_training_pipeline_v2' retrieved from /home/ec2-user/environment/lab4_model_training/dags/ml_training_pipeline_v2.py
[2026-03-26T19:41:13.677+0000] {logging_mixin.py:190} INFO - [2026-03-26T19:41:13.677+0000] {dag.py:3239} INFO - Sync 1 DAGs
[2026-03-26T19:41:13.686+0000] {logging_mixin.py:190} INFO - [2026-03-26T19:41:13.686+0000] {dag.py:4180} INFO - Setting next_dagrun for ml_training_pipeline_v2 to None, run_after=None
[2026-03-26T19:41:13.704+0000] {processor.py:208} INFO - Processing /home/ec2-user/environment/lab4_model_training/dags/ml_training_pipeline_v2.py took 1.382 seconds
[2026-03-26T19:41:43.795+0000] {processor.py:186} INFO - Started process (PID=5442) to work on /home/ec2-user/environment/lab4_model_training/dags/ml_training_pipeline_v2.py
[2026-03-26T19:41:43.796+0000] {processor.py:914} INFO - Processing file /home/ec2-user/environment/lab4_model_training/dags/ml_training_pipeline_v2.py for tasks to queue
[2026-03-26T19:41:43.797+0000] {logging_mixin.py:190} INFO - [2026-03-26T19:41:43.797+0000] {dagbag.py:588} INFO - Filling up the DagBag from /home/ec2-user/environment/lab4_model_training/dags/ml_training_pipeline_v2.py
[2026-03-26T19:41:45.456+0000] {processor.py:925} INFO - DAG(s) 'ml_training_pipeline_v2' retrieved from /home/ec2-user/environment/lab4_model_training/dags/ml_training_pipeline_v2.py
[2026-03-26T19:41:45.474+0000] {logging_mixin.py:190} INFO - [2026-03-26T19:41:45.473+0000] {dag.py:3239} INFO - Sync 1 DAGs
[2026-03-26T19:41:45.483+0000] {logging_mixin.py:190} INFO - [2026-03-26T19:41:45.483+0000] {dag.py:4180} INFO - Setting next_dagrun for ml_training_pipeline_v2 to None, run_after=None
[2026-03-26T19:41:45.505+0000] {processor.py:208} INFO - Processing /home/ec2-user/environment/lab4_model_training/dags/ml_training_pipeline_v2.py took 1.715 seconds
[2026-03-26T19:44:03.352+0000] {processor.py:186} INFO - Started process (PID=5803) to work on /home/ec2-user/environment/lab4_model_training/dags/ml_training_pipeline_v2.py
[2026-03-26T19:44:03.354+0000] {processor.py:914} INFO - Processing file /home/ec2-user/environment/lab4_model_training/dags/ml_training_pipeline_v2.py for tasks to queue
[2026-03-26T19:44:03.355+0000] {logging_mixin.py:190} INFO - [2026-03-26T19:44:03.355+0000] {dagbag.py:588} INFO - Filling up the DagBag from /home/ec2-user/environment/lab4_model_training/dags/ml_training_pipeline_v2.py
[2026-03-26T19:44:04.809+0000] {processor.py:925} INFO - DAG(s) 'ml_training_pipeline_v2' retrieved from /home/ec2-user/environment/lab4_model_training/dags/ml_training_pipeline_v2.py
[2026-03-26T19:44:04.823+0000] {logging_mixin.py:190} INFO - [2026-03-26T19:44:04.822+0000] {dag.py:3239} INFO - Sync 1 DAGs
[2026-03-26T19:44:04.833+0000] {logging_mixin.py:190} INFO - [2026-03-26T19:44:04.833+0000] {dag.py:4180} INFO - Setting next_dagrun for ml_training_pipeline_v2 to None, run_after=None
[2026-03-26T19:44:04.851+0000] {processor.py:208} INFO - Processing /home/ec2-user/environment/lab4_model_training/dags/ml_training_pipeline_v2.py took 1.504 seconds
[2026-03-26T19:44:34.929+0000] {processor.py:186} INFO - Started process (PID=5882) to work on /home/ec2-user/environment/lab4_model_training/dags/ml_training_pipeline_v2.py
[2026-03-26T19:44:34.931+0000] {processor.py:914} INFO - Processing file /home/ec2-user/environment/lab4_model_training/dags/ml_training_pipeline_v2.py for tasks to queue
[2026-03-26T19:44:34.932+0000] {logging_mixin.py:190} INFO - [2026-03-26T19:44:34.931+0000] {dagbag.py:588} INFO - Filling up the DagBag from /home/ec2-user/environment/lab4_model_training/dags/ml_training_pipeline_v2.py
[2026-03-26T19:44:36.352+0000] {processor.py:925} INFO - DAG(s) 'ml_training_pipeline_v2' retrieved from /home/ec2-user/environment/lab4_model_training/dags/ml_training_pipeline_v2.py
[2026-03-26T19:44:36.367+0000] {logging_mixin.py:190} INFO - [2026-03-26T19:44:36.367+0000] {dag.py:3239} INFO - Sync 1 DAGs
[2026-03-26T19:44:36.379+0000] {logging_mixin.py:190} INFO - [2026-03-26T19:44:36.379+0000] {dag.py:4180} INFO - Setting next_dagrun for ml_training_pipeline_v2 to None, run_after=None
[2026-03-26T19:44:36.399+0000] {processor.py:208} INFO - Processing /home/ec2-user/environment/lab4_model_training/dags/ml_training_pipeline_v2.py took 1.474 seconds
[2026-03-26T19:45:06.616+0000] {processor.py:186} INFO - Started process (PID=6030) to work on /home/ec2-user/environment/lab4_model_training/dags/ml_training_pipeline_v2.py
[2026-03-26T19:45:06.617+0000] {processor.py:914} INFO - Processing file /home/ec2-user/environment/lab4_model_training/dags/ml_training_pipeline_v2.py for tasks to queue
[2026-03-26T19:45:06.618+0000] {logging_mixin.py:190} INFO - [2026-03-26T19:45:06.618+0000] {dagbag.py:588} INFO - Filling up the DagBag from /home/ec2-user/environment/lab4_model_training/dags/ml_training_pipeline_v2.py
[2026-03-26T19:45:08.044+0000] {processor.py:925} INFO - DAG(s) 'ml_training_pipeline_v2' retrieved from /home/ec2-user/environment/lab4_model_training/dags/ml_training_pipeline_v2.py
[2026-03-26T19:45:08.060+0000] {logging_mixin.py:190} INFO - [2026-03-26T19:45:08.060+0000] {dag.py:3239} INFO - Sync 1 DAGs
[2026-03-26T19:45:08.070+0000] {logging_mixin.py:190} INFO - [2026-03-26T19:45:08.070+0000] {dag.py:4180} INFO - Setting next_dagrun for ml_training_pipeline_v2 to None, run_after=None
[2026-03-26T19:45:08.088+0000] {processor.py:208} INFO - Processing /home/ec2-user/environment/lab4_model_training/dags/ml_training_pipeline_v2.py took 1.477 seconds
[2026-03-26T19:45:38.208+0000] {processor.py:186} INFO - Started process (PID=6116) to work on /home/ec2-user/environment/lab4_model_training/dags/ml_training_pipeline_v2.py
[2026-03-26T19:45:38.210+0000] {processor.py:914} INFO - Processing file /home/ec2-user/environment/lab4_model_training/dags/ml_training_pipeline_v2.py for tasks to queue
[2026-03-26T19:45:38.211+0000] {logging_mixin.py:190} INFO - [2026-03-26T19:45:38.210+0000] {dagbag.py:588} INFO - Filling up the DagBag from /home/ec2-user/environment/lab4_model_training/dags/ml_training_pipeline_v2.py
[2026-03-26T19:45:39.643+0000] {processor.py:925} INFO - DAG(s) 'ml_training_pipeline_v2' retrieved from /home/ec2-user/environment/lab4_model_training/dags/ml_training_pipeline_v2.py
[2026-03-26T19:45:39.658+0000] {logging_mixin.py:190} INFO - [2026-03-26T19:45:39.658+0000] {dag.py:3239} INFO - Sync 1 DAGs
[2026-03-26T19:45:39.667+0000] {logging_mixin.py:190} INFO - [2026-03-26T19:45:39.667+0000] {dag.py:4180} INFO - Setting next_dagrun for ml_training_pipeline_v2 to None, run_after=None
[2026-03-26T19:45:39.684+0000] {processor.py:208} INFO - Processing /home/ec2-user/environment/lab4_model_training/dags/ml_training_pipeline_v2.py took 1.481 seconds
[2026-03-26T19:46:09.800+0000] {processor.py:186} INFO - Started process (PID=6155) to work on /home/ec2-user/environment/lab4_model_training/dags/ml_training_pipeline_v2.py
[2026-03-26T19:46:09.802+0000] {processor.py:914} INFO - Processing file /home/ec2-user/environment/lab4_model_training/dags/ml_training_pipeline_v2.py for tasks to queue
[2026-03-26T19:46:09.803+0000] {logging_mixin.py:190} INFO - [2026-03-26T19:46:09.802+0000] {dagbag.py:588} INFO - Filling up the DagBag from /home/ec2-user/environment/lab4_model_training/dags/ml_training_pipeline_v2.py
[2026-03-26T19:46:11.210+0000] {processor.py:925} INFO - DAG(s) 'ml_training_pipeline_v2' retrieved from /home/ec2-user/environment/lab4_model_training/dags/ml_training_pipeline_v2.py
[2026-03-26T19:46:11.223+0000] {logging_mixin.py:190} INFO - [2026-03-26T19:46:11.223+0000] {dag.py:3239} INFO - Sync 1 DAGs
[2026-03-26T19:46:11.232+0000] {logging_mixin.py:190} INFO - [2026-03-26T19:46:11.232+0000] {dag.py:4180} INFO - Setting next_dagrun for ml_training_pipeline_v2 to None, run_after=None
[2026-03-26T19:46:11.250+0000] {processor.py:208} INFO - Processing /home/ec2-user/environment/lab4_model_training/dags/ml_training_pipeline_v2.py took 1.454 seconds
[2026-03-26T19:46:41.684+0000] {processor.py:186} INFO - Started process (PID=6188) to work on /home/ec2-user/environment/lab4_model_training/dags/ml_training_pipeline_v2.py
[2026-03-26T19:46:41.685+0000] {processor.py:914} INFO - Processing file /home/ec2-user/environment/lab4_model_training/dags/ml_training_pipeline_v2.py for tasks to queue
[2026-03-26T19:46:41.687+0000] {logging_mixin.py:190} INFO - [2026-03-26T19:46:41.686+0000] {dagbag.py:588} INFO - Filling up the DagBag from /home/ec2-user/environment/lab4_model_training/dags/ml_training_pipeline_v2.py
[2026-03-26T19:46:43.229+0000] {processor.py:925} INFO - DAG(s) 'ml_training_pipeline_v2' retrieved from /home/ec2-user/environment/lab4_model_training/dags/ml_training_pipeline_v2.py
[2026-03-26T19:46:43.242+0000] {logging_mixin.py:190} INFO - [2026-03-26T19:46:43.242+0000] {dag.py:3239} INFO - Sync 1 DAGs
[2026-03-26T19:46:43.251+0000] {logging_mixin.py:190} INFO - [2026-03-26T19:46:43.251+0000] {dag.py:4180} INFO - Setting next_dagrun for ml_training_pipeline_v2 to None, run_after=None
[2026-03-26T19:46:43.271+0000] {processor.py:208} INFO - Processing /home/ec2-user/environment/lab4_model_training/dags/ml_training_pipeline_v2.py took 1.591 seconds
[2026-03-26T19:47:14.062+0000] {processor.py:186} INFO - Started process (PID=6298) to work on /home/ec2-user/environment/lab4_model_training/dags/ml_training_pipeline_v2.py
[2026-03-26T19:47:14.063+0000] {processor.py:914} INFO - Processing file /home/ec2-user/environment/lab4_model_training/dags/ml_training_pipeline_v2.py for tasks to queue
[2026-03-26T19:47:14.064+0000] {logging_mixin.py:190} INFO - [2026-03-26T19:47:14.064+0000] {dagbag.py:588} INFO - Filling up the DagBag from /home/ec2-user/environment/lab4_model_training/dags/ml_training_pipeline_v2.py
[2026-03-26T19:47:15.470+0000] {processor.py:925} INFO - DAG(s) 'ml_training_pipeline_v2' retrieved from /home/ec2-user/environment/lab4_model_training/dags/ml_training_pipeline_v2.py
[2026-03-26T19:47:15.483+0000] {logging_mixin.py:190} INFO - [2026-03-26T19:47:15.483+0000] {dag.py:3239} INFO - Sync 1 DAGs
[2026-03-26T19:47:15.493+0000] {logging_mixin.py:190} INFO - [2026-03-26T19:47:15.492+0000] {dag.py:4180} INFO - Setting next_dagrun for ml_training_pipeline_v2 to None, run_after=None
[2026-03-26T19:47:15.511+0000] {processor.py:208} INFO - Processing /home/ec2-user/environment/lab4_model_training/dags/ml_training_pipeline_v2.py took 1.453 seconds
[2026-03-26T19:47:45.732+0000] {processor.py:186} INFO - Started process (PID=6325) to work on /home/ec2-user/environment/lab4_model_training/dags/ml_training_pipeline_v2.py
[2026-03-26T19:47:45.733+0000] {processor.py:914} INFO - Processing file /home/ec2-user/environment/lab4_model_training/dags/ml_training_pipeline_v2.py for tasks to queue
[2026-03-26T19:47:45.734+0000] {logging_mixin.py:190} INFO - [2026-03-26T19:47:45.734+0000] {dagbag.py:588} INFO - Filling up the DagBag from /home/ec2-user/environment/lab4_model_training/dags/ml_training_pipeline_v2.py
[2026-03-26T19:47:47.194+0000] {processor.py:925} INFO - DAG(s) 'ml_training_pipeline_v2' retrieved from /home/ec2-user/environment/lab4_model_training/dags/ml_training_pipeline_v2.py
[2026-03-26T19:47:47.207+0000] {logging_mixin.py:190} INFO - [2026-03-26T19:47:47.207+0000] {dag.py:3239} INFO - Sync 1 DAGs
[2026-03-26T19:47:47.217+0000] {logging_mixin.py:190} INFO - [2026-03-26T19:47:47.217+0000] {dag.py:4180} INFO - Setting next_dagrun for ml_training_pipeline_v2 to None, run_after=None
[2026-03-26T19:47:47.237+0000] {processor.py:208} INFO - Processing /home/ec2-user/environment/lab4_model_training/dags/ml_training_pipeline_v2.py took 1.510 seconds
[2026-03-26T19:48:17.601+0000] {processor.py:186} INFO - Started process (PID=6363) to work on /home/ec2-user/environment/lab4_model_training/dags/ml_training_pipeline_v2.py
[2026-03-26T19:48:17.603+0000] {processor.py:914} INFO - Processing file /home/ec2-user/environment/lab4_model_training/dags/ml_training_pipeline_v2.py for tasks to queue
[2026-03-26T19:48:17.604+0000] {logging_mixin.py:190} INFO - [2026-03-26T19:48:17.603+0000] {dagbag.py:588} INFO - Filling up the DagBag from /home/ec2-user/environment/lab4_model_training/dags/ml_training_pipeline_v2.py
[2026-03-26T19:48:19.033+0000] {processor.py:925} INFO - DAG(s) 'ml_training_pipeline_v2' retrieved from /home/ec2-user/environment/lab4_model_training/dags/ml_training_pipeline_v2.py
[2026-03-26T19:48:19.047+0000] {logging_mixin.py:190} INFO - [2026-03-26T19:48:19.047+0000] {dag.py:3239} INFO - Sync 1 DAGs
[2026-03-26T19:48:19.056+0000] {logging_mixin.py:190} INFO - [2026-03-26T19:48:19.056+0000] {dag.py:4180} INFO - Setting next_dagrun for ml_training_pipeline_v2 to None, run_after=None
[2026-03-26T19:48:19.074+0000] {processor.py:208} INFO - Processing /home/ec2-user/environment/lab4_model_training/dags/ml_training_pipeline_v2.py took 1.478 seconds
[2026-03-26T19:48:49.372+0000] {processor.py:186} INFO - Started process (PID=6437) to work on /home/ec2-user/environment/lab4_model_training/dags/ml_training_pipeline_v2.py
[2026-03-26T19:48:49.373+0000] {processor.py:914} INFO - Processing file /home/ec2-user/environment/lab4_model_training/dags/ml_training_pipeline_v2.py for tasks to queue
[2026-03-26T19:48:49.375+0000] {logging_mixin.py:190} INFO - [2026-03-26T19:48:49.374+0000] {dagbag.py:588} INFO - Filling up the DagBag from /home/ec2-user/environment/lab4_model_training/dags/ml_training_pipeline_v2.py
[2026-03-26T19:48:50.773+0000] {processor.py:925} INFO - DAG(s) 'ml_training_pipeline_v2' retrieved from /home/ec2-user/environment/lab4_model_training/dags/ml_training_pipeline_v2.py
[2026-03-26T19:48:50.786+0000] {logging_mixin.py:190} INFO - [2026-03-26T19:48:50.786+0000] {dag.py:3239} INFO - Sync 1 DAGs
[2026-03-26T19:48:50.797+0000] {logging_mixin.py:190} INFO - [2026-03-26T19:48:50.797+0000] {dag.py:4180} INFO - Setting next_dagrun for ml_training_pipeline_v2 to None, run_after=None
[2026-03-26T19:48:50.815+0000] {processor.py:208} INFO - Processing /home/ec2-user/environment/lab4_model_training/dags/ml_training_pipeline_v2.py took 1.448 seconds
[2026-03-26T19:49:21.018+0000] {processor.py:186} INFO - Started process (PID=6475) to work on /home/ec2-user/environment/lab4_model_training/dags/ml_training_pipeline_v2.py
[2026-03-26T19:49:21.019+0000] {processor.py:914} INFO - Processing file /home/ec2-user/environment/lab4_model_training/dags/ml_training_pipeline_v2.py for tasks to queue
[2026-03-26T19:49:21.020+0000] {logging_mixin.py:190} INFO - [2026-03-26T19:49:21.020+0000] {dagbag.py:588} INFO - Filling up the DagBag from /home/ec2-user/environment/lab4_model_training/dags/ml_training_pipeline_v2.py
[2026-03-26T19:49:22.457+0000] {processor.py:925} INFO - DAG(s) 'ml_training_pipeline_v2' retrieved from /home/ec2-user/environment/lab4_model_training/dags/ml_training_pipeline_v2.py
[2026-03-26T19:49:22.472+0000] {logging_mixin.py:190} INFO - [2026-03-26T19:49:22.471+0000] {dag.py:3239} INFO - Sync 1 DAGs
[2026-03-26T19:49:22.481+0000] {logging_mixin.py:190} INFO - [2026-03-26T19:49:22.481+0000] {dag.py:4180} INFO - Setting next_dagrun for ml_training_pipeline_v2 to None, run_after=None
[2026-03-26T19:49:22.499+0000] {processor.py:208} INFO - Processing /home/ec2-user/environment/lab4_model_training/dags/ml_training_pipeline_v2.py took 1.486 seconds
[2026-03-26T19:49:52.584+0000] {processor.py:186} INFO - Started process (PID=6501) to work on /home/ec2-user/environment/lab4_model_training/dags/ml_training_pipeline_v2.py
[2026-03-26T19:49:52.586+0000] {processor.py:914} INFO - Processing file /home/ec2-user/environment/lab4_model_training/dags/ml_training_pipeline_v2.py for tasks to queue
[2026-03-26T19:49:52.587+0000] {logging_mixin.py:190} INFO - [2026-03-26T19:49:52.586+0000] {dagbag.py:588} INFO - Filling up the DagBag from /home/ec2-user/environment/lab4_model_training/dags/ml_training_pipeline_v2.py
[2026-03-26T19:49:53.983+0000] {processor.py:925} INFO - DAG(s) 'ml_training_pipeline_v2' retrieved from /home/ec2-user/environment/lab4_model_training/dags/ml_training_pipeline_v2.py
[2026-03-26T19:49:53.998+0000] {logging_mixin.py:190} INFO - [2026-03-26T19:49:53.997+0000] {dag.py:3239} INFO - Sync 1 DAGs
[2026-03-26T19:49:54.011+0000] {logging_mixin.py:190} INFO - [2026-03-26T19:49:54.010+0000] {dag.py:4180} INFO - Setting next_dagrun for ml_training_pipeline_v2 to None, run_after=None
[2026-03-26T19:49:54.032+0000] {processor.py:208} INFO - Processing /home/ec2-user/environment/lab4_model_training/dags/ml_training_pipeline_v2.py took 1.452 seconds
[2026-03-26T19:50:24.148+0000] {processor.py:186} INFO - Started process (PID=6590) to work on /home/ec2-user/environment/lab4_model_training/dags/ml_training_pipeline_v2.py
[2026-03-26T19:50:24.149+0000] {processor.py:914} INFO - Processing file /home/ec2-user/environment/lab4_model_training/dags/ml_training_pipeline_v2.py for tasks to queue
[2026-03-26T19:50:24.150+0000] {logging_mixin.py:190} INFO - [2026-03-26T19:50:24.150+0000] {dagbag.py:588} INFO - Filling up the DagBag from /home/ec2-user/environment/lab4_model_training/dags/ml_training_pipeline_v2.py
[2026-03-26T19:50:25.607+0000] {processor.py:925} INFO - DAG(s) 'ml_training_pipeline_v2' retrieved from /home/ec2-user/environment/lab4_model_training/dags/ml_training_pipeline_v2.py
[2026-03-26T19:50:25.621+0000] {logging_mixin.py:190} INFO - [2026-03-26T19:50:25.621+0000] {dag.py:3239} INFO - Sync 1 DAGs
[2026-03-26T19:50:25.631+0000] {logging_mixin.py:190} INFO - [2026-03-26T19:50:25.631+0000] {dag.py:4180} INFO - Setting next_dagrun for ml_training_pipeline_v2 to None, run_after=None
[2026-03-26T19:50:25.650+0000] {processor.py:208} INFO - Processing /home/ec2-user/environment/lab4_model_training/dags/ml_training_pipeline_v2.py took 1.507 seconds
[2026-03-26T19:50:56.735+0000] {processor.py:186} INFO - Started process (PID=6616) to work on /home/ec2-user/environment/lab4_model_training/dags/ml_training_pipeline_v2.py
[2026-03-26T19:50:56.736+0000] {processor.py:914} INFO - Processing file /home/ec2-user/environment/lab4_model_training/dags/ml_training_pipeline_v2.py for tasks to queue
[2026-03-26T19:50:56.737+0000] {logging_mixin.py:190} INFO - [2026-03-26T19:50:56.737+0000] {dagbag.py:588} INFO - Filling up the DagBag from /home/ec2-user/environment/lab4_model_training/dags/ml_training_pipeline_v2.py
[2026-03-26T19:50:58.222+0000] {processor.py:925} INFO - DAG(s) 'ml_training_pipeline_v2' retrieved from /home/ec2-user/environment/lab4_model_training/dags/ml_training_pipeline_v2.py
[2026-03-26T19:50:58.241+0000] {logging_mixin.py:190} INFO - [2026-03-26T19:50:58.240+0000] {dag.py:3239} INFO - Sync 1 DAGs
[2026-03-26T19:50:58.258+0000] {logging_mixin.py:190} INFO - [2026-03-26T19:50:58.257+0000] {dag.py:4180} INFO - Setting next_dagrun for ml_training_pipeline_v2 to None, run_after=None
[2026-03-26T19:50:58.288+0000] {processor.py:208} INFO - Processing /home/ec2-user/environment/lab4_model_training/dags/ml_training_pipeline_v2.py took 1.558 seconds
[2026-03-26T19:51:30.822+0000] {processor.py:186} INFO - Started process (PID=6719) to work on /home/ec2-user/environment/lab4_model_training/dags/ml_training_pipeline_v2.py
[2026-03-26T19:51:30.824+0000] {processor.py:914} INFO - Processing file /home/ec2-user/environment/lab4_model_training/dags/ml_training_pipeline_v2.py for tasks to queue
[2026-03-26T19:51:30.825+0000] {logging_mixin.py:190} INFO - [2026-03-26T19:51:30.825+0000] {dagbag.py:588} INFO - Filling up the DagBag from /home/ec2-user/environment/lab4_model_training/dags/ml_training_pipeline_v2.py
[2026-03-26T19:51:32.339+0000] {processor.py:925} INFO - DAG(s) 'ml_training_pipeline_v2' retrieved from /home/ec2-user/environment/lab4_model_training/dags/ml_training_pipeline_v2.py
[2026-03-26T19:51:32.353+0000] {logging_mixin.py:190} INFO - [2026-03-26T19:51:32.353+0000] {dag.py:3239} INFO - Sync 1 DAGs
[2026-03-26T19:51:32.363+0000] {logging_mixin.py:190} INFO - [2026-03-26T19:51:32.363+0000] {dag.py:4180} INFO - Setting next_dagrun for ml_training_pipeline_v2 to None, run_after=None
[2026-03-26T19:51:32.380+0000] {processor.py:208} INFO - Processing /home/ec2-user/environment/lab4_model_training/dags/ml_training_pipeline_v2.py took 1.563 seconds
[2026-03-26T19:52:02.906+0000] {processor.py:186} INFO - Started process (PID=6779) to work on /home/ec2-user/environment/lab4_model_training/dags/ml_training_pipeline_v2.py
[2026-03-26T19:52:02.907+0000] {processor.py:914} INFO - Processing file /home/ec2-user/environment/lab4_model_training/dags/ml_training_pipeline_v2.py for tasks to queue
[2026-03-26T19:52:02.908+0000] {logging_mixin.py:190} INFO - [2026-03-26T19:52:02.908+0000] {dagbag.py:588} INFO - Filling up the DagBag from /home/ec2-user/environment/lab4_model_training/dags/ml_training_pipeline_v2.py
[2026-03-26T19:52:04.325+0000] {processor.py:925} INFO - DAG(s) 'ml_training_pipeline_v2' retrieved from /home/ec2-user/environment/lab4_model_training/dags/ml_training_pipeline_v2.py
[2026-03-26T19:52:04.339+0000] {logging_mixin.py:190} INFO - [2026-03-26T19:52:04.339+0000] {dag.py:3239} INFO - Sync 1 DAGs
[2026-03-26T19:52:04.349+0000] {logging_mixin.py:190} INFO - [2026-03-26T19:52:04.349+0000] {dag.py:4180} INFO - Setting next_dagrun for ml_training_pipeline_v2 to None, run_after=None
[2026-03-26T19:52:04.367+0000] {processor.py:208} INFO - Processing /home/ec2-user/environment/lab4_model_training/dags/ml_training_pipeline_v2.py took 1.466 seconds
[2026-03-26T19:52:35.198+0000] {processor.py:186} INFO - Started process (PID=6808) to work on /home/ec2-user/environment/lab4_model_training/dags/ml_training_pipeline_v2.py
[2026-03-26T19:52:35.198+0000] {processor.py:914} INFO - Processing file /home/ec2-user/environment/lab4_model_training/dags/ml_training_pipeline_v2.py for tasks to queue
[2026-03-26T19:52:35.200+0000] {logging_mixin.py:190} INFO - [2026-03-26T19:52:35.199+0000] {dagbag.py:588} INFO - Filling up the DagBag from /home/ec2-user/environment/lab4_model_training/dags/ml_training_pipeline_v2.py
[2026-03-26T19:52:36.544+0000] {processor.py:925} INFO - DAG(s) 'ml_training_pipeline_v2' retrieved from /home/ec2-user/environment/lab4_model_training/dags/ml_training_pipeline_v2.py
[2026-03-26T19:52:36.558+0000] {logging_mixin.py:190} INFO - [2026-03-26T19:52:36.557+0000] {dag.py:3239} INFO - Sync 1 DAGs
[2026-03-26T19:52:36.568+0000] {logging_mixin.py:190} INFO - [2026-03-26T19:52:36.568+0000] {dag.py:4180} INFO - Setting next_dagrun for ml_training_pipeline_v2 to None, run_after=None
[2026-03-26T19:52:36.586+0000] {processor.py:208} INFO - Processing /home/ec2-user/environment/lab4_model_training/dags/ml_training_pipeline_v2.py took 1.393 seconds
[2026-03-26T19:53:06.676+0000] {processor.py:186} INFO - Started process (PID=6850) to work on /home/ec2-user/environment/lab4_model_training/dags/ml_training_pipeline_v2.py
[2026-03-26T19:53:06.680+0000] {processor.py:914} INFO - Processing file /home/ec2-user/environment/lab4_model_training/dags/ml_training_pipeline_v2.py for tasks to queue
[2026-03-26T19:53:06.681+0000] {logging_mixin.py:190} INFO - [2026-03-26T19:53:06.681+0000] {dagbag.py:588} INFO - Filling up the DagBag from /home/ec2-user/environment/lab4_model_training/dags/ml_training_pipeline_v2.py
[2026-03-26T19:53:08.147+0000] {processor.py:925} INFO - DAG(s) 'ml_training_pipeline_v2' retrieved from /home/ec2-user/environment/lab4_model_training/dags/ml_training_pipeline_v2.py
[2026-03-26T19:53:08.161+0000] {logging_mixin.py:190} INFO - [2026-03-26T19:53:08.161+0000] {dag.py:3239} INFO - Sync 1 DAGs
[2026-03-26T19:53:08.172+0000] {logging_mixin.py:190} INFO - [2026-03-26T19:53:08.172+0000] {dag.py:4180} INFO - Setting next_dagrun for ml_training_pipeline_v2 to None, run_after=None
[2026-03-26T19:53:08.191+0000] {processor.py:208} INFO - Processing /home/ec2-user/environment/lab4_model_training/dags/ml_training_pipeline_v2.py took 1.522 seconds
[2026-03-26T19:53:38.360+0000] {processor.py:186} INFO - Started process (PID=6949) to work on /home/ec2-user/environment/lab4_model_training/dags/ml_training_pipeline_v2.py
[2026-03-26T19:53:38.360+0000] {processor.py:914} INFO - Processing file /home/ec2-user/environment/lab4_model_training/dags/ml_training_pipeline_v2.py for tasks to queue
[2026-03-26T19:53:38.362+0000] {logging_mixin.py:190} INFO - [2026-03-26T19:53:38.361+0000] {dagbag.py:588} INFO - Filling up the DagBag from /home/ec2-user/environment/lab4_model_training/dags/ml_training_pipeline_v2.py
[2026-03-26T19:53:39.745+0000] {processor.py:925} INFO - DAG(s) 'ml_training_pipeline_v2' retrieved from /home/ec2-user/environment/lab4_model_training/dags/ml_training_pipeline_v2.py
[2026-03-26T19:53:39.761+0000] {logging_mixin.py:190} INFO - [2026-03-26T19:53:39.760+0000] {dag.py:3239} INFO - Sync 1 DAGs
[2026-03-26T19:53:39.771+0000] {logging_mixin.py:190} INFO - [2026-03-26T19:53:39.771+0000] {dag.py:4180} INFO - Setting next_dagrun for ml_training_pipeline_v2 to None, run_after=None
[2026-03-26T19:53:39.790+0000] {processor.py:208} INFO - Processing /home/ec2-user/environment/lab4_model_training/dags/ml_training_pipeline_v2.py took 1.435 seconds
[2026-03-26T19:54:09.926+0000] {processor.py:186} INFO - Started process (PID=6990) to work on /home/ec2-user/environment/lab4_model_training/dags/ml_training_pipeline_v2.py
[2026-03-26T19:54:09.927+0000] {processor.py:914} INFO - Processing file /home/ec2-user/environment/lab4_model_training/dags/ml_training_pipeline_v2.py for tasks to queue
[2026-03-26T19:54:09.929+0000] {logging_mixin.py:190} INFO - [2026-03-26T19:54:09.928+0000] {dagbag.py:588} INFO - Filling up the DagBag from /home/ec2-user/environment/lab4_model_training/dags/ml_training_pipeline_v2.py
[2026-03-26T19:54:11.287+0000] {processor.py:925} INFO - DAG(s) 'ml_training_pipeline_v2' retrieved from /home/ec2-user/environment/lab4_model_training/dags/ml_training_pipeline_v2.py
[2026-03-26T19:54:11.302+0000] {logging_mixin.py:190} INFO - [2026-03-26T19:54:11.302+0000] {dag.py:3239} INFO - Sync 1 DAGs
[2026-03-26T19:54:11.312+0000] {logging_mixin.py:190} INFO - [2026-03-26T19:54:11.312+0000] {dag.py:4180} INFO - Setting next_dagrun for ml_training_pipeline_v2 to None, run_after=None
[2026-03-26T19:54:11.331+0000] {processor.py:208} INFO - Processing /home/ec2-user/environment/lab4_model_training/dags/ml_training_pipeline_v2.py took 1.410 seconds
[2026-03-26T19:54:41.355+0000] {processor.py:186} INFO - Started process (PID=7052) to work on /home/ec2-user/environment/lab4_model_training/dags/ml_training_pipeline_v2.py
[2026-03-26T19:54:41.356+0000] {processor.py:914} INFO - Processing file /home/ec2-user/environment/lab4_model_training/dags/ml_training_pipeline_v2.py for tasks to queue
[2026-03-26T19:54:41.357+0000] {logging_mixin.py:190} INFO - [2026-03-26T19:54:41.357+0000] {dagbag.py:588} INFO - Filling up the DagBag from /home/ec2-user/environment/lab4_model_training/dags/ml_training_pipeline_v2.py
[2026-03-26T19:54:42.686+0000] {processor.py:925} INFO - DAG(s) 'ml_training_pipeline_v2' retrieved from /home/ec2-user/environment/lab4_model_training/dags/ml_training_pipeline_v2.py
[2026-03-26T19:54:42.700+0000] {logging_mixin.py:190} INFO - [2026-03-26T19:54:42.700+0000] {dag.py:3239} INFO - Sync 1 DAGs
[2026-03-26T19:54:42.710+0000] {logging_mixin.py:190} INFO - [2026-03-26T19:54:42.709+0000] {dag.py:4180} INFO - Setting next_dagrun for ml_training_pipeline_v2 to None, run_after=None
[2026-03-26T19:54:42.728+0000] {processor.py:208} INFO - Processing /home/ec2-user/environment/lab4_model_training/dags/ml_training_pipeline_v2.py took 1.378 seconds
[2026-03-26T19:55:12.825+0000] {processor.py:186} INFO - Started process (PID=7106) to work on /home/ec2-user/environment/lab4_model_training/dags/ml_training_pipeline_v2.py
[2026-03-26T19:55:12.825+0000] {processor.py:914} INFO - Processing file /home/ec2-user/environment/lab4_model_training/dags/ml_training_pipeline_v2.py for tasks to queue
[2026-03-26T19:55:12.827+0000] {logging_mixin.py:190} INFO - [2026-03-26T19:55:12.826+0000] {dagbag.py:588} INFO - Filling up the DagBag from /home/ec2-user/environment/lab4_model_training/dags/ml_training_pipeline_v2.py
[2026-03-26T19:55:14.166+0000] {processor.py:925} INFO - DAG(s) 'ml_training_pipeline_v2' retrieved from /home/ec2-user/environment/lab4_model_training/dags/ml_training_pipeline_v2.py
[2026-03-26T19:55:14.180+0000] {logging_mixin.py:190} INFO - [2026-03-26T19:55:14.179+0000] {dag.py:3239} INFO - Sync 1 DAGs
[2026-03-26T19:55:14.189+0000] {logging_mixin.py:190} INFO - [2026-03-26T19:55:14.189+0000] {dag.py:4180} INFO - Setting next_dagrun for ml_training_pipeline_v2 to None, run_after=None
[2026-03-26T19:55:14.208+0000] {processor.py:208} INFO - Processing /home/ec2-user/environment/lab4_model_training/dags/ml_training_pipeline_v2.py took 1.389 seconds
[2026-03-26T19:55:45.209+0000] {processor.py:186} INFO - Started process (PID=7207) to work on /home/ec2-user/environment/lab4_model_training/dags/ml_training_pipeline_v2.py
[2026-03-26T19:55:45.211+0000] {processor.py:914} INFO - Processing file /home/ec2-user/environment/lab4_model_training/dags/ml_training_pipeline_v2.py for tasks to queue
[2026-03-26T19:55:45.212+0000] {logging_mixin.py:190} INFO - [2026-03-26T19:55:45.212+0000] {dagbag.py:588} INFO - Filling up the DagBag from /home/ec2-user/environment/lab4_model_training/dags/ml_training_pipeline_v2.py
[2026-03-26T19:55:46.543+0000] {processor.py:925} INFO - DAG(s) 'ml_training_pipeline_v2' retrieved from /home/ec2-user/environment/lab4_model_training/dags/ml_training_pipeline_v2.py
[2026-03-26T19:55:46.557+0000] {logging_mixin.py:190} INFO - [2026-03-26T19:55:46.556+0000] {dag.py:3239} INFO - Sync 1 DAGs
[2026-03-26T19:55:46.566+0000] {logging_mixin.py:190} INFO - [2026-03-26T19:55:46.566+0000] {dag.py:4180} INFO - Setting next_dagrun for ml_training_pipeline_v2 to None, run_after=None
[2026-03-26T19:55:46.583+0000] {processor.py:208} INFO - Processing /home/ec2-user/environment/lab4_model_training/dags/ml_training_pipeline_v2.py took 1.379 seconds
[2026-03-26T19:56:17.479+0000] {processor.py:186} INFO - Started process (PID=7245) to work on /home/ec2-user/environment/lab4_model_training/dags/ml_training_pipeline_v2.py
[2026-03-26T19:56:17.480+0000] {processor.py:914} INFO - Processing file /home/ec2-user/environment/lab4_model_training/dags/ml_training_pipeline_v2.py for tasks to queue
[2026-03-26T19:56:17.481+0000] {logging_mixin.py:190} INFO - [2026-03-26T19:56:17.481+0000] {dagbag.py:588} INFO - Filling up the DagBag from /home/ec2-user/environment/lab4_model_training/dags/ml_training_pipeline_v2.py
[2026-03-26T19:56:18.790+0000] {processor.py:925} INFO - DAG(s) 'ml_training_pipeline_v2' retrieved from /home/ec2-user/environment/lab4_model_training/dags/ml_training_pipeline_v2.py
[2026-03-26T19:56:18.804+0000] {logging_mixin.py:190} INFO - [2026-03-26T19:56:18.803+0000] {dag.py:3239} INFO - Sync 1 DAGs
[2026-03-26T19:56:18.813+0000] {logging_mixin.py:190} INFO - [2026-03-26T19:56:18.813+0000] {dag.py:4180} INFO - Setting next_dagrun for ml_training_pipeline_v2 to None, run_after=None
[2026-03-26T19:56:18.831+0000] {processor.py:208} INFO - Processing /home/ec2-user/environment/lab4_model_training/dags/ml_training_pipeline_v2.py took 1.357 seconds
[2026-03-26T19:56:48.955+0000] {processor.py:186} INFO - Started process (PID=7316) to work on /home/ec2-user/environment/lab4_model_training/dags/ml_training_pipeline_v2.py
[2026-03-26T19:56:48.956+0000] {processor.py:914} INFO - Processing file /home/ec2-user/environment/lab4_model_training/dags/ml_training_pipeline_v2.py for tasks to queue
[2026-03-26T19:56:48.958+0000] {logging_mixin.py:190} INFO - [2026-03-26T19:56:48.957+0000] {dagbag.py:588} INFO - Filling up the DagBag from /home/ec2-user/environment/lab4_model_training/dags/ml_training_pipeline_v2.py
[2026-03-26T19:56:50.313+0000] {processor.py:925} INFO - DAG(s) 'ml_training_pipeline_v2' retrieved from /home/ec2-user/environment/lab4_model_training/dags/ml_training_pipeline_v2.py
[2026-03-26T19:56:50.328+0000] {logging_mixin.py:190} INFO - [2026-03-26T19:56:50.327+0000] {dag.py:3239} INFO - Sync 1 DAGs
[2026-03-26T19:56:50.339+0000] {logging_mixin.py:190} INFO - [2026-03-26T19:56:50.339+0000] {dag.py:4180} INFO - Setting next_dagrun for ml_training_pipeline_v2 to None, run_after=None
[2026-03-26T19:56:50.357+0000] {processor.py:208} INFO - Processing /home/ec2-user/environment/lab4_model_training/dags/ml_training_pipeline_v2.py took 1.407 seconds
[2026-03-26T19:57:20.530+0000] {processor.py:186} INFO - Started process (PID=7462) to work on /home/ec2-user/environment/lab4_model_training/dags/ml_training_pipeline_v2.py
[2026-03-26T19:57:20.530+0000] {processor.py:914} INFO - Processing file /home/ec2-user/environment/lab4_model_training/dags/ml_training_pipeline_v2.py for tasks to queue
[2026-03-26T19:57:20.532+0000] {logging_mixin.py:190} INFO - [2026-03-26T19:57:20.531+0000] {dagbag.py:588} INFO - Filling up the DagBag from /home/ec2-user/environment/lab4_model_training/dags/ml_training_pipeline_v2.py
[2026-03-26T19:57:21.852+0000] {processor.py:925} INFO - DAG(s) 'ml_training_pipeline_v2' retrieved from /home/ec2-user/environment/lab4_model_training/dags/ml_training_pipeline_v2.py
[2026-03-26T19:57:21.865+0000] {logging_mixin.py:190} INFO - [2026-03-26T19:57:21.865+0000] {dag.py:3239} INFO - Sync 1 DAGs
[2026-03-26T19:57:21.875+0000] {logging_mixin.py:190} INFO - [2026-03-26T19:57:21.875+0000] {dag.py:4180} INFO - Setting next_dagrun for ml_training_pipeline_v2 to None, run_after=None
[2026-03-26T19:57:21.892+0000] {processor.py:208} INFO - Processing /home/ec2-user/environment/lab4_model_training/dags/ml_training_pipeline_v2.py took 1.367 seconds
[2026-03-26T19:57:52.002+0000] {processor.py:186} INFO - Started process (PID=7495) to work on /home/ec2-user/environment/lab4_model_training/dags/ml_training_pipeline_v2.py
[2026-03-26T19:57:52.003+0000] {processor.py:914} INFO - Processing file /home/ec2-user/environment/lab4_model_training/dags/ml_training_pipeline_v2.py for tasks to queue
[2026-03-26T19:57:52.005+0000] {logging_mixin.py:190} INFO - [2026-03-26T19:57:52.004+0000] {dagbag.py:588} INFO - Filling up the DagBag from /home/ec2-user/environment/lab4_model_training/dags/ml_training_pipeline_v2.py
[2026-03-26T19:57:53.310+0000] {processor.py:925} INFO - DAG(s) 'ml_training_pipeline_v2' retrieved from /home/ec2-user/environment/lab4_model_training/dags/ml_training_pipeline_v2.py
[2026-03-26T19:57:53.325+0000] {logging_mixin.py:190} INFO - [2026-03-26T19:57:53.324+0000] {dag.py:3239} INFO - Sync 1 DAGs
[2026-03-26T19:57:53.334+0000] {logging_mixin.py:190} INFO - [2026-03-26T19:57:53.334+0000] {dag.py:4180} INFO - Setting next_dagrun for ml_training_pipeline_v2 to None, run_after=None
[2026-03-26T19:57:53.351+0000] {processor.py:208} INFO - Processing /home/ec2-user/environment/lab4_model_training/dags/ml_training_pipeline_v2.py took 1.354 seconds
[2026-03-26T19:58:23.475+0000] {processor.py:186} INFO - Started process (PID=7533) to work on /home/ec2-user/environment/lab4_model_training/dags/ml_training_pipeline_v2.py
[2026-03-26T19:58:23.476+0000] {processor.py:914} INFO - Processing file /home/ec2-user/environment/lab4_model_training/dags/ml_training_pipeline_v2.py for tasks to queue
[2026-03-26T19:58:23.478+0000] {logging_mixin.py:190} INFO - [2026-03-26T19:58:23.477+0000] {dagbag.py:588} INFO - Filling up the DagBag from /home/ec2-user/environment/lab4_model_training/dags/ml_training_pipeline_v2.py
[2026-03-26T19:58:24.790+0000] {processor.py:925} INFO - DAG(s) 'ml_training_pipeline_v2' retrieved from /home/ec2-user/environment/lab4_model_training/dags/ml_training_pipeline_v2.py
[2026-03-26T19:58:24.804+0000] {logging_mixin.py:190} INFO - [2026-03-26T19:58:24.804+0000] {dag.py:3239} INFO - Sync 1 DAGs
[2026-03-26T19:58:24.814+0000] {logging_mixin.py:190} INFO - [2026-03-26T19:58:24.814+0000] {dag.py:4180} INFO - Setting next_dagrun for ml_training_pipeline_v2 to None, run_after=None
[2026-03-26T19:58:24.831+0000] {processor.py:208} INFO - Processing /home/ec2-user/environment/lab4_model_training/dags/ml_training_pipeline_v2.py took 1.361 seconds
[2026-03-26T19:58:54.951+0000] {processor.py:186} INFO - Started process (PID=7607) to work on /home/ec2-user/environment/lab4_model_training/dags/ml_training_pipeline_v2.py
[2026-03-26T19:58:54.952+0000] {processor.py:914} INFO - Processing file /home/ec2-user/environment/lab4_model_training/dags/ml_training_pipeline_v2.py for tasks to queue
[2026-03-26T19:58:54.953+0000] {logging_mixin.py:190} INFO - [2026-03-26T19:58:54.953+0000] {dagbag.py:588} INFO - Filling up the DagBag from /home/ec2-user/environment/lab4_model_training/dags/ml_training_pipeline_v2.py
[2026-03-26T19:58:56.300+0000] {processor.py:925} INFO - DAG(s) 'ml_training_pipeline_v2' retrieved from /home/ec2-user/environment/lab4_model_training/dags/ml_training_pipeline_v2.py
[2026-03-26T19:58:56.316+0000] {logging_mixin.py:190} INFO - [2026-03-26T19:58:56.315+0000] {dag.py:3239} INFO - Sync 1 DAGs
[2026-03-26T19:58:56.325+0000] {logging_mixin.py:190} INFO - [2026-03-26T19:58:56.325+0000] {dag.py:4180} INFO - Setting next_dagrun for ml_training_pipeline_v2 to None, run_after=None
[2026-03-26T19:58:56.343+0000] {processor.py:208} INFO - Processing /home/ec2-user/environment/lab4_model_training/dags/ml_training_pipeline_v2.py took 1.397 seconds
[2026-03-26T19:59:26.437+0000] {processor.py:186} INFO - Started process (PID=7646) to work on /home/ec2-user/environment/lab4_model_training/dags/ml_training_pipeline_v2.py
[2026-03-26T19:59:26.438+0000] {processor.py:914} INFO - Processing file /home/ec2-user/environment/lab4_model_training/dags/ml_training_pipeline_v2.py for tasks to queue
[2026-03-26T19:59:26.439+0000] {logging_mixin.py:190} INFO - [2026-03-26T19:59:26.439+0000] {dagbag.py:588} INFO - Filling up the DagBag from /home/ec2-user/environment/lab4_model_training/dags/ml_training_pipeline_v2.py
[2026-03-26T19:59:27.775+0000] {processor.py:925} INFO - DAG(s) 'ml_training_pipeline_v2' retrieved from /home/ec2-user/environment/lab4_model_training/dags/ml_training_pipeline_v2.py
[2026-03-26T19:59:27.789+0000] {logging_mixin.py:190} INFO - [2026-03-26T19:59:27.789+0000] {dag.py:3239} INFO - Sync 1 DAGs
[2026-03-26T19:59:27.798+0000] {logging_mixin.py:190} INFO - [2026-03-26T19:59:27.798+0000] {dag.py:4180} INFO - Setting next_dagrun for ml_training_pipeline_v2 to None, run_after=None
[2026-03-26T19:59:27.815+0000] {processor.py:208} INFO - Processing /home/ec2-user/environment/lab4_model_training/dags/ml_training_pipeline_v2.py took 1.383 seconds
[2026-03-26T19:59:57.914+0000] {processor.py:186} INFO - Started process (PID=7672) to work on /home/ec2-user/environment/lab4_model_training/dags/ml_training_pipeline_v2.py
[2026-03-26T19:59:57.915+0000] {processor.py:914} INFO - Processing file /home/ec2-user/environment/lab4_model_training/dags/ml_training_pipeline_v2.py for tasks to queue
[2026-03-26T19:59:57.916+0000] {logging_mixin.py:190} INFO - [2026-03-26T19:59:57.916+0000] {dagbag.py:588} INFO - Filling up the DagBag from /home/ec2-user/environment/lab4_model_training/dags/ml_training_pipeline_v2.py
[2026-03-26T19:59:59.230+0000] {processor.py:925} INFO - DAG(s) 'ml_training_pipeline_v2' retrieved from /home/ec2-user/environment/lab4_model_training/dags/ml_training_pipeline_v2.py
[2026-03-26T19:59:59.248+0000] {logging_mixin.py:190} INFO - [2026-03-26T19:59:59.248+0000] {dag.py:3239} INFO - Sync 1 DAGs
[2026-03-26T19:59:59.257+0000] {logging_mixin.py:190} INFO - [2026-03-26T19:59:59.257+0000] {dag.py:4180} INFO - Setting next_dagrun for ml_training_pipeline_v2 to None, run_after=None
[2026-03-26T19:59:59.285+0000] {processor.py:208} INFO - Processing /home/ec2-user/environment/lab4_model_training/dags/ml_training_pipeline_v2.py took 1.377 seconds
[2026-03-26T20:00:29.389+0000] {processor.py:186} INFO - Started process (PID=7807) to work on /home/ec2-user/environment/lab4_model_training/dags/ml_training_pipeline_v2.py
[2026-03-26T20:00:29.391+0000] {processor.py:914} INFO - Processing file /home/ec2-user/environment/lab4_model_training/dags/ml_training_pipeline_v2.py for tasks to queue
[2026-03-26T20:00:29.392+0000] {logging_mixin.py:190} INFO - [2026-03-26T20:00:29.392+0000] {dagbag.py:588} INFO - Filling up the DagBag from /home/ec2-user/environment/lab4_model_training/dags/ml_training_pipeline_v2.py
[2026-03-26T20:00:30.761+0000] {processor.py:925} INFO - DAG(s) 'ml_training_pipeline_v2' retrieved from /home/ec2-user/environment/lab4_model_training/dags/ml_training_pipeline_v2.py
[2026-03-26T20:00:30.775+0000] {logging_mixin.py:190} INFO - [2026-03-26T20:00:30.775+0000] {dag.py:3239} INFO - Sync 1 DAGs
[2026-03-26T20:00:30.785+0000] {logging_mixin.py:190} INFO - [2026-03-26T20:00:30.785+0000] {dag.py:4180} INFO - Setting next_dagrun for ml_training_pipeline_v2 to None, run_after=None
[2026-03-26T20:00:30.807+0000] {processor.py:208} INFO - Processing /home/ec2-user/environment/lab4_model_training/dags/ml_training_pipeline_v2.py took 1.423 seconds
