[2026-03-26T19:30:43.735+0000] {processor.py:186} INFO - Started process (PID=4003) to work on /home/ec2-user/environment/lab4_model_training/dags/train_model_dag.py
[2026-03-26T19:30:43.736+0000] {processor.py:914} INFO - Processing file /home/ec2-user/environment/lab4_model_training/dags/train_model_dag.py for tasks to queue
[2026-03-26T19:30:43.737+0000] {logging_mixin.py:190} INFO - [2026-03-26T19:30:43.737+0000] {dagbag.py:588} INFO - Filling up the DagBag from /home/ec2-user/environment/lab4_model_training/dags/train_model_dag.py
[2026-03-26T19:30:45.105+0000] {processor.py:925} INFO - DAG(s) 'train_model_only' retrieved from /home/ec2-user/environment/lab4_model_training/dags/train_model_dag.py
[2026-03-26T19:30:45.191+0000] {logging_mixin.py:190} INFO - [2026-03-26T19:30:45.190+0000] {override.py:1930} INFO - Created Permission View: can edit on DAG:train_model_only
[2026-03-26T19:30:45.202+0000] {logging_mixin.py:190} INFO - [2026-03-26T19:30:45.201+0000] {override.py:1930} INFO - Created Permission View: can read on DAG:train_model_only
[2026-03-26T19:30:45.211+0000] {logging_mixin.py:190} INFO - [2026-03-26T19:30:45.210+0000] {override.py:1930} INFO - Created Permission View: can delete on DAG:train_model_only
[2026-03-26T19:30:45.224+0000] {logging_mixin.py:190} INFO - [2026-03-26T19:30:45.224+0000] {override.py:1930} INFO - Created Permission View: menu access on DAG Run:train_model_only
[2026-03-26T19:30:45.233+0000] {logging_mixin.py:190} INFO - [2026-03-26T19:30:45.233+0000] {override.py:1930} INFO - Created Permission View: can read on DAG Run:train_model_only
[2026-03-26T19:30:45.245+0000] {logging_mixin.py:190} INFO - [2026-03-26T19:30:45.245+0000] {override.py:1930} INFO - Created Permission View: can delete on DAG Run:train_model_only
[2026-03-26T19:30:45.256+0000] {logging_mixin.py:190} INFO - [2026-03-26T19:30:45.256+0000] {override.py:1930} INFO - Created Permission View: can create on DAG Run:train_model_only
[2026-03-26T19:30:45.257+0000] {logging_mixin.py:190} INFO - [2026-03-26T19:30:45.257+0000] {dag.py:3239} INFO - Sync 1 DAGs
[2026-03-26T19:30:45.267+0000] {logging_mixin.py:190} INFO - [2026-03-26T19:30:45.266+0000] {dag.py:3262} INFO - Creating ORM DAG for train_model_only
[2026-03-26T19:30:45.267+0000] {logging_mixin.py:190} INFO - [2026-03-26T19:30:45.267+0000] {dag.py:4180} INFO - Setting next_dagrun for train_model_only to None, run_after=None
[2026-03-26T19:30:45.284+0000] {processor.py:208} INFO - Processing /home/ec2-user/environment/lab4_model_training/dags/train_model_dag.py took 1.553 seconds
[2026-03-26T19:31:16.541+0000] {processor.py:186} INFO - Started process (PID=4041) to work on /home/ec2-user/environment/lab4_model_training/dags/train_model_dag.py
[2026-03-26T19:31:16.542+0000] {processor.py:914} INFO - Processing file /home/ec2-user/environment/lab4_model_training/dags/train_model_dag.py for tasks to queue
[2026-03-26T19:31:16.543+0000] {logging_mixin.py:190} INFO - [2026-03-26T19:31:16.542+0000] {dagbag.py:588} INFO - Filling up the DagBag from /home/ec2-user/environment/lab4_model_training/dags/train_model_dag.py
[2026-03-26T19:31:17.928+0000] {processor.py:925} INFO - DAG(s) 'train_model_only' retrieved from /home/ec2-user/environment/lab4_model_training/dags/train_model_dag.py
[2026-03-26T19:31:17.941+0000] {logging_mixin.py:190} INFO - [2026-03-26T19:31:17.940+0000] {dag.py:3239} INFO - Sync 1 DAGs
[2026-03-26T19:31:17.950+0000] {logging_mixin.py:190} INFO - [2026-03-26T19:31:17.950+0000] {dag.py:4180} INFO - Setting next_dagrun for train_model_only to None, run_after=None
[2026-03-26T19:31:17.968+0000] {processor.py:208} INFO - Processing /home/ec2-user/environment/lab4_model_training/dags/train_model_dag.py took 1.431 seconds
[2026-03-26T19:31:48.405+0000] {processor.py:186} INFO - Started process (PID=4094) to work on /home/ec2-user/environment/lab4_model_training/dags/train_model_dag.py
[2026-03-26T19:31:48.406+0000] {processor.py:914} INFO - Processing file /home/ec2-user/environment/lab4_model_training/dags/train_model_dag.py for tasks to queue
[2026-03-26T19:31:48.408+0000] {logging_mixin.py:190} INFO - [2026-03-26T19:31:48.407+0000] {dagbag.py:588} INFO - Filling up the DagBag from /home/ec2-user/environment/lab4_model_training/dags/train_model_dag.py
[2026-03-26T19:31:49.799+0000] {processor.py:925} INFO - DAG(s) 'train_model_only' retrieved from /home/ec2-user/environment/lab4_model_training/dags/train_model_dag.py
[2026-03-26T19:31:49.812+0000] {logging_mixin.py:190} INFO - [2026-03-26T19:31:49.811+0000] {dag.py:3239} INFO - Sync 1 DAGs
[2026-03-26T19:31:49.821+0000] {logging_mixin.py:190} INFO - [2026-03-26T19:31:49.820+0000] {dag.py:4180} INFO - Setting next_dagrun for train_model_only to None, run_after=None
[2026-03-26T19:31:49.838+0000] {processor.py:208} INFO - Processing /home/ec2-user/environment/lab4_model_training/dags/train_model_dag.py took 1.437 seconds
[2026-03-26T19:32:20.584+0000] {processor.py:186} INFO - Started process (PID=4131) to work on /home/ec2-user/environment/lab4_model_training/dags/train_model_dag.py
[2026-03-26T19:32:20.585+0000] {processor.py:914} INFO - Processing file /home/ec2-user/environment/lab4_model_training/dags/train_model_dag.py for tasks to queue
[2026-03-26T19:32:20.586+0000] {logging_mixin.py:190} INFO - [2026-03-26T19:32:20.586+0000] {dagbag.py:588} INFO - Filling up the DagBag from /home/ec2-user/environment/lab4_model_training/dags/train_model_dag.py
[2026-03-26T19:32:21.966+0000] {processor.py:925} INFO - DAG(s) 'train_model_only' retrieved from /home/ec2-user/environment/lab4_model_training/dags/train_model_dag.py
[2026-03-26T19:32:21.979+0000] {logging_mixin.py:190} INFO - [2026-03-26T19:32:21.979+0000] {dag.py:3239} INFO - Sync 1 DAGs
[2026-03-26T19:32:21.988+0000] {logging_mixin.py:190} INFO - [2026-03-26T19:32:21.988+0000] {dag.py:4180} INFO - Setting next_dagrun for train_model_only to None, run_after=None
[2026-03-26T19:32:22.005+0000] {processor.py:208} INFO - Processing /home/ec2-user/environment/lab4_model_training/dags/train_model_dag.py took 1.426 seconds
[2026-03-26T19:32:52.768+0000] {processor.py:186} INFO - Started process (PID=4202) to work on /home/ec2-user/environment/lab4_model_training/dags/train_model_dag.py
[2026-03-26T19:32:52.769+0000] {processor.py:914} INFO - Processing file /home/ec2-user/environment/lab4_model_training/dags/train_model_dag.py for tasks to queue
[2026-03-26T19:32:52.770+0000] {logging_mixin.py:190} INFO - [2026-03-26T19:32:52.770+0000] {dagbag.py:588} INFO - Filling up the DagBag from /home/ec2-user/environment/lab4_model_training/dags/train_model_dag.py
[2026-03-26T19:32:54.140+0000] {processor.py:925} INFO - DAG(s) 'train_model_only' retrieved from /home/ec2-user/environment/lab4_model_training/dags/train_model_dag.py
[2026-03-26T19:32:54.152+0000] {logging_mixin.py:190} INFO - [2026-03-26T19:32:54.152+0000] {dag.py:3239} INFO - Sync 1 DAGs
[2026-03-26T19:32:54.161+0000] {logging_mixin.py:190} INFO - [2026-03-26T19:32:54.161+0000] {dag.py:4180} INFO - Setting next_dagrun for train_model_only to None, run_after=None
[2026-03-26T19:32:54.179+0000] {processor.py:208} INFO - Processing /home/ec2-user/environment/lab4_model_training/dags/train_model_dag.py took 1.416 seconds
[2026-03-26T19:33:24.347+0000] {processor.py:186} INFO - Started process (PID=4237) to work on /home/ec2-user/environment/lab4_model_training/dags/train_model_dag.py
[2026-03-26T19:33:24.348+0000] {processor.py:914} INFO - Processing file /home/ec2-user/environment/lab4_model_training/dags/train_model_dag.py for tasks to queue
[2026-03-26T19:33:24.349+0000] {logging_mixin.py:190} INFO - [2026-03-26T19:33:24.349+0000] {dagbag.py:588} INFO - Filling up the DagBag from /home/ec2-user/environment/lab4_model_training/dags/train_model_dag.py
[2026-03-26T19:33:25.717+0000] {processor.py:925} INFO - DAG(s) 'train_model_only' retrieved from /home/ec2-user/environment/lab4_model_training/dags/train_model_dag.py
[2026-03-26T19:33:25.730+0000] {logging_mixin.py:190} INFO - [2026-03-26T19:33:25.730+0000] {dag.py:3239} INFO - Sync 1 DAGs
[2026-03-26T19:33:25.740+0000] {logging_mixin.py:190} INFO - [2026-03-26T19:33:25.740+0000] {dag.py:4180} INFO - Setting next_dagrun for train_model_only to None, run_after=None
[2026-03-26T19:33:25.757+0000] {processor.py:208} INFO - Processing /home/ec2-user/environment/lab4_model_training/dags/train_model_dag.py took 1.415 seconds
[2026-03-26T19:33:55.919+0000] {processor.py:186} INFO - Started process (PID=4309) to work on /home/ec2-user/environment/lab4_model_training/dags/train_model_dag.py
[2026-03-26T19:33:55.923+0000] {processor.py:914} INFO - Processing file /home/ec2-user/environment/lab4_model_training/dags/train_model_dag.py for tasks to queue
[2026-03-26T19:33:55.924+0000] {logging_mixin.py:190} INFO - [2026-03-26T19:33:55.924+0000] {dagbag.py:588} INFO - Filling up the DagBag from /home/ec2-user/environment/lab4_model_training/dags/train_model_dag.py
[2026-03-26T19:33:57.317+0000] {processor.py:925} INFO - DAG(s) 'train_model_only' retrieved from /home/ec2-user/environment/lab4_model_training/dags/train_model_dag.py
[2026-03-26T19:33:57.330+0000] {logging_mixin.py:190} INFO - [2026-03-26T19:33:57.329+0000] {dag.py:3239} INFO - Sync 1 DAGs
[2026-03-26T19:33:57.340+0000] {logging_mixin.py:190} INFO - [2026-03-26T19:33:57.340+0000] {dag.py:4180} INFO - Setting next_dagrun for train_model_only to None, run_after=None
[2026-03-26T19:33:57.357+0000] {processor.py:208} INFO - Processing /home/ec2-user/environment/lab4_model_training/dags/train_model_dag.py took 1.443 seconds
[2026-03-26T19:34:27.492+0000] {processor.py:186} INFO - Started process (PID=4344) to work on /home/ec2-user/environment/lab4_model_training/dags/train_model_dag.py
[2026-03-26T19:34:27.493+0000] {processor.py:914} INFO - Processing file /home/ec2-user/environment/lab4_model_training/dags/train_model_dag.py for tasks to queue
[2026-03-26T19:34:27.494+0000] {logging_mixin.py:190} INFO - [2026-03-26T19:34:27.494+0000] {dagbag.py:588} INFO - Filling up the DagBag from /home/ec2-user/environment/lab4_model_training/dags/train_model_dag.py
[2026-03-26T19:34:28.933+0000] {processor.py:925} INFO - DAG(s) 'train_model_only' retrieved from /home/ec2-user/environment/lab4_model_training/dags/train_model_dag.py
[2026-03-26T19:34:28.947+0000] {logging_mixin.py:190} INFO - [2026-03-26T19:34:28.946+0000] {dag.py:3239} INFO - Sync 1 DAGs
[2026-03-26T19:34:28.956+0000] {logging_mixin.py:190} INFO - [2026-03-26T19:34:28.956+0000] {dag.py:4180} INFO - Setting next_dagrun for train_model_only to None, run_after=None
[2026-03-26T19:34:28.972+0000] {processor.py:208} INFO - Processing /home/ec2-user/environment/lab4_model_training/dags/train_model_dag.py took 1.485 seconds
[2026-03-26T19:34:59.057+0000] {processor.py:186} INFO - Started process (PID=4416) to work on /home/ec2-user/environment/lab4_model_training/dags/train_model_dag.py
[2026-03-26T19:34:59.059+0000] {processor.py:914} INFO - Processing file /home/ec2-user/environment/lab4_model_training/dags/train_model_dag.py for tasks to queue
[2026-03-26T19:34:59.060+0000] {logging_mixin.py:190} INFO - [2026-03-26T19:34:59.059+0000] {dagbag.py:588} INFO - Filling up the DagBag from /home/ec2-user/environment/lab4_model_training/dags/train_model_dag.py
[2026-03-26T19:35:00.450+0000] {processor.py:925} INFO - DAG(s) 'train_model_only' retrieved from /home/ec2-user/environment/lab4_model_training/dags/train_model_dag.py
[2026-03-26T19:35:00.465+0000] {logging_mixin.py:190} INFO - [2026-03-26T19:35:00.464+0000] {dag.py:3239} INFO - Sync 1 DAGs
[2026-03-26T19:35:00.474+0000] {logging_mixin.py:190} INFO - [2026-03-26T19:35:00.474+0000] {dag.py:4180} INFO - Setting next_dagrun for train_model_only to None, run_after=None
[2026-03-26T19:35:00.492+0000] {processor.py:208} INFO - Processing /home/ec2-user/environment/lab4_model_training/dags/train_model_dag.py took 1.439 seconds
[2026-03-26T19:35:30.624+0000] {processor.py:186} INFO - Started process (PID=4452) to work on /home/ec2-user/environment/lab4_model_training/dags/train_model_dag.py
[2026-03-26T19:35:30.626+0000] {processor.py:914} INFO - Processing file /home/ec2-user/environment/lab4_model_training/dags/train_model_dag.py for tasks to queue
[2026-03-26T19:35:30.627+0000] {logging_mixin.py:190} INFO - [2026-03-26T19:35:30.627+0000] {dagbag.py:588} INFO - Filling up the DagBag from /home/ec2-user/environment/lab4_model_training/dags/train_model_dag.py
[2026-03-26T19:35:32.070+0000] {processor.py:925} INFO - DAG(s) 'train_model_only' retrieved from /home/ec2-user/environment/lab4_model_training/dags/train_model_dag.py
[2026-03-26T19:35:32.084+0000] {logging_mixin.py:190} INFO - [2026-03-26T19:35:32.083+0000] {dag.py:3239} INFO - Sync 1 DAGs
[2026-03-26T19:35:32.093+0000] {logging_mixin.py:190} INFO - [2026-03-26T19:35:32.093+0000] {dag.py:4180} INFO - Setting next_dagrun for train_model_only to None, run_after=None
[2026-03-26T19:35:32.111+0000] {processor.py:208} INFO - Processing /home/ec2-user/environment/lab4_model_training/dags/train_model_dag.py took 1.491 seconds
[2026-03-26T19:36:02.195+0000] {processor.py:186} INFO - Started process (PID=4489) to work on /home/ec2-user/environment/lab4_model_training/dags/train_model_dag.py
[2026-03-26T19:36:02.196+0000] {processor.py:914} INFO - Processing file /home/ec2-user/environment/lab4_model_training/dags/train_model_dag.py for tasks to queue
[2026-03-26T19:36:02.197+0000] {logging_mixin.py:190} INFO - [2026-03-26T19:36:02.197+0000] {dagbag.py:588} INFO - Filling up the DagBag from /home/ec2-user/environment/lab4_model_training/dags/train_model_dag.py
[2026-03-26T19:36:03.567+0000] {processor.py:925} INFO - DAG(s) 'train_model_only' retrieved from /home/ec2-user/environment/lab4_model_training/dags/train_model_dag.py
[2026-03-26T19:36:03.580+0000] {logging_mixin.py:190} INFO - [2026-03-26T19:36:03.580+0000] {dag.py:3239} INFO - Sync 1 DAGs
[2026-03-26T19:36:03.589+0000] {logging_mixin.py:190} INFO - [2026-03-26T19:36:03.589+0000] {dag.py:4180} INFO - Setting next_dagrun for train_model_only to None, run_after=None
[2026-03-26T19:36:03.607+0000] {processor.py:208} INFO - Processing /home/ec2-user/environment/lab4_model_training/dags/train_model_dag.py took 1.417 seconds
[2026-03-26T19:36:33.761+0000] {processor.py:186} INFO - Started process (PID=4565) to work on /home/ec2-user/environment/lab4_model_training/dags/train_model_dag.py
[2026-03-26T19:36:33.762+0000] {processor.py:914} INFO - Processing file /home/ec2-user/environment/lab4_model_training/dags/train_model_dag.py for tasks to queue
[2026-03-26T19:36:33.763+0000] {logging_mixin.py:190} INFO - [2026-03-26T19:36:33.763+0000] {dagbag.py:588} INFO - Filling up the DagBag from /home/ec2-user/environment/lab4_model_training/dags/train_model_dag.py
[2026-03-26T19:36:35.122+0000] {processor.py:925} INFO - DAG(s) 'train_model_only' retrieved from /home/ec2-user/environment/lab4_model_training/dags/train_model_dag.py
[2026-03-26T19:36:35.134+0000] {logging_mixin.py:190} INFO - [2026-03-26T19:36:35.134+0000] {dag.py:3239} INFO - Sync 1 DAGs
[2026-03-26T19:36:35.144+0000] {logging_mixin.py:190} INFO - [2026-03-26T19:36:35.143+0000] {dag.py:4180} INFO - Setting next_dagrun for train_model_only to None, run_after=None
[2026-03-26T19:36:35.161+0000] {processor.py:208} INFO - Processing /home/ec2-user/environment/lab4_model_training/dags/train_model_dag.py took 1.404 seconds
[2026-03-26T19:37:05.327+0000] {processor.py:186} INFO - Started process (PID=4613) to work on /home/ec2-user/environment/lab4_model_training/dags/train_model_dag.py
[2026-03-26T19:37:05.328+0000] {processor.py:914} INFO - Processing file /home/ec2-user/environment/lab4_model_training/dags/train_model_dag.py for tasks to queue
[2026-03-26T19:37:05.329+0000] {logging_mixin.py:190} INFO - [2026-03-26T19:37:05.329+0000] {dagbag.py:588} INFO - Filling up the DagBag from /home/ec2-user/environment/lab4_model_training/dags/train_model_dag.py
[2026-03-26T19:37:06.873+0000] {processor.py:925} INFO - DAG(s) 'train_model_only' retrieved from /home/ec2-user/environment/lab4_model_training/dags/train_model_dag.py
[2026-03-26T19:37:06.892+0000] {logging_mixin.py:190} INFO - [2026-03-26T19:37:06.891+0000] {dag.py:3239} INFO - Sync 1 DAGs
[2026-03-26T19:37:06.906+0000] {logging_mixin.py:190} INFO - [2026-03-26T19:37:06.905+0000] {dag.py:4180} INFO - Setting next_dagrun for train_model_only to None, run_after=None
[2026-03-26T19:37:06.929+0000] {processor.py:208} INFO - Processing /home/ec2-user/environment/lab4_model_training/dags/train_model_dag.py took 1.607 seconds
[2026-03-26T19:37:37.101+0000] {processor.py:186} INFO - Started process (PID=4641) to work on /home/ec2-user/environment/lab4_model_training/dags/train_model_dag.py
[2026-03-26T19:37:37.102+0000] {processor.py:914} INFO - Processing file /home/ec2-user/environment/lab4_model_training/dags/train_model_dag.py for tasks to queue
[2026-03-26T19:37:37.103+0000] {logging_mixin.py:190} INFO - [2026-03-26T19:37:37.103+0000] {dagbag.py:588} INFO - Filling up the DagBag from /home/ec2-user/environment/lab4_model_training/dags/train_model_dag.py
[2026-03-26T19:37:38.447+0000] {processor.py:925} INFO - DAG(s) 'train_model_only' retrieved from /home/ec2-user/environment/lab4_model_training/dags/train_model_dag.py
[2026-03-26T19:37:38.460+0000] {logging_mixin.py:190} INFO - [2026-03-26T19:37:38.460+0000] {dag.py:3239} INFO - Sync 1 DAGs
[2026-03-26T19:37:38.471+0000] {logging_mixin.py:190} INFO - [2026-03-26T19:37:38.471+0000] {dag.py:4180} INFO - Setting next_dagrun for train_model_only to None, run_after=None
[2026-03-26T19:37:38.490+0000] {processor.py:208} INFO - Processing /home/ec2-user/environment/lab4_model_training/dags/train_model_dag.py took 1.394 seconds
[2026-03-26T19:38:08.574+0000] {processor.py:186} INFO - Started process (PID=4682) to work on /home/ec2-user/environment/lab4_model_training/dags/train_model_dag.py
[2026-03-26T19:38:08.575+0000] {processor.py:914} INFO - Processing file /home/ec2-user/environment/lab4_model_training/dags/train_model_dag.py for tasks to queue
[2026-03-26T19:38:08.576+0000] {logging_mixin.py:190} INFO - [2026-03-26T19:38:08.576+0000] {dagbag.py:588} INFO - Filling up the DagBag from /home/ec2-user/environment/lab4_model_training/dags/train_model_dag.py
[2026-03-26T19:38:09.957+0000] {processor.py:925} INFO - DAG(s) 'train_model_only' retrieved from /home/ec2-user/environment/lab4_model_training/dags/train_model_dag.py
[2026-03-26T19:38:09.970+0000] {logging_mixin.py:190} INFO - [2026-03-26T19:38:09.969+0000] {dag.py:3239} INFO - Sync 1 DAGs
[2026-03-26T19:38:09.980+0000] {logging_mixin.py:190} INFO - [2026-03-26T19:38:09.980+0000] {dag.py:4180} INFO - Setting next_dagrun for train_model_only to None, run_after=None
[2026-03-26T19:38:09.997+0000] {processor.py:208} INFO - Processing /home/ec2-user/environment/lab4_model_training/dags/train_model_dag.py took 1.428 seconds
[2026-03-26T19:38:40.140+0000] {processor.py:186} INFO - Started process (PID=4777) to work on /home/ec2-user/environment/lab4_model_training/dags/train_model_dag.py
[2026-03-26T19:38:40.141+0000] {processor.py:914} INFO - Processing file /home/ec2-user/environment/lab4_model_training/dags/train_model_dag.py for tasks to queue
[2026-03-26T19:38:40.141+0000] {logging_mixin.py:190} INFO - [2026-03-26T19:38:40.141+0000] {dagbag.py:588} INFO - Filling up the DagBag from /home/ec2-user/environment/lab4_model_training/dags/train_model_dag.py
[2026-03-26T19:38:41.578+0000] {processor.py:925} INFO - DAG(s) 'train_model_only' retrieved from /home/ec2-user/environment/lab4_model_training/dags/train_model_dag.py
[2026-03-26T19:38:41.591+0000] {logging_mixin.py:190} INFO - [2026-03-26T19:38:41.590+0000] {dag.py:3239} INFO - Sync 1 DAGs
[2026-03-26T19:38:41.600+0000] {logging_mixin.py:190} INFO - [2026-03-26T19:38:41.600+0000] {dag.py:4180} INFO - Setting next_dagrun for train_model_only to None, run_after=None
[2026-03-26T19:38:41.617+0000] {processor.py:208} INFO - Processing /home/ec2-user/environment/lab4_model_training/dags/train_model_dag.py took 1.482 seconds
[2026-03-26T19:39:11.706+0000] {processor.py:186} INFO - Started process (PID=4883) to work on /home/ec2-user/environment/lab4_model_training/dags/train_model_dag.py
[2026-03-26T19:39:11.707+0000] {processor.py:914} INFO - Processing file /home/ec2-user/environment/lab4_model_training/dags/train_model_dag.py for tasks to queue
[2026-03-26T19:39:11.708+0000] {logging_mixin.py:190} INFO - [2026-03-26T19:39:11.707+0000] {dagbag.py:588} INFO - Filling up the DagBag from /home/ec2-user/environment/lab4_model_training/dags/train_model_dag.py
[2026-03-26T19:39:14.411+0000] {processor.py:925} INFO - DAG(s) 'train_model_only' retrieved from /home/ec2-user/environment/lab4_model_training/dags/train_model_dag.py
[2026-03-26T19:39:14.438+0000] {logging_mixin.py:190} INFO - [2026-03-26T19:39:14.437+0000] {dag.py:3239} INFO - Sync 1 DAGs
[2026-03-26T19:39:14.451+0000] {logging_mixin.py:190} INFO - [2026-03-26T19:39:14.451+0000] {dag.py:4180} INFO - Setting next_dagrun for train_model_only to None, run_after=None
[2026-03-26T19:39:14.476+0000] {processor.py:208} INFO - Processing /home/ec2-user/environment/lab4_model_training/dags/train_model_dag.py took 2.775 seconds
[2026-03-26T19:39:44.586+0000] {processor.py:186} INFO - Started process (PID=5236) to work on /home/ec2-user/environment/lab4_model_training/dags/train_model_dag.py
[2026-03-26T19:39:44.587+0000] {processor.py:914} INFO - Processing file /home/ec2-user/environment/lab4_model_training/dags/train_model_dag.py for tasks to queue
[2026-03-26T19:39:44.588+0000] {logging_mixin.py:190} INFO - [2026-03-26T19:39:44.588+0000] {dagbag.py:588} INFO - Filling up the DagBag from /home/ec2-user/environment/lab4_model_training/dags/train_model_dag.py
[2026-03-26T19:39:45.861+0000] {processor.py:925} INFO - DAG(s) 'train_model_only' retrieved from /home/ec2-user/environment/lab4_model_training/dags/train_model_dag.py
[2026-03-26T19:39:45.874+0000] {logging_mixin.py:190} INFO - [2026-03-26T19:39:45.874+0000] {dag.py:3239} INFO - Sync 1 DAGs
[2026-03-26T19:39:45.884+0000] {logging_mixin.py:190} INFO - [2026-03-26T19:39:45.883+0000] {dag.py:4180} INFO - Setting next_dagrun for train_model_only to None, run_after=None
[2026-03-26T19:39:45.901+0000] {processor.py:208} INFO - Processing /home/ec2-user/environment/lab4_model_training/dags/train_model_dag.py took 1.321 seconds
[2026-03-26T19:40:16.059+0000] {processor.py:186} INFO - Started process (PID=5297) to work on /home/ec2-user/environment/lab4_model_training/dags/train_model_dag.py
[2026-03-26T19:40:16.060+0000] {processor.py:914} INFO - Processing file /home/ec2-user/environment/lab4_model_training/dags/train_model_dag.py for tasks to queue
[2026-03-26T19:40:16.062+0000] {logging_mixin.py:190} INFO - [2026-03-26T19:40:16.062+0000] {dagbag.py:588} INFO - Filling up the DagBag from /home/ec2-user/environment/lab4_model_training/dags/train_model_dag.py
[2026-03-26T19:40:17.347+0000] {processor.py:925} INFO - DAG(s) 'train_model_only' retrieved from /home/ec2-user/environment/lab4_model_training/dags/train_model_dag.py
[2026-03-26T19:40:17.360+0000] {logging_mixin.py:190} INFO - [2026-03-26T19:40:17.360+0000] {dag.py:3239} INFO - Sync 1 DAGs
[2026-03-26T19:40:17.370+0000] {logging_mixin.py:190} INFO - [2026-03-26T19:40:17.369+0000] {dag.py:4180} INFO - Setting next_dagrun for train_model_only to None, run_after=None
[2026-03-26T19:40:17.388+0000] {processor.py:208} INFO - Processing /home/ec2-user/environment/lab4_model_training/dags/train_model_dag.py took 1.334 seconds
[2026-03-26T19:40:48.713+0000] {processor.py:186} INFO - Started process (PID=5332) to work on /home/ec2-user/environment/lab4_model_training/dags/train_model_dag.py
[2026-03-26T19:40:48.714+0000] {processor.py:914} INFO - Processing file /home/ec2-user/environment/lab4_model_training/dags/train_model_dag.py for tasks to queue
[2026-03-26T19:40:48.716+0000] {logging_mixin.py:190} INFO - [2026-03-26T19:40:48.715+0000] {dagbag.py:588} INFO - Filling up the DagBag from /home/ec2-user/environment/lab4_model_training/dags/train_model_dag.py
[2026-03-26T19:40:50.010+0000] {processor.py:925} INFO - DAG(s) 'train_model_only' retrieved from /home/ec2-user/environment/lab4_model_training/dags/train_model_dag.py
[2026-03-26T19:40:50.022+0000] {logging_mixin.py:190} INFO - [2026-03-26T19:40:50.022+0000] {dag.py:3239} INFO - Sync 1 DAGs
[2026-03-26T19:40:50.032+0000] {logging_mixin.py:190} INFO - [2026-03-26T19:40:50.031+0000] {dag.py:4180} INFO - Setting next_dagrun for train_model_only to None, run_after=None
[2026-03-26T19:40:50.049+0000] {processor.py:208} INFO - Processing /home/ec2-user/environment/lab4_model_training/dags/train_model_dag.py took 1.340 seconds
[2026-03-26T19:41:20.180+0000] {processor.py:186} INFO - Started process (PID=5372) to work on /home/ec2-user/environment/lab4_model_training/dags/train_model_dag.py
[2026-03-26T19:41:20.181+0000] {processor.py:914} INFO - Processing file /home/ec2-user/environment/lab4_model_training/dags/train_model_dag.py for tasks to queue
[2026-03-26T19:41:20.182+0000] {logging_mixin.py:190} INFO - [2026-03-26T19:41:20.182+0000] {dagbag.py:588} INFO - Filling up the DagBag from /home/ec2-user/environment/lab4_model_training/dags/train_model_dag.py
[2026-03-26T19:41:21.482+0000] {processor.py:925} INFO - DAG(s) 'train_model_only' retrieved from /home/ec2-user/environment/lab4_model_training/dags/train_model_dag.py
[2026-03-26T19:41:21.494+0000] {logging_mixin.py:190} INFO - [2026-03-26T19:41:21.494+0000] {dag.py:3239} INFO - Sync 1 DAGs
[2026-03-26T19:41:21.504+0000] {logging_mixin.py:190} INFO - [2026-03-26T19:41:21.504+0000] {dag.py:4180} INFO - Setting next_dagrun for train_model_only to None, run_after=None
[2026-03-26T19:41:21.527+0000] {processor.py:208} INFO - Processing /home/ec2-user/environment/lab4_model_training/dags/train_model_dag.py took 1.352 seconds
[2026-03-26T19:41:51.644+0000] {processor.py:186} INFO - Started process (PID=5464) to work on /home/ec2-user/environment/lab4_model_training/dags/train_model_dag.py
[2026-03-26T19:41:51.645+0000] {processor.py:914} INFO - Processing file /home/ec2-user/environment/lab4_model_training/dags/train_model_dag.py for tasks to queue
[2026-03-26T19:41:51.647+0000] {logging_mixin.py:190} INFO - [2026-03-26T19:41:51.647+0000] {dagbag.py:588} INFO - Filling up the DagBag from /home/ec2-user/environment/lab4_model_training/dags/train_model_dag.py
[2026-03-26T19:41:52.940+0000] {processor.py:925} INFO - DAG(s) 'train_model_only' retrieved from /home/ec2-user/environment/lab4_model_training/dags/train_model_dag.py
[2026-03-26T19:41:52.954+0000] {logging_mixin.py:190} INFO - [2026-03-26T19:41:52.953+0000] {dag.py:3239} INFO - Sync 1 DAGs
[2026-03-26T19:41:52.963+0000] {logging_mixin.py:190} INFO - [2026-03-26T19:41:52.963+0000] {dag.py:4180} INFO - Setting next_dagrun for train_model_only to None, run_after=None
[2026-03-26T19:41:52.980+0000] {processor.py:208} INFO - Processing /home/ec2-user/environment/lab4_model_training/dags/train_model_dag.py took 1.341 seconds
[2026-03-26T19:44:10.788+0000] {processor.py:186} INFO - Started process (PID=5817) to work on /home/ec2-user/environment/lab4_model_training/dags/train_model_dag.py
[2026-03-26T19:44:10.789+0000] {processor.py:914} INFO - Processing file /home/ec2-user/environment/lab4_model_training/dags/train_model_dag.py for tasks to queue
[2026-03-26T19:44:10.791+0000] {logging_mixin.py:190} INFO - [2026-03-26T19:44:10.790+0000] {dagbag.py:588} INFO - Filling up the DagBag from /home/ec2-user/environment/lab4_model_training/dags/train_model_dag.py
[2026-03-26T19:44:12.162+0000] {processor.py:925} INFO - DAG(s) 'train_model_only' retrieved from /home/ec2-user/environment/lab4_model_training/dags/train_model_dag.py
[2026-03-26T19:44:12.177+0000] {logging_mixin.py:190} INFO - [2026-03-26T19:44:12.177+0000] {dag.py:3239} INFO - Sync 1 DAGs
[2026-03-26T19:44:12.190+0000] {logging_mixin.py:190} INFO - [2026-03-26T19:44:12.190+0000] {dag.py:4180} INFO - Setting next_dagrun for train_model_only to None, run_after=None
[2026-03-26T19:44:12.207+0000] {processor.py:208} INFO - Processing /home/ec2-user/environment/lab4_model_training/dags/train_model_dag.py took 1.423 seconds
[2026-03-26T19:44:43.099+0000] {processor.py:186} INFO - Started process (PID=5959) to work on /home/ec2-user/environment/lab4_model_training/dags/train_model_dag.py
[2026-03-26T19:44:43.099+0000] {processor.py:914} INFO - Processing file /home/ec2-user/environment/lab4_model_training/dags/train_model_dag.py for tasks to queue
[2026-03-26T19:44:43.101+0000] {logging_mixin.py:190} INFO - [2026-03-26T19:44:43.100+0000] {dagbag.py:588} INFO - Filling up the DagBag from /home/ec2-user/environment/lab4_model_training/dags/train_model_dag.py
[2026-03-26T19:44:45.243+0000] {processor.py:925} INFO - DAG(s) 'train_model_only' retrieved from /home/ec2-user/environment/lab4_model_training/dags/train_model_dag.py
[2026-03-26T19:44:45.261+0000] {logging_mixin.py:190} INFO - [2026-03-26T19:44:45.260+0000] {dag.py:3239} INFO - Sync 1 DAGs
[2026-03-26T19:44:45.275+0000] {logging_mixin.py:190} INFO - [2026-03-26T19:44:45.275+0000] {dag.py:4180} INFO - Setting next_dagrun for train_model_only to None, run_after=None
[2026-03-26T19:44:45.307+0000] {processor.py:208} INFO - Processing /home/ec2-user/environment/lab4_model_training/dags/train_model_dag.py took 2.215 seconds
[2026-03-26T19:45:15.616+0000] {processor.py:186} INFO - Started process (PID=6039) to work on /home/ec2-user/environment/lab4_model_training/dags/train_model_dag.py
[2026-03-26T19:45:15.617+0000] {processor.py:914} INFO - Processing file /home/ec2-user/environment/lab4_model_training/dags/train_model_dag.py for tasks to queue
[2026-03-26T19:45:15.619+0000] {logging_mixin.py:190} INFO - [2026-03-26T19:45:15.618+0000] {dagbag.py:588} INFO - Filling up the DagBag from /home/ec2-user/environment/lab4_model_training/dags/train_model_dag.py
[2026-03-26T19:45:16.995+0000] {processor.py:925} INFO - DAG(s) 'train_model_only' retrieved from /home/ec2-user/environment/lab4_model_training/dags/train_model_dag.py
[2026-03-26T19:45:17.008+0000] {logging_mixin.py:190} INFO - [2026-03-26T19:45:17.008+0000] {dag.py:3239} INFO - Sync 1 DAGs
[2026-03-26T19:45:17.017+0000] {logging_mixin.py:190} INFO - [2026-03-26T19:45:17.017+0000] {dag.py:4180} INFO - Setting next_dagrun for train_model_only to None, run_after=None
[2026-03-26T19:45:17.036+0000] {processor.py:208} INFO - Processing /home/ec2-user/environment/lab4_model_training/dags/train_model_dag.py took 1.425 seconds
[2026-03-26T19:45:47.208+0000] {processor.py:186} INFO - Started process (PID=6129) to work on /home/ec2-user/environment/lab4_model_training/dags/train_model_dag.py
[2026-03-26T19:45:47.209+0000] {processor.py:914} INFO - Processing file /home/ec2-user/environment/lab4_model_training/dags/train_model_dag.py for tasks to queue
[2026-03-26T19:45:47.210+0000] {logging_mixin.py:190} INFO - [2026-03-26T19:45:47.210+0000] {dagbag.py:588} INFO - Filling up the DagBag from /home/ec2-user/environment/lab4_model_training/dags/train_model_dag.py
[2026-03-26T19:45:48.576+0000] {processor.py:925} INFO - DAG(s) 'train_model_only' retrieved from /home/ec2-user/environment/lab4_model_training/dags/train_model_dag.py
[2026-03-26T19:45:48.589+0000] {logging_mixin.py:190} INFO - [2026-03-26T19:45:48.589+0000] {dag.py:3239} INFO - Sync 1 DAGs
[2026-03-26T19:45:48.598+0000] {logging_mixin.py:190} INFO - [2026-03-26T19:45:48.598+0000] {dag.py:4180} INFO - Setting next_dagrun for train_model_only to None, run_after=None
[2026-03-26T19:45:48.617+0000] {processor.py:208} INFO - Processing /home/ec2-user/environment/lab4_model_training/dags/train_model_dag.py took 1.414 seconds
[2026-03-26T19:46:18.775+0000] {processor.py:186} INFO - Started process (PID=6164) to work on /home/ec2-user/environment/lab4_model_training/dags/train_model_dag.py
[2026-03-26T19:46:18.776+0000] {processor.py:914} INFO - Processing file /home/ec2-user/environment/lab4_model_training/dags/train_model_dag.py for tasks to queue
[2026-03-26T19:46:18.777+0000] {logging_mixin.py:190} INFO - [2026-03-26T19:46:18.777+0000] {dagbag.py:588} INFO - Filling up the DagBag from /home/ec2-user/environment/lab4_model_training/dags/train_model_dag.py
[2026-03-26T19:46:20.154+0000] {processor.py:925} INFO - DAG(s) 'train_model_only' retrieved from /home/ec2-user/environment/lab4_model_training/dags/train_model_dag.py
[2026-03-26T19:46:20.167+0000] {logging_mixin.py:190} INFO - [2026-03-26T19:46:20.167+0000] {dag.py:3239} INFO - Sync 1 DAGs
[2026-03-26T19:46:20.177+0000] {logging_mixin.py:190} INFO - [2026-03-26T19:46:20.176+0000] {dag.py:4180} INFO - Setting next_dagrun for train_model_only to None, run_after=None
[2026-03-26T19:46:20.195+0000] {processor.py:208} INFO - Processing /home/ec2-user/environment/lab4_model_training/dags/train_model_dag.py took 1.424 seconds
[2026-03-26T19:46:50.341+0000] {processor.py:186} INFO - Started process (PID=6267) to work on /home/ec2-user/environment/lab4_model_training/dags/train_model_dag.py
[2026-03-26T19:46:50.342+0000] {processor.py:914} INFO - Processing file /home/ec2-user/environment/lab4_model_training/dags/train_model_dag.py for tasks to queue
[2026-03-26T19:46:50.343+0000] {logging_mixin.py:190} INFO - [2026-03-26T19:46:50.343+0000] {dagbag.py:588} INFO - Filling up the DagBag from /home/ec2-user/environment/lab4_model_training/dags/train_model_dag.py
[2026-03-26T19:46:51.736+0000] {processor.py:925} INFO - DAG(s) 'train_model_only' retrieved from /home/ec2-user/environment/lab4_model_training/dags/train_model_dag.py
[2026-03-26T19:46:51.750+0000] {logging_mixin.py:190} INFO - [2026-03-26T19:46:51.749+0000] {dag.py:3239} INFO - Sync 1 DAGs
[2026-03-26T19:46:51.760+0000] {logging_mixin.py:190} INFO - [2026-03-26T19:46:51.760+0000] {dag.py:4180} INFO - Setting next_dagrun for train_model_only to None, run_after=None
[2026-03-26T19:46:51.779+0000] {processor.py:208} INFO - Processing /home/ec2-user/environment/lab4_model_training/dags/train_model_dag.py took 1.443 seconds
[2026-03-26T19:47:23.045+0000] {processor.py:186} INFO - Started process (PID=6312) to work on /home/ec2-user/environment/lab4_model_training/dags/train_model_dag.py
[2026-03-26T19:47:23.046+0000] {processor.py:914} INFO - Processing file /home/ec2-user/environment/lab4_model_training/dags/train_model_dag.py for tasks to queue
[2026-03-26T19:47:23.047+0000] {logging_mixin.py:190} INFO - [2026-03-26T19:47:23.047+0000] {dagbag.py:588} INFO - Filling up the DagBag from /home/ec2-user/environment/lab4_model_training/dags/train_model_dag.py
[2026-03-26T19:47:24.437+0000] {processor.py:925} INFO - DAG(s) 'train_model_only' retrieved from /home/ec2-user/environment/lab4_model_training/dags/train_model_dag.py
[2026-03-26T19:47:24.450+0000] {logging_mixin.py:190} INFO - [2026-03-26T19:47:24.449+0000] {dag.py:3239} INFO - Sync 1 DAGs
[2026-03-26T19:47:24.460+0000] {logging_mixin.py:190} INFO - [2026-03-26T19:47:24.460+0000] {dag.py:4180} INFO - Setting next_dagrun for train_model_only to None, run_after=None
[2026-03-26T19:47:24.478+0000] {processor.py:208} INFO - Processing /home/ec2-user/environment/lab4_model_training/dags/train_model_dag.py took 1.438 seconds
[2026-03-26T19:47:54.915+0000] {processor.py:186} INFO - Started process (PID=6344) to work on /home/ec2-user/environment/lab4_model_training/dags/train_model_dag.py
[2026-03-26T19:47:54.915+0000] {processor.py:914} INFO - Processing file /home/ec2-user/environment/lab4_model_training/dags/train_model_dag.py for tasks to queue
[2026-03-26T19:47:54.916+0000] {logging_mixin.py:190} INFO - [2026-03-26T19:47:54.916+0000] {dagbag.py:588} INFO - Filling up the DagBag from /home/ec2-user/environment/lab4_model_training/dags/train_model_dag.py
[2026-03-26T19:47:56.329+0000] {processor.py:925} INFO - DAG(s) 'train_model_only' retrieved from /home/ec2-user/environment/lab4_model_training/dags/train_model_dag.py
[2026-03-26T19:47:56.344+0000] {logging_mixin.py:190} INFO - [2026-03-26T19:47:56.343+0000] {dag.py:3239} INFO - Sync 1 DAGs
[2026-03-26T19:47:56.353+0000] {logging_mixin.py:190} INFO - [2026-03-26T19:47:56.353+0000] {dag.py:4180} INFO - Setting next_dagrun for train_model_only to None, run_after=None
[2026-03-26T19:47:56.371+0000] {processor.py:208} INFO - Processing /home/ec2-user/environment/lab4_model_training/dags/train_model_dag.py took 1.461 seconds
[2026-03-26T19:48:26.684+0000] {processor.py:186} INFO - Started process (PID=6378) to work on /home/ec2-user/environment/lab4_model_training/dags/train_model_dag.py
[2026-03-26T19:48:26.685+0000] {processor.py:914} INFO - Processing file /home/ec2-user/environment/lab4_model_training/dags/train_model_dag.py for tasks to queue
[2026-03-26T19:48:26.686+0000] {logging_mixin.py:190} INFO - [2026-03-26T19:48:26.686+0000] {dagbag.py:588} INFO - Filling up the DagBag from /home/ec2-user/environment/lab4_model_training/dags/train_model_dag.py
[2026-03-26T19:48:28.082+0000] {processor.py:925} INFO - DAG(s) 'train_model_only' retrieved from /home/ec2-user/environment/lab4_model_training/dags/train_model_dag.py
[2026-03-26T19:48:28.096+0000] {logging_mixin.py:190} INFO - [2026-03-26T19:48:28.096+0000] {dag.py:3239} INFO - Sync 1 DAGs
[2026-03-26T19:48:28.106+0000] {logging_mixin.py:190} INFO - [2026-03-26T19:48:28.105+0000] {dag.py:4180} INFO - Setting next_dagrun for train_model_only to None, run_after=None
[2026-03-26T19:48:28.123+0000] {processor.py:208} INFO - Processing /home/ec2-user/environment/lab4_model_training/dags/train_model_dag.py took 1.444 seconds
[2026-03-26T19:48:58.331+0000] {processor.py:186} INFO - Started process (PID=6452) to work on /home/ec2-user/environment/lab4_model_training/dags/train_model_dag.py
[2026-03-26T19:48:58.332+0000] {processor.py:914} INFO - Processing file /home/ec2-user/environment/lab4_model_training/dags/train_model_dag.py for tasks to queue
[2026-03-26T19:48:58.334+0000] {logging_mixin.py:190} INFO - [2026-03-26T19:48:58.333+0000] {dagbag.py:588} INFO - Filling up the DagBag from /home/ec2-user/environment/lab4_model_training/dags/train_model_dag.py
[2026-03-26T19:48:59.718+0000] {processor.py:925} INFO - DAG(s) 'train_model_only' retrieved from /home/ec2-user/environment/lab4_model_training/dags/train_model_dag.py
[2026-03-26T19:48:59.731+0000] {logging_mixin.py:190} INFO - [2026-03-26T19:48:59.731+0000] {dag.py:3239} INFO - Sync 1 DAGs
[2026-03-26T19:48:59.741+0000] {logging_mixin.py:190} INFO - [2026-03-26T19:48:59.741+0000] {dag.py:4180} INFO - Setting next_dagrun for train_model_only to None, run_after=None
[2026-03-26T19:48:59.758+0000] {processor.py:208} INFO - Processing /home/ec2-user/environment/lab4_model_training/dags/train_model_dag.py took 1.431 seconds
[2026-03-26T19:49:29.896+0000] {processor.py:186} INFO - Started process (PID=6490) to work on /home/ec2-user/environment/lab4_model_training/dags/train_model_dag.py
[2026-03-26T19:49:29.897+0000] {processor.py:914} INFO - Processing file /home/ec2-user/environment/lab4_model_training/dags/train_model_dag.py for tasks to queue
[2026-03-26T19:49:29.898+0000] {logging_mixin.py:190} INFO - [2026-03-26T19:49:29.898+0000] {dagbag.py:588} INFO - Filling up the DagBag from /home/ec2-user/environment/lab4_model_training/dags/train_model_dag.py
[2026-03-26T19:49:31.318+0000] {processor.py:925} INFO - DAG(s) 'train_model_only' retrieved from /home/ec2-user/environment/lab4_model_training/dags/train_model_dag.py
[2026-03-26T19:49:31.331+0000] {logging_mixin.py:190} INFO - [2026-03-26T19:49:31.330+0000] {dag.py:3239} INFO - Sync 1 DAGs
[2026-03-26T19:49:31.340+0000] {logging_mixin.py:190} INFO - [2026-03-26T19:49:31.340+0000] {dag.py:4180} INFO - Setting next_dagrun for train_model_only to None, run_after=None
[2026-03-26T19:49:31.358+0000] {processor.py:208} INFO - Processing /home/ec2-user/environment/lab4_model_training/dags/train_model_dag.py took 1.467 seconds
[2026-03-26T19:50:01.459+0000] {processor.py:186} INFO - Started process (PID=6528) to work on /home/ec2-user/environment/lab4_model_training/dags/train_model_dag.py
[2026-03-26T19:50:01.459+0000] {processor.py:914} INFO - Processing file /home/ec2-user/environment/lab4_model_training/dags/train_model_dag.py for tasks to queue
[2026-03-26T19:50:01.461+0000] {logging_mixin.py:190} INFO - [2026-03-26T19:50:01.460+0000] {dagbag.py:588} INFO - Filling up the DagBag from /home/ec2-user/environment/lab4_model_training/dags/train_model_dag.py
[2026-03-26T19:50:02.854+0000] {processor.py:925} INFO - DAG(s) 'train_model_only' retrieved from /home/ec2-user/environment/lab4_model_training/dags/train_model_dag.py
[2026-03-26T19:50:02.867+0000] {logging_mixin.py:190} INFO - [2026-03-26T19:50:02.867+0000] {dag.py:3239} INFO - Sync 1 DAGs
[2026-03-26T19:50:02.881+0000] {logging_mixin.py:190} INFO - [2026-03-26T19:50:02.881+0000] {dag.py:4180} INFO - Setting next_dagrun for train_model_only to None, run_after=None
[2026-03-26T19:50:02.900+0000] {processor.py:208} INFO - Processing /home/ec2-user/environment/lab4_model_training/dags/train_model_dag.py took 1.446 seconds
[2026-03-26T19:50:33.023+0000] {processor.py:186} INFO - Started process (PID=6605) to work on /home/ec2-user/environment/lab4_model_training/dags/train_model_dag.py
[2026-03-26T19:50:33.024+0000] {processor.py:914} INFO - Processing file /home/ec2-user/environment/lab4_model_training/dags/train_model_dag.py for tasks to queue
[2026-03-26T19:50:33.026+0000] {logging_mixin.py:190} INFO - [2026-03-26T19:50:33.025+0000] {dagbag.py:588} INFO - Filling up the DagBag from /home/ec2-user/environment/lab4_model_training/dags/train_model_dag.py
[2026-03-26T19:50:34.407+0000] {processor.py:925} INFO - DAG(s) 'train_model_only' retrieved from /home/ec2-user/environment/lab4_model_training/dags/train_model_dag.py
[2026-03-26T19:50:34.420+0000] {logging_mixin.py:190} INFO - [2026-03-26T19:50:34.420+0000] {dag.py:3239} INFO - Sync 1 DAGs
[2026-03-26T19:50:34.431+0000] {logging_mixin.py:190} INFO - [2026-03-26T19:50:34.430+0000] {dag.py:4180} INFO - Setting next_dagrun for train_model_only to None, run_after=None
[2026-03-26T19:50:34.448+0000] {processor.py:208} INFO - Processing /home/ec2-user/environment/lab4_model_training/dags/train_model_dag.py took 1.430 seconds
[2026-03-26T19:51:04.592+0000] {processor.py:186} INFO - Started process (PID=6650) to work on /home/ec2-user/environment/lab4_model_training/dags/train_model_dag.py
[2026-03-26T19:51:04.593+0000] {processor.py:914} INFO - Processing file /home/ec2-user/environment/lab4_model_training/dags/train_model_dag.py for tasks to queue
[2026-03-26T19:51:04.594+0000] {logging_mixin.py:190} INFO - [2026-03-26T19:51:04.594+0000] {dagbag.py:588} INFO - Filling up the DagBag from /home/ec2-user/environment/lab4_model_training/dags/train_model_dag.py
[2026-03-26T19:51:05.983+0000] {processor.py:925} INFO - DAG(s) 'train_model_only' retrieved from /home/ec2-user/environment/lab4_model_training/dags/train_model_dag.py
[2026-03-26T19:51:05.997+0000] {logging_mixin.py:190} INFO - [2026-03-26T19:51:05.996+0000] {dag.py:3239} INFO - Sync 1 DAGs
[2026-03-26T19:51:06.008+0000] {logging_mixin.py:190} INFO - [2026-03-26T19:51:06.008+0000] {dag.py:4180} INFO - Setting next_dagrun for train_model_only to None, run_after=None
[2026-03-26T19:51:06.027+0000] {processor.py:208} INFO - Processing /home/ec2-user/environment/lab4_model_training/dags/train_model_dag.py took 1.440 seconds
[2026-03-26T19:51:44.308+0000] {processor.py:186} INFO - Started process (PID=6754) to work on /home/ec2-user/environment/lab4_model_training/dags/train_model_dag.py
[2026-03-26T19:51:44.309+0000] {processor.py:914} INFO - Processing file /home/ec2-user/environment/lab4_model_training/dags/train_model_dag.py for tasks to queue
[2026-03-26T19:51:44.310+0000] {logging_mixin.py:190} INFO - [2026-03-26T19:51:44.310+0000] {dagbag.py:588} INFO - Filling up the DagBag from /home/ec2-user/environment/lab4_model_training/dags/train_model_dag.py
[2026-03-26T19:51:45.718+0000] {processor.py:925} INFO - DAG(s) 'train_model_only' retrieved from /home/ec2-user/environment/lab4_model_training/dags/train_model_dag.py
[2026-03-26T19:51:45.732+0000] {logging_mixin.py:190} INFO - [2026-03-26T19:51:45.731+0000] {dag.py:3239} INFO - Sync 1 DAGs
[2026-03-26T19:51:45.742+0000] {logging_mixin.py:190} INFO - [2026-03-26T19:51:45.742+0000] {dag.py:4180} INFO - Setting next_dagrun for train_model_only to None, run_after=None
[2026-03-26T19:51:45.760+0000] {processor.py:208} INFO - Processing /home/ec2-user/environment/lab4_model_training/dags/train_model_dag.py took 1.457 seconds
[2026-03-26T19:52:16.399+0000] {processor.py:186} INFO - Started process (PID=6794) to work on /home/ec2-user/environment/lab4_model_training/dags/train_model_dag.py
[2026-03-26T19:52:16.399+0000] {processor.py:914} INFO - Processing file /home/ec2-user/environment/lab4_model_training/dags/train_model_dag.py for tasks to queue
[2026-03-26T19:52:16.400+0000] {logging_mixin.py:190} INFO - [2026-03-26T19:52:16.400+0000] {dagbag.py:588} INFO - Filling up the DagBag from /home/ec2-user/environment/lab4_model_training/dags/train_model_dag.py
[2026-03-26T19:52:17.766+0000] {processor.py:925} INFO - DAG(s) 'train_model_only' retrieved from /home/ec2-user/environment/lab4_model_training/dags/train_model_dag.py
[2026-03-26T19:52:17.779+0000] {logging_mixin.py:190} INFO - [2026-03-26T19:52:17.778+0000] {dag.py:3239} INFO - Sync 1 DAGs
[2026-03-26T19:52:17.789+0000] {logging_mixin.py:190} INFO - [2026-03-26T19:52:17.789+0000] {dag.py:4180} INFO - Setting next_dagrun for train_model_only to None, run_after=None
[2026-03-26T19:52:17.807+0000] {processor.py:208} INFO - Processing /home/ec2-user/environment/lab4_model_training/dags/train_model_dag.py took 1.413 seconds
[2026-03-26T19:52:48.003+0000] {processor.py:186} INFO - Started process (PID=6821) to work on /home/ec2-user/environment/lab4_model_training/dags/train_model_dag.py
[2026-03-26T19:52:48.004+0000] {processor.py:914} INFO - Processing file /home/ec2-user/environment/lab4_model_training/dags/train_model_dag.py for tasks to queue
[2026-03-26T19:52:48.005+0000] {logging_mixin.py:190} INFO - [2026-03-26T19:52:48.005+0000] {dagbag.py:588} INFO - Filling up the DagBag from /home/ec2-user/environment/lab4_model_training/dags/train_model_dag.py
[2026-03-26T19:52:49.297+0000] {processor.py:925} INFO - DAG(s) 'train_model_only' retrieved from /home/ec2-user/environment/lab4_model_training/dags/train_model_dag.py
[2026-03-26T19:52:49.311+0000] {logging_mixin.py:190} INFO - [2026-03-26T19:52:49.310+0000] {dag.py:3239} INFO - Sync 1 DAGs
[2026-03-26T19:52:49.320+0000] {logging_mixin.py:190} INFO - [2026-03-26T19:52:49.320+0000] {dag.py:4180} INFO - Setting next_dagrun for train_model_only to None, run_after=None
[2026-03-26T19:52:49.338+0000] {processor.py:208} INFO - Processing /home/ec2-user/environment/lab4_model_training/dags/train_model_dag.py took 1.340 seconds
[2026-03-26T19:53:19.519+0000] {processor.py:186} INFO - Started process (PID=6865) to work on /home/ec2-user/environment/lab4_model_training/dags/train_model_dag.py
[2026-03-26T19:53:19.521+0000] {processor.py:914} INFO - Processing file /home/ec2-user/environment/lab4_model_training/dags/train_model_dag.py for tasks to queue
[2026-03-26T19:53:19.522+0000] {logging_mixin.py:190} INFO - [2026-03-26T19:53:19.522+0000] {dagbag.py:588} INFO - Filling up the DagBag from /home/ec2-user/environment/lab4_model_training/dags/train_model_dag.py
[2026-03-26T19:53:20.831+0000] {processor.py:925} INFO - DAG(s) 'train_model_only' retrieved from /home/ec2-user/environment/lab4_model_training/dags/train_model_dag.py
[2026-03-26T19:53:20.845+0000] {logging_mixin.py:190} INFO - [2026-03-26T19:53:20.844+0000] {dag.py:3239} INFO - Sync 1 DAGs
[2026-03-26T19:53:20.854+0000] {logging_mixin.py:190} INFO - [2026-03-26T19:53:20.854+0000] {dag.py:4180} INFO - Setting next_dagrun for train_model_only to None, run_after=None
[2026-03-26T19:53:20.874+0000] {processor.py:208} INFO - Processing /home/ec2-user/environment/lab4_model_training/dags/train_model_dag.py took 1.360 seconds
[2026-03-26T19:53:51.023+0000] {processor.py:186} INFO - Started process (PID=6965) to work on /home/ec2-user/environment/lab4_model_training/dags/train_model_dag.py
[2026-03-26T19:53:51.025+0000] {processor.py:914} INFO - Processing file /home/ec2-user/environment/lab4_model_training/dags/train_model_dag.py for tasks to queue
[2026-03-26T19:53:51.026+0000] {logging_mixin.py:190} INFO - [2026-03-26T19:53:51.026+0000] {dagbag.py:588} INFO - Filling up the DagBag from /home/ec2-user/environment/lab4_model_training/dags/train_model_dag.py
[2026-03-26T19:53:52.321+0000] {processor.py:925} INFO - DAG(s) 'train_model_only' retrieved from /home/ec2-user/environment/lab4_model_training/dags/train_model_dag.py
[2026-03-26T19:53:52.334+0000] {logging_mixin.py:190} INFO - [2026-03-26T19:53:52.334+0000] {dag.py:3239} INFO - Sync 1 DAGs
[2026-03-26T19:53:52.343+0000] {logging_mixin.py:190} INFO - [2026-03-26T19:53:52.343+0000] {dag.py:4180} INFO - Setting next_dagrun for train_model_only to None, run_after=None
[2026-03-26T19:53:52.361+0000] {processor.py:208} INFO - Processing /home/ec2-user/environment/lab4_model_training/dags/train_model_dag.py took 1.343 seconds
[2026-03-26T19:54:24.175+0000] {processor.py:186} INFO - Started process (PID=7026) to work on /home/ec2-user/environment/lab4_model_training/dags/train_model_dag.py
[2026-03-26T19:54:24.176+0000] {processor.py:914} INFO - Processing file /home/ec2-user/environment/lab4_model_training/dags/train_model_dag.py for tasks to queue
[2026-03-26T19:54:24.177+0000] {logging_mixin.py:190} INFO - [2026-03-26T19:54:24.176+0000] {dagbag.py:588} INFO - Filling up the DagBag from /home/ec2-user/environment/lab4_model_training/dags/train_model_dag.py
[2026-03-26T19:54:25.464+0000] {processor.py:925} INFO - DAG(s) 'train_model_only' retrieved from /home/ec2-user/environment/lab4_model_training/dags/train_model_dag.py
[2026-03-26T19:54:25.478+0000] {logging_mixin.py:190} INFO - [2026-03-26T19:54:25.477+0000] {dag.py:3239} INFO - Sync 1 DAGs
[2026-03-26T19:54:25.487+0000] {logging_mixin.py:190} INFO - [2026-03-26T19:54:25.487+0000] {dag.py:4180} INFO - Setting next_dagrun for train_model_only to None, run_after=None
[2026-03-26T19:54:25.505+0000] {processor.py:208} INFO - Processing /home/ec2-user/environment/lab4_model_training/dags/train_model_dag.py took 1.335 seconds
[2026-03-26T19:54:55.677+0000] {processor.py:186} INFO - Started process (PID=7080) to work on /home/ec2-user/environment/lab4_model_training/dags/train_model_dag.py
[2026-03-26T19:54:55.678+0000] {processor.py:914} INFO - Processing file /home/ec2-user/environment/lab4_model_training/dags/train_model_dag.py for tasks to queue
[2026-03-26T19:54:55.680+0000] {logging_mixin.py:190} INFO - [2026-03-26T19:54:55.679+0000] {dagbag.py:588} INFO - Filling up the DagBag from /home/ec2-user/environment/lab4_model_training/dags/train_model_dag.py
[2026-03-26T19:54:56.984+0000] {processor.py:925} INFO - DAG(s) 'train_model_only' retrieved from /home/ec2-user/environment/lab4_model_training/dags/train_model_dag.py
[2026-03-26T19:54:56.997+0000] {logging_mixin.py:190} INFO - [2026-03-26T19:54:56.997+0000] {dag.py:3239} INFO - Sync 1 DAGs
[2026-03-26T19:54:57.008+0000] {logging_mixin.py:190} INFO - [2026-03-26T19:54:57.008+0000] {dag.py:4180} INFO - Setting next_dagrun for train_model_only to None, run_after=None
[2026-03-26T19:54:57.026+0000] {processor.py:208} INFO - Processing /home/ec2-user/environment/lab4_model_training/dags/train_model_dag.py took 1.354 seconds
[2026-03-26T19:55:33.114+0000] {processor.py:186} INFO - Started process (PID=7194) to work on /home/ec2-user/environment/lab4_model_training/dags/train_model_dag.py
[2026-03-26T19:55:33.115+0000] {processor.py:914} INFO - Processing file /home/ec2-user/environment/lab4_model_training/dags/train_model_dag.py for tasks to queue
[2026-03-26T19:55:33.117+0000] {logging_mixin.py:190} INFO - [2026-03-26T19:55:33.116+0000] {dagbag.py:588} INFO - Filling up the DagBag from /home/ec2-user/environment/lab4_model_training/dags/train_model_dag.py
[2026-03-26T19:55:34.431+0000] {processor.py:925} INFO - DAG(s) 'train_model_only' retrieved from /home/ec2-user/environment/lab4_model_training/dags/train_model_dag.py
[2026-03-26T19:55:34.445+0000] {logging_mixin.py:190} INFO - [2026-03-26T19:55:34.445+0000] {dag.py:3239} INFO - Sync 1 DAGs
[2026-03-26T19:55:34.456+0000] {logging_mixin.py:190} INFO - [2026-03-26T19:55:34.456+0000] {dag.py:4180} INFO - Setting next_dagrun for train_model_only to None, run_after=None
[2026-03-26T19:55:34.474+0000] {processor.py:208} INFO - Processing /home/ec2-user/environment/lab4_model_training/dags/train_model_dag.py took 1.365 seconds
[2026-03-26T19:56:04.530+0000] {processor.py:186} INFO - Started process (PID=7232) to work on /home/ec2-user/environment/lab4_model_training/dags/train_model_dag.py
[2026-03-26T19:56:04.531+0000] {processor.py:914} INFO - Processing file /home/ec2-user/environment/lab4_model_training/dags/train_model_dag.py for tasks to queue
[2026-03-26T19:56:04.532+0000] {logging_mixin.py:190} INFO - [2026-03-26T19:56:04.532+0000] {dagbag.py:588} INFO - Filling up the DagBag from /home/ec2-user/environment/lab4_model_training/dags/train_model_dag.py
[2026-03-26T19:56:05.807+0000] {processor.py:925} INFO - DAG(s) 'train_model_only' retrieved from /home/ec2-user/environment/lab4_model_training/dags/train_model_dag.py
[2026-03-26T19:56:05.820+0000] {logging_mixin.py:190} INFO - [2026-03-26T19:56:05.820+0000] {dag.py:3239} INFO - Sync 1 DAGs
[2026-03-26T19:56:05.830+0000] {logging_mixin.py:190} INFO - [2026-03-26T19:56:05.830+0000] {dag.py:4180} INFO - Setting next_dagrun for train_model_only to None, run_after=None
[2026-03-26T19:56:05.848+0000] {processor.py:208} INFO - Processing /home/ec2-user/environment/lab4_model_training/dags/train_model_dag.py took 1.323 seconds
[2026-03-26T19:56:36.068+0000] {processor.py:186} INFO - Started process (PID=7303) to work on /home/ec2-user/environment/lab4_model_training/dags/train_model_dag.py
[2026-03-26T19:56:36.070+0000] {processor.py:914} INFO - Processing file /home/ec2-user/environment/lab4_model_training/dags/train_model_dag.py for tasks to queue
[2026-03-26T19:56:36.072+0000] {logging_mixin.py:190} INFO - [2026-03-26T19:56:36.072+0000] {dagbag.py:588} INFO - Filling up the DagBag from /home/ec2-user/environment/lab4_model_training/dags/train_model_dag.py
[2026-03-26T19:56:37.422+0000] {processor.py:925} INFO - DAG(s) 'train_model_only' retrieved from /home/ec2-user/environment/lab4_model_training/dags/train_model_dag.py
[2026-03-26T19:56:37.438+0000] {logging_mixin.py:190} INFO - [2026-03-26T19:56:37.437+0000] {dag.py:3239} INFO - Sync 1 DAGs
[2026-03-26T19:56:37.448+0000] {logging_mixin.py:190} INFO - [2026-03-26T19:56:37.447+0000] {dag.py:4180} INFO - Setting next_dagrun for train_model_only to None, run_after=None
[2026-03-26T19:56:37.467+0000] {processor.py:208} INFO - Processing /home/ec2-user/environment/lab4_model_training/dags/train_model_dag.py took 1.404 seconds
[2026-03-26T19:57:08.024+0000] {processor.py:186} INFO - Started process (PID=7397) to work on /home/ec2-user/environment/lab4_model_training/dags/train_model_dag.py
[2026-03-26T19:57:08.026+0000] {processor.py:914} INFO - Processing file /home/ec2-user/environment/lab4_model_training/dags/train_model_dag.py for tasks to queue
[2026-03-26T19:57:08.027+0000] {logging_mixin.py:190} INFO - [2026-03-26T19:57:08.027+0000] {dagbag.py:588} INFO - Filling up the DagBag from /home/ec2-user/environment/lab4_model_training/dags/train_model_dag.py
[2026-03-26T19:57:09.368+0000] {processor.py:925} INFO - DAG(s) 'train_model_only' retrieved from /home/ec2-user/environment/lab4_model_training/dags/train_model_dag.py
[2026-03-26T19:57:09.383+0000] {logging_mixin.py:190} INFO - [2026-03-26T19:57:09.383+0000] {dag.py:3239} INFO - Sync 1 DAGs
[2026-03-26T19:57:09.393+0000] {logging_mixin.py:190} INFO - [2026-03-26T19:57:09.392+0000] {dag.py:4180} INFO - Setting next_dagrun for train_model_only to None, run_after=None
[2026-03-26T19:57:09.410+0000] {processor.py:208} INFO - Processing /home/ec2-user/environment/lab4_model_training/dags/train_model_dag.py took 1.391 seconds
[2026-03-26T19:57:40.141+0000] {processor.py:186} INFO - Started process (PID=7482) to work on /home/ec2-user/environment/lab4_model_training/dags/train_model_dag.py
[2026-03-26T19:57:40.141+0000] {processor.py:914} INFO - Processing file /home/ec2-user/environment/lab4_model_training/dags/train_model_dag.py for tasks to queue
[2026-03-26T19:57:40.143+0000] {logging_mixin.py:190} INFO - [2026-03-26T19:57:40.142+0000] {dagbag.py:588} INFO - Filling up the DagBag from /home/ec2-user/environment/lab4_model_training/dags/train_model_dag.py
[2026-03-26T19:57:41.429+0000] {processor.py:925} INFO - DAG(s) 'train_model_only' retrieved from /home/ec2-user/environment/lab4_model_training/dags/train_model_dag.py
[2026-03-26T19:57:41.443+0000] {logging_mixin.py:190} INFO - [2026-03-26T19:57:41.443+0000] {dag.py:3239} INFO - Sync 1 DAGs
[2026-03-26T19:57:41.452+0000] {logging_mixin.py:190} INFO - [2026-03-26T19:57:41.452+0000] {dag.py:4180} INFO - Setting next_dagrun for train_model_only to None, run_after=None
[2026-03-26T19:57:41.469+0000] {processor.py:208} INFO - Processing /home/ec2-user/environment/lab4_model_training/dags/train_model_dag.py took 1.335 seconds
[2026-03-26T19:58:11.615+0000] {processor.py:186} INFO - Started process (PID=7520) to work on /home/ec2-user/environment/lab4_model_training/dags/train_model_dag.py
[2026-03-26T19:58:11.615+0000] {processor.py:914} INFO - Processing file /home/ec2-user/environment/lab4_model_training/dags/train_model_dag.py for tasks to queue
[2026-03-26T19:58:11.617+0000] {logging_mixin.py:190} INFO - [2026-03-26T19:58:11.616+0000] {dagbag.py:588} INFO - Filling up the DagBag from /home/ec2-user/environment/lab4_model_training/dags/train_model_dag.py
[2026-03-26T19:58:12.897+0000] {processor.py:925} INFO - DAG(s) 'train_model_only' retrieved from /home/ec2-user/environment/lab4_model_training/dags/train_model_dag.py
[2026-03-26T19:58:12.910+0000] {logging_mixin.py:190} INFO - [2026-03-26T19:58:12.909+0000] {dag.py:3239} INFO - Sync 1 DAGs
[2026-03-26T19:58:12.919+0000] {logging_mixin.py:190} INFO - [2026-03-26T19:58:12.919+0000] {dag.py:4180} INFO - Setting next_dagrun for train_model_only to None, run_after=None
[2026-03-26T19:58:12.936+0000] {processor.py:208} INFO - Processing /home/ec2-user/environment/lab4_model_training/dags/train_model_dag.py took 1.328 seconds
[2026-03-26T19:58:43.089+0000] {processor.py:186} INFO - Started process (PID=7600) to work on /home/ec2-user/environment/lab4_model_training/dags/train_model_dag.py
[2026-03-26T19:58:43.090+0000] {processor.py:914} INFO - Processing file /home/ec2-user/environment/lab4_model_training/dags/train_model_dag.py for tasks to queue
[2026-03-26T19:58:43.091+0000] {logging_mixin.py:190} INFO - [2026-03-26T19:58:43.091+0000] {dagbag.py:588} INFO - Filling up the DagBag from /home/ec2-user/environment/lab4_model_training/dags/train_model_dag.py
[2026-03-26T19:58:44.424+0000] {processor.py:925} INFO - DAG(s) 'train_model_only' retrieved from /home/ec2-user/environment/lab4_model_training/dags/train_model_dag.py
[2026-03-26T19:58:44.438+0000] {logging_mixin.py:190} INFO - [2026-03-26T19:58:44.437+0000] {dag.py:3239} INFO - Sync 1 DAGs
[2026-03-26T19:58:44.447+0000] {logging_mixin.py:190} INFO - [2026-03-26T19:58:44.447+0000] {dag.py:4180} INFO - Setting next_dagrun for train_model_only to None, run_after=None
[2026-03-26T19:58:44.466+0000] {processor.py:208} INFO - Processing /home/ec2-user/environment/lab4_model_training/dags/train_model_dag.py took 1.383 seconds
[2026-03-26T19:59:14.574+0000] {processor.py:186} INFO - Started process (PID=7639) to work on /home/ec2-user/environment/lab4_model_training/dags/train_model_dag.py
[2026-03-26T19:59:14.575+0000] {processor.py:914} INFO - Processing file /home/ec2-user/environment/lab4_model_training/dags/train_model_dag.py for tasks to queue
[2026-03-26T19:59:14.576+0000] {logging_mixin.py:190} INFO - [2026-03-26T19:59:14.576+0000] {dagbag.py:588} INFO - Filling up the DagBag from /home/ec2-user/environment/lab4_model_training/dags/train_model_dag.py
[2026-03-26T19:59:15.853+0000] {processor.py:925} INFO - DAG(s) 'train_model_only' retrieved from /home/ec2-user/environment/lab4_model_training/dags/train_model_dag.py
[2026-03-26T19:59:15.867+0000] {logging_mixin.py:190} INFO - [2026-03-26T19:59:15.867+0000] {dag.py:3239} INFO - Sync 1 DAGs
[2026-03-26T19:59:15.880+0000] {logging_mixin.py:190} INFO - [2026-03-26T19:59:15.880+0000] {dag.py:4180} INFO - Setting next_dagrun for train_model_only to None, run_after=None
[2026-03-26T19:59:15.898+0000] {processor.py:208} INFO - Processing /home/ec2-user/environment/lab4_model_training/dags/train_model_dag.py took 1.329 seconds
[2026-03-26T19:59:46.045+0000] {processor.py:186} INFO - Started process (PID=7665) to work on /home/ec2-user/environment/lab4_model_training/dags/train_model_dag.py
[2026-03-26T19:59:46.046+0000] {processor.py:914} INFO - Processing file /home/ec2-user/environment/lab4_model_training/dags/train_model_dag.py for tasks to queue
[2026-03-26T19:59:46.048+0000] {logging_mixin.py:190} INFO - [2026-03-26T19:59:46.047+0000] {dagbag.py:588} INFO - Filling up the DagBag from /home/ec2-user/environment/lab4_model_training/dags/train_model_dag.py
[2026-03-26T19:59:47.345+0000] {processor.py:925} INFO - DAG(s) 'train_model_only' retrieved from /home/ec2-user/environment/lab4_model_training/dags/train_model_dag.py
[2026-03-26T19:59:47.358+0000] {logging_mixin.py:190} INFO - [2026-03-26T19:59:47.358+0000] {dag.py:3239} INFO - Sync 1 DAGs
[2026-03-26T19:59:47.367+0000] {logging_mixin.py:190} INFO - [2026-03-26T19:59:47.367+0000] {dag.py:4180} INFO - Setting next_dagrun for train_model_only to None, run_after=None
[2026-03-26T19:59:47.385+0000] {processor.py:208} INFO - Processing /home/ec2-user/environment/lab4_model_training/dags/train_model_dag.py took 1.345 seconds
[2026-03-26T20:00:17.527+0000] {processor.py:186} INFO - Started process (PID=7794) to work on /home/ec2-user/environment/lab4_model_training/dags/train_model_dag.py
[2026-03-26T20:00:17.527+0000] {processor.py:914} INFO - Processing file /home/ec2-user/environment/lab4_model_training/dags/train_model_dag.py for tasks to queue
[2026-03-26T20:00:17.529+0000] {logging_mixin.py:190} INFO - [2026-03-26T20:00:17.528+0000] {dagbag.py:588} INFO - Filling up the DagBag from /home/ec2-user/environment/lab4_model_training/dags/train_model_dag.py
[2026-03-26T20:00:18.833+0000] {processor.py:925} INFO - DAG(s) 'train_model_only' retrieved from /home/ec2-user/environment/lab4_model_training/dags/train_model_dag.py
[2026-03-26T20:00:18.847+0000] {logging_mixin.py:190} INFO - [2026-03-26T20:00:18.846+0000] {dag.py:3239} INFO - Sync 1 DAGs
[2026-03-26T20:00:18.857+0000] {logging_mixin.py:190} INFO - [2026-03-26T20:00:18.857+0000] {dag.py:4180} INFO - Setting next_dagrun for train_model_only to None, run_after=None
[2026-03-26T20:00:18.875+0000] {processor.py:208} INFO - Processing /home/ec2-user/environment/lab4_model_training/dags/train_model_dag.py took 1.355 seconds
